
*** Running vivado
    with args -log design_1_compar_tc_0_1.vds -m64 -product Vivado -mode batch -messageDb vivado.pb -notrace -source design_1_compar_tc_0_1.tcl



****** Vivado v2024.2 (64-bit)
  **** SW Build 5239630 on Fri Nov 08 22:35:27 MST 2024
  **** IP Build 5239520 on Sun Nov 10 16:12:51 MST 2024
  **** SharedData Build 5239561 on Fri Nov 08 14:39:27 MST 2024
  **** Start of session at: Fri May  2 16:34:36 2025
    ** Copyright 1986-2022 Xilinx, Inc. All Rights Reserved.
    ** Copyright 2022-2024 Advanced Micro Devices, Inc. All Rights Reserved.

source design_1_compar_tc_0_1.tcl -notrace
INFO: [IP_Flow 19-234] Refreshing IP repositories
INFO: [IP_Flow 19-1700] Loaded user IP repository 'c:/Users/Angel/Desktop/hil/amc/fpga/ip_amc'.
INFO: [IP_Flow 19-1700] Loaded user IP repository 'c:/Users/Angel/Desktop/hil/ips/comparator'.
INFO: [IP_Flow 19-1700] Loaded user IP repository 'c:/Users/Angel/Desktop/hil/pfc3ph/ips/sine_gen2/sine_gen'.
INFO: [IP_Flow 19-1700] Loaded user IP repository 'c:/Users/Angel/Desktop/hil/pfc3ph/matlab/sim/hdl_prj2/hdlsrc'.
INFO: [IP_Flow 19-1700] Loaded user IP repository 'c:/Users/Angel/Desktop/hil/ips/MCP_DRIVER'.
INFO: [IP_Flow 19-2313] Loaded Vivado IP repository 'C:/Xilinx/Vivado/2024.2/data/ip'.
INFO: [IP_Flow 19-6924] IPCACHE: Running cache check for IP inst: design_1_compar_tc_0_1
Command: synth_design -top design_1_compar_tc_0_1 -part xc7s25csga225-1 -incremental_mode off -mode out_of_context
Starting synth_design
Attempting to get a license for feature 'Synthesis' and/or device 'xc7s25'
INFO: [Common 17-349] Got license for feature 'Synthesis' and/or device 'xc7s25'
INFO: [Device 21-403] Loading part xc7s25csga225-1
INFO: [Synth 8-7079] Multithreading enabled for synth_design using a maximum of 2 processes.
INFO: [Synth 8-7078] Launching helper process for spawning children vivado processes
INFO: [Synth 8-7075] Helper process launched with PID 10628
---------------------------------------------------------------------------------
Starting RTL Elaboration : Time (s): cpu = 00:00:03 ; elapsed = 00:00:03 . Memory (MB): peak = 1119.578 ; gain = 466.062
---------------------------------------------------------------------------------
INFO: [Synth 8-6157] synthesizing module 'design_1_compar_tc_0_1' [c:/Users/Angel/Desktop/hil/pfc3ph/vivado_lite/pfc_3ph_lite.gen/sources_1/bd/design_1/ip/design_1_compar_tc_0_1/synth/design_1_compar_tc_0_1.v:53]
INFO: [Synth 8-6157] synthesizing module 'compar' [c:/Users/Angel/Desktop/hil/pfc3ph/vivado_lite/pfc_3ph_lite.gen/sources_1/bd/design_1/ipshared/cb43/compar.v:29]
INFO: [Synth 8-6157] synthesizing module 'comp' [c:/Users/Angel/Desktop/hil/pfc3ph/vivado_lite/pfc_3ph_lite.gen/sources_1/bd/design_1/ipshared/cb43/comp.v:22]
INFO: [Synth 8-6155] done synthesizing module 'comp' (0#1) [c:/Users/Angel/Desktop/hil/pfc3ph/vivado_lite/pfc_3ph_lite.gen/sources_1/bd/design_1/ipshared/cb43/comp.v:22]
INFO: [Synth 8-6155] done synthesizing module 'compar' (0#1) [c:/Users/Angel/Desktop/hil/pfc3ph/vivado_lite/pfc_3ph_lite.gen/sources_1/bd/design_1/ipshared/cb43/compar.v:29]
INFO: [Synth 8-6155] done synthesizing module 'design_1_compar_tc_0_1' (0#1) [c:/Users/Angel/Desktop/hil/pfc3ph/vivado_lite/pfc_3ph_lite.gen/sources_1/bd/design_1/ip/design_1_compar_tc_0_1/synth/design_1_compar_tc_0_1.v:53]
---------------------------------------------------------------------------------
Finished RTL Elaboration : Time (s): cpu = 00:00:04 ; elapsed = 00:00:04 . Memory (MB): peak = 1226.980 ; gain = 573.465
---------------------------------------------------------------------------------
---------------------------------------------------------------------------------
Start Handling Custom Attributes
---------------------------------------------------------------------------------
---------------------------------------------------------------------------------
Finished Handling Custom Attributes : Time (s): cpu = 00:00:04 ; elapsed = 00:00:04 . Memory (MB): peak = 1226.980 ; gain = 573.465
---------------------------------------------------------------------------------
---------------------------------------------------------------------------------
Finished RTL Optimization Phase 1 : Time (s): cpu = 00:00:04 ; elapsed = 00:00:04 . Memory (MB): peak = 1226.980 ; gain = 573.465
---------------------------------------------------------------------------------
Netlist sorting complete. Time (s): cpu = 00:00:00 ; elapsed = 00:00:00 . Memory (MB): peak = 1226.980 ; gain = 0.000
INFO: [Project 1-570] Preparing netlist for logic optimization

Processing XDC Constraints
Initializing timing engine
Parsing XDC File [c:/Users/Angel/Desktop/hil/pfc3ph/vivado_lite/pfc_3ph_lite.gen/sources_1/bd/design_1/ip/design_1_compar_tc_0_1/clock_constraint.xdc] for cell 'inst'
WARNING: [Vivado 12-584] No ports matched 'clk'. [c:/Users/Angel/Desktop/hil/pfc3ph/vivado_lite/pfc_3ph_lite.gen/sources_1/bd/design_1/ip/design_1_compar_tc_0_1/clock_constraint.xdc:4]
CRITICAL WARNING: [Vivado 12-4739] create_clock:No valid object(s) found for '-objects [get_ports clk]'. [c:/Users/Angel/Desktop/hil/pfc3ph/vivado_lite/pfc_3ph_lite.gen/sources_1/bd/design_1/ip/design_1_compar_tc_0_1/clock_constraint.xdc:4]
Resolution: Check if the specified object(s) exists in the current design. If it does, ensure that the correct design hierarchy was specified for the object. If you are working with clocks, make sure create_clock was used to create the clock object before it is referenced.
Finished Parsing XDC File [c:/Users/Angel/Desktop/hil/pfc3ph/vivado_lite/pfc_3ph_lite.gen/sources_1/bd/design_1/ip/design_1_compar_tc_0_1/clock_constraint.xdc] for cell 'inst'
Parsing XDC File [C:/Users/Angel/Desktop/hil/pfc3ph/vivado_lite/pfc_3ph_lite.runs/design_1_compar_tc_0_1_synth_1/dont_touch.xdc]
Finished Parsing XDC File [C:/Users/Angel/Desktop/hil/pfc3ph/vivado_lite/pfc_3ph_lite.runs/design_1_compar_tc_0_1_synth_1/dont_touch.xdc]
Completed Processing XDC Constraints

Netlist sorting complete. Time (s): cpu = 00:00:00 ; elapsed = 00:00:00.001 . Memory (MB): peak = 1228.281 ; gain = 0.000
INFO: [Project 1-111] Unisim Transformation Summary:
No Unisim elements were transformed.

Constraint Validation Runtime : Time (s): cpu = 00:00:00 ; elapsed = 00:00:00.009 . Memory (MB): peak = 1229.504 ; gain = 1.223
INFO: [Designutils 20-5008] Incremental synthesis strategy off
---------------------------------------------------------------------------------
Finished Constraint Validation : Time (s): cpu = 00:00:07 ; elapsed = 00:00:07 . Memory (MB): peak = 1229.504 ; gain = 575.988
---------------------------------------------------------------------------------
---------------------------------------------------------------------------------
Start Loading Part and Timing Information
---------------------------------------------------------------------------------
Loading part: xc7s25csga225-1
---------------------------------------------------------------------------------
Finished Loading Part and Timing Information : Time (s): cpu = 00:00:07 ; elapsed = 00:00:07 . Memory (MB): peak = 1229.504 ; gain = 575.988
---------------------------------------------------------------------------------
---------------------------------------------------------------------------------
Start Applying 'set_property' XDC Constraints
---------------------------------------------------------------------------------
Applied set_property KEEP_HIERARCHY = SOFT for inst. (constraint file  C:/Users/Angel/Desktop/hil/pfc3ph/vivado_lite/pfc_3ph_lite.runs/design_1_compar_tc_0_1_synth_1/dont_touch.xdc, line 9).
---------------------------------------------------------------------------------
Finished applying 'set_property' XDC Constraints : Time (s): cpu = 00:00:07 ; elapsed = 00:00:07 . Memory (MB): peak = 1229.504 ; gain = 575.988
---------------------------------------------------------------------------------
---------------------------------------------------------------------------------
Finished RTL Optimization Phase 2 : Time (s): cpu = 00:00:07 ; elapsed = 00:00:08 . Memory (MB): peak = 1229.504 ; gain = 575.988
---------------------------------------------------------------------------------
---------------------------------------------------------------------------------
Start RTL Component Statistics 
---------------------------------------------------------------------------------
Detailed RTL Component Info : 
---------------------------------------------------------------------------------
Finished RTL Component Statistics 
---------------------------------------------------------------------------------
---------------------------------------------------------------------------------
Start Part Resource Summary
---------------------------------------------------------------------------------
Part Resources:
DSPs: 80 (col length:40)
BRAMs: 90 (col length: RAMB18 40 RAMB36 20)
---------------------------------------------------------------------------------
Finished Part Resource Summary
---------------------------------------------------------------------------------
---------------------------------------------------------------------------------
Start Cross Boundary and Area Optimization
---------------------------------------------------------------------------------
WARNING: [Synth 8-7080] Parallel synthesis criteria is not met
---------------------------------------------------------------------------------
Finished Cross Boundary and Area Optimization : Time (s): cpu = 00:00:08 ; elapsed = 00:00:08 . Memory (MB): peak = 1247.043 ; gain = 593.527
---------------------------------------------------------------------------------
---------------------------------------------------------------------------------
Start Applying XDC Timing Constraints
---------------------------------------------------------------------------------
---------------------------------------------------------------------------------
Finished Applying XDC Timing Constraints : Time (s): cpu = 00:00:11 ; elapsed = 00:00:11 . Memory (MB): peak = 1404.391 ; gain = 750.875
---------------------------------------------------------------------------------
---------------------------------------------------------------------------------
Start Timing Optimization
---------------------------------------------------------------------------------
---------------------------------------------------------------------------------
Finished Timing Optimization : Time (s): cpu = 00:00:11 ; elapsed = 00:00:11 . Memory (MB): peak = 1404.465 ; gain = 750.949
---------------------------------------------------------------------------------
---------------------------------------------------------------------------------
Start Technology Mapping
---------------------------------------------------------------------------------
---------------------------------------------------------------------------------
Finished Technology Mapping : Time (s): cpu = 00:00:11 ; elapsed = 00:00:11 . Memory (MB): peak = 1414.039 ; gain = 760.523
---------------------------------------------------------------------------------
---------------------------------------------------------------------------------
Start IO Insertion
---------------------------------------------------------------------------------
---------------------------------------------------------------------------------
Start Flattening Before IO Insertion
---------------------------------------------------------------------------------
---------------------------------------------------------------------------------
Finished Flattening Before IO Insertion
---------------------------------------------------------------------------------
---------------------------------------------------------------------------------
Start Final Netlist Cleanup
---------------------------------------------------------------------------------
---------------------------------------------------------------------------------
Finished Final Netlist Cleanup
---------------------------------------------------------------------------------
---------------------------------------------------------------------------------
Finished IO Insertion : Time (s): cpu = 00:00:13 ; elapsed = 00:00:13 . Memory (MB): peak = 1630.883 ; gain = 977.367
---------------------------------------------------------------------------------
---------------------------------------------------------------------------------
Start Renaming Generated Instances
---------------------------------------------------------------------------------
---------------------------------------------------------------------------------
Finished Renaming Generated Instances : Time (s): cpu = 00:00:13 ; elapsed = 00:00:13 . Memory (MB): peak = 1630.883 ; gain = 977.367
---------------------------------------------------------------------------------
---------------------------------------------------------------------------------
Start Rebuilding User Hierarchy
---------------------------------------------------------------------------------
---------------------------------------------------------------------------------
Finished Rebuilding User Hierarchy : Time (s): cpu = 00:00:13 ; elapsed = 00:00:13 . Memory (MB): peak = 1630.883 ; gain = 977.367
---------------------------------------------------------------------------------
---------------------------------------------------------------------------------
Start Renaming Generated Ports
---------------------------------------------------------------------------------
---------------------------------------------------------------------------------
Finished Renaming Generated Ports : Time (s): cpu = 00:00:13 ; elapsed = 00:00:13 . Memory (MB): peak = 1630.883 ; gain = 977.367
---------------------------------------------------------------------------------
---------------------------------------------------------------------------------
Start Handling Custom Attributes
---------------------------------------------------------------------------------
---------------------------------------------------------------------------------
Finished Handling Custom Attributes : Time (s): cpu = 00:00:13 ; elapsed = 00:00:13 . Memory (MB): peak = 1630.883 ; gain = 977.367
---------------------------------------------------------------------------------
---------------------------------------------------------------------------------
Start Renaming Generated Nets
---------------------------------------------------------------------------------
---------------------------------------------------------------------------------
Finished Renaming Generated Nets : Time (s): cpu = 00:00:13 ; elapsed = 00:00:13 . Memory (MB): peak = 1630.883 ; gain = 977.367
---------------------------------------------------------------------------------
---------------------------------------------------------------------------------
Start Writing Synthesis Report
---------------------------------------------------------------------------------

Report BlackBoxes: 
+-+--------------+----------+
| |BlackBox name |Instances |
+-+--------------+----------+
+-+--------------+----------+

Report Cell Usage: 
+------+-------+------+
|      |Cell   |Count |
+------+-------+------+
|1     |CARRY4 |     2|
|2     |LUT4   |    16|
+------+-------+------+
---------------------------------------------------------------------------------
Finished Writing Synthesis Report : Time (s): cpu = 00:00:13 ; elapsed = 00:00:13 . Memory (MB): peak = 1630.883 ; gain = 977.367
---------------------------------------------------------------------------------
Synthesis finished with 0 errors, 0 critical warnings and 1 warnings.
Synthesis Optimization Runtime : Time (s): cpu = 00:00:09 ; elapsed = 00:00:12 . Memory (MB): peak = 1630.883 ; gain = 974.844
Synthesis Optimization Complete : Time (s): cpu = 00:00:13 ; elapsed = 00:00:13 . Memory (MB): peak = 1630.883 ; gain = 977.367
INFO: [Project 1-571] Translating synthesized netlist
Netlist sorting complete. Time (s): cpu = 00:00:00 ; elapsed = 00:00:00 . Memory (MB): peak = 1630.883 ; gain = 0.000
INFO: [Netlist 29-17] Analyzing 2 Unisim elements for replacement
INFO: [Netlist 29-28] Unisim Transformation completed in 0 CPU seconds
INFO: [Project 1-570] Preparing netlist for logic optimization
INFO: [Opt 31-138] Pushed 0 inverter(s) to 0 load pin(s).
Netlist sorting complete. Time (s): cpu = 00:00:00 ; elapsed = 00:00:00 . Memory (MB): peak = 1630.883 ; gain = 0.000
INFO: [Project 1-111] Unisim Transformation Summary:
No Unisim elements were transformed.

Synth Design complete | Checksum: fe4534f9
INFO: [Common 17-83] Releasing license: Synthesis
29 Infos, 2 Warnings, 1 Critical Warnings and 0 Errors encountered.
synth_design completed successfully
synth_design: Time (s): cpu = 00:00:14 ; elapsed = 00:00:15 . Memory (MB): peak = 1630.883 ; gain = 1132.082
Write ShapeDB Complete: Time (s): cpu = 00:00:00 ; elapsed = 00:00:00 . Memory (MB): peak = 1630.883 ; gain = 0.000
INFO: [Common 17-1381] The checkpoint 'C:/Users/Angel/Desktop/hil/pfc3ph/vivado_lite/pfc_3ph_lite.runs/design_1_compar_tc_0_1_synth_1/design_1_compar_tc_0_1.dcp' has been generated.
INFO: [runtcl-6] Synthesis results are not added to the cache due to CRITICAL_WARNING
INFO: [Coretcl 2-1174] Renamed 2 cell refs.
Write ShapeDB Complete: Time (s): cpu = 00:00:00 ; elapsed = 00:00:00.001 . Memory (MB): peak = 1630.883 ; gain = 0.000
INFO: [Common 17-1381] The checkpoint 'C:/Users/Angel/Desktop/hil/pfc3ph/vivado_lite/pfc_3ph_lite.runs/design_1_compar_tc_0_1_synth_1/design_1_compar_tc_0_1.dcp' has been generated.
INFO: [Vivado 12-24828] Executing command : report_utilization -file design_1_compar_tc_0_1_utilization_synth.rpt -pb design_1_compar_tc_0_1_utilization_synth.pb
INFO: [Common 17-206] Exiting Vivado at Fri May  2 16:34:57 2025...
