Copyright 1986-2022 Xilinx, Inc. All Rights Reserved. Copyright 2022-2024 Advanced Micro Devices, Inc. All Rights Reserved.
---------------------------------------------------------------------------------------------------------------------------------------------
| Tool Version : Vivado v.2024.2 (win64) Build 5239630 Fri Nov 08 22:35:27 MST 2024
| Date         : Tue Apr 29 18:38:52 2025
| Host         : AngelPC running 64-bit major release  (build 9200)
| Command      : upgrade_ip
| Device       : xc7s25csga225-1
---------------------------------------------------------------------------------------------------------------------------------------------

Upgrade Log for IP 'design_1_PFC3PH_0_0'

1. Summary
----------

SUCCESS in the update of design_1_PFC3PH_0_0 (xilinx.com:user:PFC3PH:1.0 (Rev. 27)) to current project options.






Copyright 1986-2022 Xilinx, Inc. All Rights Reserved. Copyright 2022-2024 Advanced Micro Devices, Inc. All Rights Reserved.
---------------------------------------------------------------------------------------------------------------------------------------------
| Tool Version : Vivado v.2024.2 (win64) Build 5239630 Fri Nov 08 22:35:27 MST 2024
| Date         : Tue Apr 29 18:38:42 2025
| Host         : AngelPC running 64-bit major release  (build 9200)
| Command      : upgrade_ip
| Device       : xc7s25csga225-1
---------------------------------------------------------------------------------------------------------------------------------------------

Upgrade Log for IP 'design_1_PFC3PH_0_0'

1. Summary
----------

SUCCESS in the upgrade of design_1_PFC3PH_0_0 (xilinx.com:user:PFC3PH:1.0) from (Rev. 26) to (Rev. 27)






Copyright 1986-2022 Xilinx, Inc. All Rights Reserved. Copyright 2022-2024 Advanced Micro Devices, Inc. All Rights Reserved.
---------------------------------------------------------------------------------------------------------------------------------------------
| Tool Version : Vivado v.2024.2 (win64) Build 5239630 Fri Nov 08 22:35:27 MST 2024
| Date         : Tue Apr 29 18:38:20 2025
| Host         : AngelPC running 64-bit major release  (build 9200)
| Command      : upgrade_ip
| Device       : xc7s25csga225-1
---------------------------------------------------------------------------------------------------------------------------------------------

Upgrade Log for IP 'design_1_PFC3PH_0_0'

1. Summary
----------

SUCCESS in the update of design_1_PFC3PH_0_0 (xilinx.com:user:PFC3PH:1.0 (Rev. 26)) to current project options.






Copyright 1986-2022 Xilinx, Inc. All Rights Reserved. Copyright 2022-2024 Advanced Micro Devices, Inc. All Rights Reserved.
---------------------------------------------------------------------------------------------------------------------------------------------
| Tool Version : Vivado v.2024.2 (win64) Build 5239630 Fri Nov 08 22:35:27 MST 2024
| Date         : Tue Apr 29 18:22:29 2025
| Host         : AngelPC running 64-bit major release  (build 9200)
| Command      : upgrade_ip
| Device       : xc7s25csga225-1
---------------------------------------------------------------------------------------------------------------------------------------------

Upgrade Log for IP 'design_1_MCP_DRIVER_0_0'

1. Summary
----------

SUCCESS in the update of design_1_MCP_DRIVER_0_0 (xilinx.com:user:MCP_DRIVER:1.0 (Rev. 11)) to current project options.






Copyright 1986-2022 Xilinx, Inc. All Rights Reserved. Copyright 2022-2024 Advanced Micro Devices, Inc. All Rights Reserved.
---------------------------------------------------------------------------------------------------------------------------------------------
| Tool Version : Vivado v.2024.2 (win64) Build 5239630 Fri Nov 08 22:35:27 MST 2024
| Date         : Mon Apr 21 12:36:17 2025
| Host         : AngelPC running 64-bit major release  (build 9200)
| Command      : upgrade_ip
| Device       : xc7s25csga225-1
---------------------------------------------------------------------------------------------------------------------------------------------

Upgrade Log for IP 'design_1_MCP_DRIVER_0_0'

1. Summary
----------

SUCCESS in the update of design_1_MCP_DRIVER_0_0 (xilinx.com:user:MCP_DRIVER:1.0 (Rev. 11)) to current project options.






Copyright 1986-2022 Xilinx, Inc. All Rights Reserved. Copyright 2022-2024 Advanced Micro Devices, Inc. All Rights Reserved.
---------------------------------------------------------------------------------------------------------------------------------------------
| Tool Version : Vivado v.2024.2 (win64) Build 5239630 Fri Nov 08 22:35:27 MST 2024
| Date         : Mon Apr 21 12:35:47 2025
| Host         : AngelPC running 64-bit major release  (build 9200)
| Command      : upgrade_ip
| Device       : xc7s25csga225-1
---------------------------------------------------------------------------------------------------------------------------------------------

Upgrade Log for IP 'design_1_MCP_DRIVER_0_0'

1. Summary
----------

CAUTION (success, with warnings) in the upgrade of design_1_MCP_DRIVER_0_0 (xilinx.com:user:MCP_DRIVER:1.0) from (Rev. 10) to (Rev. 11)

After upgrade, an IP may have parameter and port differences compared to the original customization. Please review the parameters within the IP customization GUI to ensure proper functionality. Also, please review the updated IP instantiation template to ensure proper connectivity, and update your design if required.

2. Connection Warnings
----------------------

Detected external port differences while upgrading 'design_1_MCP_DRIVER_0_0'. These changes may impact your design.


-Upgrade has added port 'nCS4'

-Upgrade has added port 'v4_1'

-Upgrade has added port 'v4_2'







Copyright 1986-2022 Xilinx, Inc. All Rights Reserved. Copyright 2022-2024 Advanced Micro Devices, Inc. All Rights Reserved.
---------------------------------------------------------------------------------------------------------------------------------------------
| Tool Version : Vivado v.2024.2 (win64) Build 5239630 Fri Nov 08 22:35:27 MST 2024
| Date         : Mon Apr 21 12:35:23 2025
| Host         : AngelPC running 64-bit major release  (build 9200)
| Command      : upgrade_ip
| Device       : xc7s25csga225-1
---------------------------------------------------------------------------------------------------------------------------------------------

Upgrade Log for IP 'design_1_MCP_DRIVER_0_0'

1. Summary
----------

SUCCESS in the update of design_1_MCP_DRIVER_0_0 (xilinx.com:user:MCP_DRIVER:1.0 (Rev. 10)) to current project options.






Copyright 1986-2022 Xilinx, Inc. All Rights Reserved. Copyright 2022-2024 Advanced Micro Devices, Inc. All Rights Reserved.
---------------------------------------------------------------------------------------------------------------------------------------------
| Tool Version : Vivado v.2024.2 (win64) Build 5239630 Fri Nov 08 22:35:27 MST 2024
| Date         : Mon Apr 21 11:40:03 2025
| Host         : AngelPC running 64-bit major release  (build 9200)
| Command      : upgrade_ip
| Device       : xc7s25csga225-1
---------------------------------------------------------------------------------------------------------------------------------------------

Upgrade Log for IP 'design_1_amc_simulator_1_0'

1. Summary
----------

CAUTION (success, with warnings) in the upgrade of design_1_amc_simulator_1_0 (xilinx.com:user:amc_simulator:1.0) from (Rev. 4) to (Rev. 5)

After upgrade, an IP may have parameter and port differences compared to the original customization. Please review the parameters within the IP customization GUI to ensure proper functionality. Also, please review the updated IP instantiation template to ensure proper connectivity, and update your design if required.

2. Connection Warnings
----------------------

Detected external port differences while upgrading 'design_1_amc_simulator_1_0'. These changes may impact your design.


-Upgraded port 'v' width 16 differs from original width 8







Copyright 1986-2022 Xilinx, Inc. All Rights Reserved. Copyright 2022-2024 Advanced Micro Devices, Inc. All Rights Reserved.
---------------------------------------------------------------------------------------------------------------------------------------------
| Tool Version : Vivado v.2024.2 (win64) Build 5239630 Fri Nov 08 22:35:27 MST 2024
| Date         : Mon Apr 21 11:40:03 2025
| Host         : AngelPC running 64-bit major release  (build 9200)
| Command      : upgrade_ip
| Device       : xc7s25csga225-1
---------------------------------------------------------------------------------------------------------------------------------------------

Upgrade Log for IP 'design_1_amc_simulator_0_1'

1. Summary
----------

CAUTION (success, with warnings) in the upgrade of design_1_amc_simulator_0_1 (xilinx.com:user:amc_simulator:1.0) from (Rev. 4) to (Rev. 5)

After upgrade, an IP may have parameter and port differences compared to the original customization. Please review the parameters within the IP customization GUI to ensure proper functionality. Also, please review the updated IP instantiation template to ensure proper connectivity, and update your design if required.

2. Connection Warnings
----------------------

Detected external port differences while upgrading 'design_1_amc_simulator_0_1'. These changes may impact your design.


-Upgraded port 'v' width 16 differs from original width 8







Copyright 1986-2022 Xilinx, Inc. All Rights Reserved. Copyright 2022-2024 Advanced Micro Devices, Inc. All Rights Reserved.
---------------------------------------------------------------------------------------------------------------------------------------------
| Tool Version : Vivado v.2024.2 (win64) Build 5239630 Fri Nov 08 22:35:27 MST 2024
| Date         : Mon Apr 21 11:40:03 2025
| Host         : AngelPC running 64-bit major release  (build 9200)
| Command      : upgrade_ip
| Device       : xc7s25csga225-1
---------------------------------------------------------------------------------------------------------------------------------------------

Upgrade Log for IP 'design_1_amc_simulator_0_0'

1. Summary
----------

CAUTION (success, with warnings) in the upgrade of design_1_amc_simulator_0_0 (xilinx.com:user:amc_simulator:1.0) from (Rev. 4) to (Rev. 5)

After upgrade, an IP may have parameter and port differences compared to the original customization. Please review the parameters within the IP customization GUI to ensure proper functionality. Also, please review the updated IP instantiation template to ensure proper connectivity, and update your design if required.

2. Connection Warnings
----------------------

Detected external port differences while upgrading 'design_1_amc_simulator_0_0'. These changes may impact your design.


-Upgraded port 'v' width 16 differs from original width 8







Copyright 1986-2022 Xilinx, Inc. All Rights Reserved. Copyright 2022-2024 Advanced Micro Devices, Inc. All Rights Reserved.
---------------------------------------------------------------------------------------------------------------------------------------------
| Tool Version : Vivado v.2024.2 (win64) Build 5239630 Fri Nov 08 22:35:27 MST 2024
| Date         : Mon Apr 21 11:40:03 2025
| Host         : AngelPC running 64-bit major release  (build 9200)
| Command      : upgrade_ip
| Device       : xc7s25csga225-1
---------------------------------------------------------------------------------------------------------------------------------------------

Upgrade Log for IP 'design_1_PFC3PH_0_0'

1. Summary
----------

CAUTION (success, with warnings) in the upgrade of design_1_PFC3PH_0_0 (xilinx.com:user:PFC3PH:1.0) from (Rev. 25) to (Rev. 26)

After upgrade, an IP may have parameter and port differences compared to the original customization. Please review the parameters within the IP customization GUI to ensure proper functionality. Also, please review the updated IP instantiation template to ensure proper connectivity, and update your design if required.

2. Connection Warnings
----------------------

Detected external port differences while upgrading 'design_1_PFC3PH_0_0'. These changes may impact your design.


-Upgraded port 'O_I_load' width 16 differs from original width 8

-Upgraded port 'O_Ia' width 16 differs from original width 8

-Upgraded port 'O_Ib' width 16 differs from original width 8

-Upgraded port 'O_Ic' width 16 differs from original width 8

-Upgraded port 'O_Va' width 16 differs from original width 8

-Upgraded port 'O_Vb' width 16 differs from original width 8

-Upgraded port 'O_Vc' width 16 differs from original width 8

-Upgraded port 'O_Vout' width 16 differs from original width 8







Copyright 1986-2022 Xilinx, Inc. All Rights Reserved. Copyright 2022-2024 Advanced Micro Devices, Inc. All Rights Reserved.
---------------------------------------------------------------------------------------------------------------------------------------------
| Tool Version : Vivado v.2024.2 (win64) Build 5239630 Fri Nov 08 22:35:27 MST 2024
| Date         : Mon Apr 21 11:34:35 2025
| Host         : AngelPC running 64-bit major release  (build 9200)
| Command      : upgrade_ip
| Device       : xc7s25csga225-1
---------------------------------------------------------------------------------------------------------------------------------------------

Upgrade Log for IP 'design_1_PFC3PH_0_0'

1. Summary
----------

SUCCESS in the update of design_1_PFC3PH_0_0 (xilinx.com:user:PFC3PH:1.0 (Rev. 25)) to current project options.






Copyright 1986-2022 Xilinx, Inc. All Rights Reserved. Copyright 2022-2024 Advanced Micro Devices, Inc. All Rights Reserved.
---------------------------------------------------------------------------------------------------------------------------------------------
| Tool Version : Vivado v.2024.2 (win64) Build 5239630 Fri Nov 08 22:35:27 MST 2024
| Date         : Mon Apr 21 11:29:54 2025
| Host         : AngelPC running 64-bit major release  (build 9200)
| Command      : upgrade_ip
| Device       : xc7s25csga225-1
---------------------------------------------------------------------------------------------------------------------------------------------

Upgrade Log for IP 'design_1_amc_simulator_1_0'

1. Summary
----------

SUCCESS in the update of design_1_amc_simulator_1_0 (xilinx.com:user:amc_simulator:1.0 (Rev. 4)) to current project options.






Copyright 1986-2022 Xilinx, Inc. All Rights Reserved. Copyright 2022-2024 Advanced Micro Devices, Inc. All Rights Reserved.
---------------------------------------------------------------------------------------------------------------------------------------------
| Tool Version : Vivado v.2024.2 (win64) Build 5239630 Fri Nov 08 22:35:27 MST 2024
| Date         : Mon Apr 21 11:29:54 2025
| Host         : AngelPC running 64-bit major release  (build 9200)
| Command      : upgrade_ip
| Device       : xc7s25csga225-1
---------------------------------------------------------------------------------------------------------------------------------------------

Upgrade Log for IP 'design_1_amc_simulator_0_1'

1. Summary
----------

SUCCESS in the update of design_1_amc_simulator_0_1 (xilinx.com:user:amc_simulator:1.0 (Rev. 4)) to current project options.






Copyright 1986-2022 Xilinx, Inc. All Rights Reserved. Copyright 2022-2024 Advanced Micro Devices, Inc. All Rights Reserved.
---------------------------------------------------------------------------------------------------------------------------------------------
| Tool Version : Vivado v.2024.2 (win64) Build 5239630 Fri Nov 08 22:35:27 MST 2024
| Date         : Mon Apr 21 11:29:54 2025
| Host         : AngelPC running 64-bit major release  (build 9200)
| Command      : upgrade_ip
| Device       : xc7s25csga225-1
---------------------------------------------------------------------------------------------------------------------------------------------

Upgrade Log for IP 'design_1_amc_simulator_0_0'

1. Summary
----------

SUCCESS in the update of design_1_amc_simulator_0_0 (xilinx.com:user:amc_simulator:1.0 (Rev. 4)) to current project options.






Copyright 1986-2022 Xilinx, Inc. All Rights Reserved. Copyright 2022-2024 Advanced Micro Devices, Inc. All Rights Reserved.
---------------------------------------------------------------------------------------------------------------------------------------------
| Tool Version : Vivado v.2024.2 (win64) Build 5239630 Fri Nov 08 22:35:27 MST 2024
| Date         : Mon Apr 21 11:29:54 2025
| Host         : AngelPC running 64-bit major release  (build 9200)
| Command      : upgrade_ip
| Device       : xc7s25csga225-1
---------------------------------------------------------------------------------------------------------------------------------------------

Upgrade Log for IP 'design_1_MCP_DRIVER_0_0'

1. Summary
----------

SUCCESS in the update of design_1_MCP_DRIVER_0_0 (xilinx.com:user:MCP_DRIVER:1.0 (Rev. 10)) to current project options.






Copyright 1986-2022 Xilinx, Inc. All Rights Reserved. Copyright 2022-2024 Advanced Micro Devices, Inc. All Rights Reserved.
---------------------------------------------------------------------------------------------------------------------------------------------
| Tool Version : Vivado v.2024.2 (win64) Build 5239630 Fri Nov 08 22:35:27 MST 2024
| Date         : Mon Apr 21 11:03:05 2025
| Host         : AngelPC running 64-bit major release  (build 9200)
| Command      : upgrade_ip
| Device       : xc7s25csga225-1
---------------------------------------------------------------------------------------------------------------------------------------------

Upgrade Log for IP 'design_1_MCP_DRIVER_0_0'

1. Summary
----------

CAUTION (success, with warnings) in the upgrade of design_1_MCP_DRIVER_0_0 (xilinx.com:user:MCP_DRIVER:1.0) from (Rev. 9) to (Rev. 10)

After upgrade, an IP may have parameter and port differences compared to the original customization. Please review the parameters within the IP customization GUI to ensure proper functionality. Also, please review the updated IP instantiation template to ensure proper connectivity, and update your design if required.

2. Connection Warnings
----------------------

Detected external port differences while upgrading 'design_1_MCP_DRIVER_0_0'. These changes may impact your design.


-Upgraded port 'v1_1' width 16 differs from original width 8

-Upgraded port 'v1_2' width 16 differs from original width 8

-Upgraded port 'v2_1' width 16 differs from original width 8

-Upgraded port 'v2_2' width 16 differs from original width 8

-Upgraded port 'v3_1' width 16 differs from original width 8

-Upgraded port 'v3_2' width 16 differs from original width 8







Copyright 1986-2022 Xilinx, Inc. All Rights Reserved. Copyright 2022-2024 Advanced Micro Devices, Inc. All Rights Reserved.
---------------------------------------------------------------------------------------------------------------------------------------------
| Tool Version : Vivado v.2024.2 (win64) Build 5239630 Fri Nov 08 22:35:27 MST 2024
| Date         : Thu Apr 17 13:14:05 2025
| Host         : AngelPC running 64-bit major release  (build 9200)
| Command      : upgrade_ip
| Device       : xc7s25csga225-1
---------------------------------------------------------------------------------------------------------------------------------------------

Upgrade Log for IP 'design_1_PFC3PH_0_0'

1. Summary
----------

SUCCESS in the update of design_1_PFC3PH_0_0 (xilinx.com:user:PFC3PH:1.0 (Rev. 25)) to current project options.






Copyright 1986-2022 Xilinx, Inc. All Rights Reserved. Copyright 2022-2024 Advanced Micro Devices, Inc. All Rights Reserved.
---------------------------------------------------------------------------------------------------------------------------------------------
| Tool Version : Vivado v.2024.2 (win64) Build 5239630 Fri Nov 08 22:35:27 MST 2024
| Date         : Thu Apr 17 13:12:53 2025
| Host         : AngelPC running 64-bit major release  (build 9200)
| Command      : upgrade_ip
| Device       : xc7s25csga225-1
---------------------------------------------------------------------------------------------------------------------------------------------

Upgrade Log for IP 'design_1_PFC3PH_0_0'

1. Summary
----------

SUCCESS in the upgrade of design_1_PFC3PH_0_0 (xilinx.com:user:PFC3PH:1.0) from (Rev. 24) to (Rev. 25)






Copyright 1986-2022 Xilinx, Inc. All Rights Reserved. Copyright 2022-2024 Advanced Micro Devices, Inc. All Rights Reserved.
---------------------------------------------------------------------------------------------------------------------------------------------
| Tool Version : Vivado v.2024.2 (win64) Build 5239630 Fri Nov 08 22:35:27 MST 2024
| Date         : Wed Apr 16 13:32:16 2025
| Host         : AngelPC running 64-bit major release  (build 9200)
| Command      : upgrade_ip
| Device       : xc7s25csga225-1
---------------------------------------------------------------------------------------------------------------------------------------------

Upgrade Log for IP 'design_1_PFC3PH_0_0'

1. Summary
----------

SUCCESS in the update of design_1_PFC3PH_0_0 (xilinx.com:user:PFC3PH:1.0 (Rev. 24)) to current project options.






Copyright 1986-2022 Xilinx, Inc. All Rights Reserved. Copyright 2022-2024 Advanced Micro Devices, Inc. All Rights Reserved.
---------------------------------------------------------------------------------------------------------------------------------------------
| Tool Version : Vivado v.2024.2 (win64) Build 5239630 Fri Nov 08 22:35:27 MST 2024
| Date         : Sun Mar  9 16:12:55 2025
| Host         : AngelPC running 64-bit major release  (build 9200)
| Command      : upgrade_ip
| Device       : xc7s25csga225-1
---------------------------------------------------------------------------------------------------------------------------------------------

Upgrade Log for IP 'design_1_PFC3PH_0_0'

1. Summary
----------

SUCCESS in the upgrade of design_1_PFC3PH_0_0 (xilinx.com:user:PFC3PH:1.0) from (Rev. 23) to (Rev. 24)






Copyright 1986-2022 Xilinx, Inc. All Rights Reserved. Copyright 2022-2024 Advanced Micro Devices, Inc. All Rights Reserved.
---------------------------------------------------------------------------------------------------------------------------------------------
| Tool Version : Vivado v.2024.2 (win64) Build 5239630 Fri Nov 08 22:35:27 MST 2024
| Date         : Sun Mar  9 15:49:05 2025
| Host         : AngelPC running 64-bit major release  (build 9200)
| Command      : upgrade_ip
| Device       : xc7s25csga225-1
---------------------------------------------------------------------------------------------------------------------------------------------

Upgrade Log for IP 'design_1_PFC3PH_0_0'

1. Summary
----------

SUCCESS in the upgrade of design_1_PFC3PH_0_0 (xilinx.com:user:PFC3PH:1.0) from (Rev. 22) to (Rev. 23)






Copyright 1986-2022 Xilinx, Inc. All Rights Reserved. Copyright 2022-2024 Advanced Micro Devices, Inc. All Rights Reserved.
---------------------------------------------------------------------------------------------------------------------------------------------
| Tool Version : Vivado v.2024.2 (win64) Build 5239630 Fri Nov 08 22:35:27 MST 2024
| Date         : Fri Feb 28 09:38:31 2025
| Host         : AngelPC running 64-bit major release  (build 9200)
| Command      : upgrade_ip
| Device       : xc7s25csga225-1
---------------------------------------------------------------------------------------------------------------------------------------------

Upgrade Log for IP 'design_1_PFC3PH_0_0'

1. Summary
----------

SUCCESS in the update of design_1_PFC3PH_0_0 (xilinx.com:user:PFC3PH:1.0 (Rev. 22)) to current project options.






Copyright 1986-2022 Xilinx, Inc. All Rights Reserved. Copyright 2022-2024 Advanced Micro Devices, Inc. All Rights Reserved.
---------------------------------------------------------------------------------------------------------------------------------------------
| Tool Version : Vivado v.2024.2 (win64) Build 5239630 Fri Nov 08 22:35:27 MST 2024
| Date         : Thu Feb 27 18:45:07 2025
| Host         : AngelPC running 64-bit major release  (build 9200)
| Command      : upgrade_ip
| Device       : xc7s25csga225-1
---------------------------------------------------------------------------------------------------------------------------------------------

Upgrade Log for IP 'design_1_PFC3PH_0_0'

1. Summary
----------

SUCCESS in the update of design_1_PFC3PH_0_0 (xilinx.com:user:PFC3PH:1.0 (Rev. 22)) to current project options.






Copyright 1986-2022 Xilinx, Inc. All Rights Reserved. Copyright 2022-2024 Advanced Micro Devices, Inc. All Rights Reserved.
---------------------------------------------------------------------------------------------------------------------------------------------
| Tool Version : Vivado v.2024.2 (win64) Build 5239630 Fri Nov 08 22:35:27 MST 2024
| Date         : Wed Feb 26 18:08:55 2025
| Host         : AngelPC running 64-bit major release  (build 9200)
| Command      : upgrade_ip
| Device       : xc7s25csga225-1
---------------------------------------------------------------------------------------------------------------------------------------------

Upgrade Log for IP 'design_1_PFC3PH_0_0'

1. Summary
----------

SUCCESS in the upgrade of design_1_PFC3PH_0_0 (xilinx.com:user:PFC3PH:1.0) from (Rev. 21) to (Rev. 22)






Copyright 1986-2022 Xilinx, Inc. All Rights Reserved. Copyright 2022-2024 Advanced Micro Devices, Inc. All Rights Reserved.
---------------------------------------------------------------------------------------------------------------------------------------------
| Tool Version : Vivado v.2024.2 (win64) Build 5239630 Fri Nov 08 22:35:27 MST 2024
| Date         : Wed Feb 26 17:56:20 2025
| Host         : AngelPC running 64-bit major release  (build 9200)
| Command      : upgrade_ip
| Device       : xc7s25csga225-1
---------------------------------------------------------------------------------------------------------------------------------------------

Upgrade Log for IP 'design_1_PFC3PH_0_0'

1. Summary
----------

SUCCESS in the upgrade of design_1_PFC3PH_0_0 (xilinx.com:user:PFC3PH:1.0) from (Rev. 20) to (Rev. 21)






Copyright 1986-2022 Xilinx, Inc. All Rights Reserved. Copyright 2022-2024 Advanced Micro Devices, Inc. All Rights Reserved.
---------------------------------------------------------------------------------------------------------------------------------------------
| Tool Version : Vivado v.2024.2 (win64) Build 5239630 Fri Nov 08 22:35:27 MST 2024
| Date         : Wed Feb 26 17:49:17 2025
| Host         : AngelPC running 64-bit major release  (build 9200)
| Command      : upgrade_ip
| Device       : xc7s25csga225-1
---------------------------------------------------------------------------------------------------------------------------------------------

Upgrade Log for IP 'design_1_PFC3PH_0_0'

1. Summary
----------

SUCCESS in the upgrade of design_1_PFC3PH_0_0 (xilinx.com:user:PFC3PH:1.0) from (Rev. 19) to (Rev. 20)






Copyright 1986-2022 Xilinx, Inc. All Rights Reserved. Copyright 2022-2024 Advanced Micro Devices, Inc. All Rights Reserved.
---------------------------------------------------------------------------------------------------------------------------------------------
| Tool Version : Vivado v.2024.2 (win64) Build 5239630 Fri Nov 08 22:35:27 MST 2024
| Date         : Wed Feb 26 17:41:37 2025
| Host         : AngelPC running 64-bit major release  (build 9200)
| Command      : upgrade_ip
| Device       : xc7s25csga225-1
---------------------------------------------------------------------------------------------------------------------------------------------

Upgrade Log for IP 'design_1_PFC3PH_0_0'

1. Summary
----------

SUCCESS in the upgrade of design_1_PFC3PH_0_0 (xilinx.com:user:PFC3PH:1.0) from (Rev. 18) to (Rev. 19)






Copyright 1986-2022 Xilinx, Inc. All Rights Reserved. Copyright 2022-2024 Advanced Micro Devices, Inc. All Rights Reserved.
---------------------------------------------------------------------------------------------------------------------------------------------
| Tool Version : Vivado v.2024.2 (win64) Build 5239630 Fri Nov 08 22:35:27 MST 2024
| Date         : Wed Feb 26 17:28:28 2025
| Host         : AngelPC running 64-bit major release  (build 9200)
| Command      : upgrade_ip
| Device       : xc7s25csga225-1
---------------------------------------------------------------------------------------------------------------------------------------------

Upgrade Log for IP 'design_1_PFC3PH_0_0'

1. Summary
----------

SUCCESS in the upgrade of design_1_PFC3PH_0_0 (xilinx.com:user:PFC3PH:1.0) from (Rev. 17) to (Rev. 18)






Copyright 1986-2022 Xilinx, Inc. All Rights Reserved. Copyright 2022-2024 Advanced Micro Devices, Inc. All Rights Reserved.
---------------------------------------------------------------------------------------------------------------------------------------------
| Tool Version : Vivado v.2024.2 (win64) Build 5239630 Fri Nov 08 22:35:27 MST 2024
| Date         : Wed Feb 26 17:20:17 2025
| Host         : AngelPC running 64-bit major release  (build 9200)
| Command      : upgrade_ip
| Device       : xc7s25csga225-1
---------------------------------------------------------------------------------------------------------------------------------------------

Upgrade Log for IP 'design_1_PFC3PH_0_0'

1. Summary
----------

SUCCESS in the upgrade of design_1_PFC3PH_0_0 (xilinx.com:user:PFC3PH:1.0) from (Rev. 16) to (Rev. 17)






Copyright 1986-2022 Xilinx, Inc. All Rights Reserved. Copyright 2022-2024 Advanced Micro Devices, Inc. All Rights Reserved.
---------------------------------------------------------------------------------------------------------------------------------------------
| Tool Version : Vivado v.2024.2 (win64) Build 5239630 Fri Nov 08 22:35:27 MST 2024
| Date         : Wed Feb 26 17:19:57 2025
| Host         : AngelPC running 64-bit major release  (build 9200)
| Command      : upgrade_ip
| Device       : xc7s25csga225-1
---------------------------------------------------------------------------------------------------------------------------------------------

Upgrade Log for IP 'design_1_PFC3PH_0_0'

1. Summary
----------

SUCCESS in the update of design_1_PFC3PH_0_0 (xilinx.com:user:PFC3PH:1.0 (Rev. 16)) to current project options.






Copyright 1986-2022 Xilinx, Inc. All Rights Reserved. Copyright 2022-2024 Advanced Micro Devices, Inc. All Rights Reserved.
---------------------------------------------------------------------------------------------------------------------------------------------
| Tool Version : Vivado v.2024.2 (win64) Build 5239630 Fri Nov 08 22:35:27 MST 2024
| Date         : Wed Feb 26 17:17:57 2025
| Host         : AngelPC running 64-bit major release  (build 9200)
| Command      : upgrade_ip
| Device       : xc7s25csga225-1
---------------------------------------------------------------------------------------------------------------------------------------------

Upgrade Log for IP 'design_1_PFC3PH_0_0'

1. Summary
----------

SUCCESS in the upgrade of design_1_PFC3PH_0_0 (xilinx.com:user:PFC3PH:1.0) from (Rev. 15) to (Rev. 16)






Copyright 1986-2022 Xilinx, Inc. All Rights Reserved. Copyright 2022-2024 Advanced Micro Devices, Inc. All Rights Reserved.
---------------------------------------------------------------------------------------------------------------------------------------------
| Tool Version : Vivado v.2024.2 (win64) Build 5239630 Fri Nov 08 22:35:27 MST 2024
| Date         : Wed Feb 26 17:09:58 2025
| Host         : AngelPC running 64-bit major release  (build 9200)
| Command      : upgrade_ip
| Device       : xc7s25csga225-1
---------------------------------------------------------------------------------------------------------------------------------------------

Upgrade Log for IP 'design_1_PFC3PH_0_0'

1. Summary
----------

SUCCESS in the upgrade of design_1_PFC3PH_0_0 (xilinx.com:user:PFC3PH:1.0) from (Rev. 14) to (Rev. 15)






Copyright 1986-2022 Xilinx, Inc. All Rights Reserved. Copyright 2022-2024 Advanced Micro Devices, Inc. All Rights Reserved.
---------------------------------------------------------------------------------------------------------------------------------------------
| Tool Version : Vivado v.2024.2 (win64) Build 5239630 Fri Nov 08 22:35:27 MST 2024
| Date         : Wed Feb 26 15:26:05 2025
| Host         : AngelPC running 64-bit major release  (build 9200)
| Command      : upgrade_ip
| Device       : xc7s25csga225-1
---------------------------------------------------------------------------------------------------------------------------------------------

Upgrade Log for IP 'design_1_PFC3PH_0_0'

1. Summary
----------

SUCCESS in the upgrade of design_1_PFC3PH_0_0 (xilinx.com:user:PFC3PH:1.0) from (Rev. 13) to (Rev. 14)






Copyright 1986-2022 Xilinx, Inc. All Rights Reserved. Copyright 2022-2024 Advanced Micro Devices, Inc. All Rights Reserved.
---------------------------------------------------------------------------------------------------------------------------------------------
| Tool Version : Vivado v.2024.2 (win64) Build 5239630 Fri Nov 08 22:35:27 MST 2024
| Date         : Wed Feb 26 15:19:32 2025
| Host         : AngelPC running 64-bit major release  (build 9200)
| Command      : upgrade_ip
| Device       : xc7s25csga225-1
---------------------------------------------------------------------------------------------------------------------------------------------

Upgrade Log for IP 'design_1_PFC3PH_0_0'

1. Summary
----------

SUCCESS in the update of design_1_PFC3PH_0_0 (xilinx.com:user:PFC3PH:1.0 (Rev. 13)) to current project options.






Copyright 1986-2022 Xilinx, Inc. All Rights Reserved. Copyright 2022-2024 Advanced Micro Devices, Inc. All Rights Reserved.
---------------------------------------------------------------------------------------------------------------------------------------------
| Tool Version : Vivado v.2024.2 (win64) Build 5239630 Fri Nov 08 22:35:27 MST 2024
| Date         : Wed Feb 26 14:02:08 2025
| Host         : AngelPC running 64-bit major release  (build 9200)
| Command      : upgrade_ip
| Device       : xc7s25csga225-1
---------------------------------------------------------------------------------------------------------------------------------------------

Upgrade Log for IP 'design_1_PFC3PH_0_0'

1. Summary
----------

SUCCESS in the update of design_1_PFC3PH_0_0 (xilinx.com:user:PFC3PH:1.0 (Rev. 13)) to current project options.






Copyright 1986-2022 Xilinx, Inc. All Rights Reserved. Copyright 2022-2024 Advanced Micro Devices, Inc. All Rights Reserved.
---------------------------------------------------------------------------------------------------------------------------------------------
| Tool Version : Vivado v.2024.2 (win64) Build 5239630 Fri Nov 08 22:35:27 MST 2024
| Date         : Wed Feb 26 13:39:13 2025
| Host         : AngelPC running 64-bit major release  (build 9200)
| Command      : upgrade_ip
| Device       : xc7s25csga225-1
---------------------------------------------------------------------------------------------------------------------------------------------

Upgrade Log for IP 'design_1_PFC3PH_0_0'

1. Summary
----------

SUCCESS in the upgrade of design_1_PFC3PH_0_0 (xilinx.com:user:PFC3PH:1.0) from (Rev. 12) to (Rev. 13)






Copyright 1986-2022 Xilinx, Inc. All Rights Reserved. Copyright 2022-2024 Advanced Micro Devices, Inc. All Rights Reserved.
---------------------------------------------------------------------------------------------------------------------------------------------
| Tool Version : Vivado v.2024.2 (win64) Build 5239630 Fri Nov 08 22:35:27 MST 2024
| Date         : Wed Feb 26 13:28:27 2025
| Host         : AngelPC running 64-bit major release  (build 9200)
| Command      : upgrade_ip
| Device       : xc7s25csga225-1
---------------------------------------------------------------------------------------------------------------------------------------------

Upgrade Log for IP 'design_1_PFC3PH_0_0'

1. Summary
----------

SUCCESS in the upgrade of design_1_PFC3PH_0_0 (xilinx.com:user:PFC3PH:1.0) from (Rev. 11) to (Rev. 12)






Copyright 1986-2022 Xilinx, Inc. All Rights Reserved. Copyright 2022-2024 Advanced Micro Devices, Inc. All Rights Reserved.
---------------------------------------------------------------------------------------------------------------------------------------------
| Tool Version : Vivado v.2024.2 (win64) Build 5239630 Fri Nov 08 22:35:27 MST 2024
| Date         : Wed Feb 26 13:20:15 2025
| Host         : AngelPC running 64-bit major release  (build 9200)
| Command      : upgrade_ip
| Device       : xc7s25csga225-1
---------------------------------------------------------------------------------------------------------------------------------------------

Upgrade Log for IP 'design_1_PFC3PH_0_0'

1. Summary
----------

SUCCESS in the update of design_1_PFC3PH_0_0 (xilinx.com:user:PFC3PH:1.0 (Rev. 11)) to current project options.






Copyright 1986-2022 Xilinx, Inc. All Rights Reserved. Copyright 2022-2024 Advanced Micro Devices, Inc. All Rights Reserved.
---------------------------------------------------------------------------------------------------------------------------------------------
| Tool Version : Vivado v.2024.2 (win64) Build 5239630 Fri Nov 08 22:35:27 MST 2024
| Date         : Wed Feb 26 13:00:35 2025
| Host         : AngelPC running 64-bit major release  (build 9200)
| Command      : upgrade_ip
| Device       : xc7s25csga225-1
---------------------------------------------------------------------------------------------------------------------------------------------

Upgrade Log for IP 'design_1_PFC3PH_0_0'

1. Summary
----------

SUCCESS in the update of design_1_PFC3PH_0_0 (xilinx.com:user:PFC3PH:1.0 (Rev. 11)) to current project options.






Copyright 1986-2022 Xilinx, Inc. All Rights Reserved. Copyright 2022-2024 Advanced Micro Devices, Inc. All Rights Reserved.
---------------------------------------------------------------------------------------------------------------------------------------------
| Tool Version : Vivado v.2024.2 (win64) Build 5239630 Fri Nov 08 22:35:27 MST 2024
| Date         : Wed Feb 26 12:34:04 2025
| Host         : AngelPC running 64-bit major release  (build 9200)
| Command      : upgrade_ip
| Device       : xc7s25csga225-1
---------------------------------------------------------------------------------------------------------------------------------------------

Upgrade Log for IP 'design_1_PFC3PH_0_0'

1. Summary
----------

SUCCESS in the update of design_1_PFC3PH_0_0 (xilinx.com:user:PFC3PH:1.0 (Rev. 11)) to current project options.






Copyright 1986-2022 Xilinx, Inc. All Rights Reserved. Copyright 2022-2024 Advanced Micro Devices, Inc. All Rights Reserved.
---------------------------------------------------------------------------------------------------------------------------------------------
| Tool Version : Vivado v.2024.2 (win64) Build 5239630 Fri Nov 08 22:35:27 MST 2024
| Date         : Wed Feb 26 12:26:44 2025
| Host         : AngelPC running 64-bit major release  (build 9200)
| Command      : upgrade_ip
| Device       : xc7s25csga225-1
---------------------------------------------------------------------------------------------------------------------------------------------

Upgrade Log for IP 'design_1_PFC3PH_0_0'

1. Summary
----------

SUCCESS in the update of design_1_PFC3PH_0_0 (xilinx.com:user:PFC3PH:1.0 (Rev. 11)) to current project options.






Copyright 1986-2022 Xilinx, Inc. All Rights Reserved. Copyright 2022-2024 Advanced Micro Devices, Inc. All Rights Reserved.
---------------------------------------------------------------------------------------------------------------------------------------------
| Tool Version : Vivado v.2024.2 (win64) Build 5239630 Fri Nov 08 22:35:27 MST 2024
| Date         : Wed Feb 26 12:18:01 2025
| Host         : AngelPC running 64-bit major release  (build 9200)
| Command      : upgrade_ip
| Device       : xc7s25csga225-1
---------------------------------------------------------------------------------------------------------------------------------------------

Upgrade Log for IP 'design_1_PFC3PH_0_0'

1. Summary
----------

SUCCESS in the upgrade of design_1_PFC3PH_0_0 (xilinx.com:user:PFC3PH:1.0) from (Rev. 9) to (Rev. 11)






Copyright 1986-2022 Xilinx, Inc. All Rights Reserved. Copyright 2022-2024 Advanced Micro Devices, Inc. All Rights Reserved.
---------------------------------------------------------------------------------------------------------------------------------------------
| Tool Version : Vivado v.2024.2 (win64) Build 5239630 Fri Nov 08 22:35:27 MST 2024
| Date         : Wed Feb 26 12:09:07 2025
| Host         : AngelPC running 64-bit major release  (build 9200)
| Command      : upgrade_ip
| Device       : xc7s25csga225-1
---------------------------------------------------------------------------------------------------------------------------------------------

Upgrade Log for IP 'design_1_PFC3PH_0_0'

1. Summary
----------

SUCCESS in the upgrade of design_1_PFC3PH_0_0 (xilinx.com:user:PFC3PH:1.0) from (Rev. 7) to (Rev. 9)






Copyright 1986-2022 Xilinx, Inc. All Rights Reserved. Copyright 2022-2024 Advanced Micro Devices, Inc. All Rights Reserved.
---------------------------------------------------------------------------------------------------------------------------------------------
| Tool Version : Vivado v.2024.2 (win64) Build 5239630 Fri Nov 08 22:35:27 MST 2024
| Date         : Wed Feb 26 11:56:48 2025
| Host         : AngelPC running 64-bit major release  (build 9200)
| Command      : upgrade_ip
| Device       : xc7s25csga225-1
---------------------------------------------------------------------------------------------------------------------------------------------

Upgrade Log for IP 'design_1_PFC3PH_0_0'

1. Summary
----------

SUCCESS in the upgrade of design_1_PFC3PH_0_0 (xilinx.com:user:PFC3PH:1.0) from (Rev. 6) to (Rev. 7)






Copyright 1986-2022 Xilinx, Inc. All Rights Reserved. Copyright 2022-2024 Advanced Micro Devices, Inc. All Rights Reserved.
---------------------------------------------------------------------------------------------------------------------------------------------
| Tool Version : Vivado v.2024.2 (win64) Build 5239630 Fri Nov 08 22:35:27 MST 2024
| Date         : Wed Feb 26 11:47:28 2025
| Host         : AngelPC running 64-bit major release  (build 9200)
| Command      : upgrade_ip
| Device       : xc7s25csga225-1
---------------------------------------------------------------------------------------------------------------------------------------------

Upgrade Log for IP 'design_1_PFC3PH_0_0'

1. Summary
----------

SUCCESS in the upgrade of design_1_PFC3PH_0_0 (xilinx.com:user:PFC3PH:1.0) from (Rev. 5) to (Rev. 6)






Copyright 1986-2022 Xilinx, Inc. All Rights Reserved. Copyright 2022-2024 Advanced Micro Devices, Inc. All Rights Reserved.
---------------------------------------------------------------------------------------------------------------------------------------------
| Tool Version : Vivado v.2024.2 (win64) Build 5239630 Fri Nov 08 22:35:27 MST 2024
| Date         : Wed Feb 26 11:39:54 2025
| Host         : AngelPC running 64-bit major release  (build 9200)
| Command      : upgrade_ip
| Device       : xc7s25csga225-1
---------------------------------------------------------------------------------------------------------------------------------------------

Upgrade Log for IP 'design_1_PFC3PH_0_0'

1. Summary
----------

SUCCESS in the update of design_1_PFC3PH_0_0 (xilinx.com:user:PFC3PH:1.0 (Rev. 5)) to current project options.






Copyright 1986-2022 Xilinx, Inc. All Rights Reserved. Copyright 2022-2024 Advanced Micro Devices, Inc. All Rights Reserved.
---------------------------------------------------------------------------------------------------------------------------------------------
| Tool Version : Vivado v.2024.2 (win64) Build 5239630 Fri Nov 08 22:35:27 MST 2024
| Date         : Wed Feb 26 11:27:52 2025
| Host         : AngelPC running 64-bit major release  (build 9200)
| Command      : upgrade_ip
| Device       : xc7s25csga225-1
---------------------------------------------------------------------------------------------------------------------------------------------

Upgrade Log for IP 'design_1_PFC3PH_0_0'

1. Summary
----------

SUCCESS in the update of design_1_PFC3PH_0_0 (xilinx.com:user:PFC3PH:1.0 (Rev. 5)) to current project options.






Copyright 1986-2022 Xilinx, Inc. All Rights Reserved. Copyright 2022-2024 Advanced Micro Devices, Inc. All Rights Reserved.
---------------------------------------------------------------------------------------------------------------------------------------------
| Tool Version : Vivado v.2024.2 (win64) Build 5239630 Fri Nov 08 22:35:27 MST 2024
| Date         : Tue Feb 25 16:45:09 2025
| Host         : AngelPC running 64-bit major release  (build 9200)
| Command      : upgrade_ip
| Device       : xc7s25csga225-1
---------------------------------------------------------------------------------------------------------------------------------------------

Upgrade Log for IP 'design_1_PFC3PH_0_0'

1. Summary
----------

SUCCESS in the update of design_1_PFC3PH_0_0 (xilinx.com:user:PFC3PH:1.0 (Rev. 5)) to current project options.






Copyright 1986-2022 Xilinx, Inc. All Rights Reserved. Copyright 2022-2024 Advanced Micro Devices, Inc. All Rights Reserved.
---------------------------------------------------------------------------------------------------------------------------------------------
| Tool Version : Vivado v.2024.2 (win64) Build 5239630 Fri Nov 08 22:35:27 MST 2024
| Date         : Mon Feb 17 19:50:54 2025
| Host         : AngelPC running 64-bit major release  (build 9200)
| Command      : upgrade_ip
| Device       : xc7s25csga225-1
---------------------------------------------------------------------------------------------------------------------------------------------

Upgrade Log for IP 'design_1_sine_3ph_0_0'

1. Summary
----------

SUCCESS in the update of design_1_sine_3ph_0_0 (xilinx.com:user:sine_3ph:1.0 (Rev. 4)) to current project options.






Copyright 1986-2022 Xilinx, Inc. All Rights Reserved. Copyright 2022-2024 Advanced Micro Devices, Inc. All Rights Reserved.
---------------------------------------------------------------------------------------------------------------------------------------------
| Tool Version : Vivado v.2024.2 (win64) Build 5239630 Fri Nov 08 22:35:27 MST 2024
| Date         : Mon Feb 17 19:40:52 2025
| Host         : AngelPC running 64-bit major release  (build 9200)
| Command      : upgrade_ip
| Device       : xc7s25csga225-1
---------------------------------------------------------------------------------------------------------------------------------------------

Upgrade Log for IP 'design_1_sine_3ph_0_0'

1. Summary
----------

SUCCESS in the upgrade of design_1_sine_3ph_0_0 (xilinx.com:user:sine_3ph:1.0) from (Rev. 3) to (Rev. 4)






Copyright 1986-2022 Xilinx, Inc. All Rights Reserved. Copyright 2022-2024 Advanced Micro Devices, Inc. All Rights Reserved.
---------------------------------------------------------------------------------------------------------------------------------------------
| Tool Version : Vivado v.2024.2 (win64) Build 5239630 Fri Nov 08 22:35:27 MST 2024
| Date         : Mon Feb 17 18:56:40 2025
| Host         : AngelPC running 64-bit major release  (build 9200)
| Command      : upgrade_ip
| Device       : xc7s25csga225-1
---------------------------------------------------------------------------------------------------------------------------------------------

Upgrade Log for IP 'design_1_PFC3PH_0_0'

1. Summary
----------

SUCCESS in the upgrade of design_1_PFC3PH_0_0 (xilinx.com:user:PFC3PH:1.0) from (Rev. 4) to (Rev. 5)






Copyright 1986-2022 Xilinx, Inc. All Rights Reserved. Copyright 2022-2024 Advanced Micro Devices, Inc. All Rights Reserved.
---------------------------------------------------------------------------------------------------------------------------------------------
| Tool Version : Vivado v.2024.2 (win64) Build 5239630 Fri Nov 08 22:35:27 MST 2024
| Date         : Mon Feb 17 18:49:15 2025
| Host         : AngelPC running 64-bit major release  (build 9200)
| Command      : upgrade_ip
| Device       : xc7s25csga225-1
---------------------------------------------------------------------------------------------------------------------------------------------

Upgrade Log for IP 'design_1_PFC3PH_0_0'

1. Summary
----------

SUCCESS in the update of design_1_PFC3PH_0_0 (xilinx.com:user:PFC3PH:1.0 (Rev. 4)) to current project options.






Copyright 1986-2022 Xilinx, Inc. All Rights Reserved. Copyright 2022-2024 Advanced Micro Devices, Inc. All Rights Reserved.
---------------------------------------------------------------------------------------------------------------------------------------------
| Tool Version : Vivado v.2024.2 (win64) Build 5239630 Fri Nov 08 22:35:27 MST 2024
| Date         : Sun Feb 16 17:32:19 2025
| Host         : AngelPC running 64-bit major release  (build 9200)
| Command      : upgrade_ip
| Device       : xc7s25csga225-1
---------------------------------------------------------------------------------------------------------------------------------------------

Upgrade Log for IP 'design_1_sine_3ph_0_0'

1. Summary
----------

SUCCESS in the update of design_1_sine_3ph_0_0 (xilinx.com:user:sine_3ph:1.0 (Rev. 3)) to current project options.






Copyright 1986-2022 Xilinx, Inc. All Rights Reserved. Copyright 2022-2024 Advanced Micro Devices, Inc. All Rights Reserved.
---------------------------------------------------------------------------------------------------------------------------------------------
| Tool Version : Vivado v.2024.2 (win64) Build 5239630 Fri Nov 08 22:35:27 MST 2024
| Date         : Sun Feb 16 17:31:00 2025
| Host         : AngelPC running 64-bit major release  (build 9200)
| Command      : upgrade_ip
| Device       : xc7s25csga225-1
---------------------------------------------------------------------------------------------------------------------------------------------

Upgrade Log for IP 'design_1_sine_3ph_0_0'

1. Summary
----------

CAUTION (success, with warnings) in the upgrade of design_1_sine_3ph_0_0 (xilinx.com:user:sine_3ph:1.0) from (Rev. 2) to (Rev. 3)

After upgrade, an IP may have parameter and port differences compared to the original customization. Please review the parameters within the IP customization GUI to ensure proper functionality. Also, please review the updated IP instantiation template to ensure proper connectivity, and update your design if required.

2. Connection Warnings
----------------------

Detected external port differences while upgrading 'design_1_sine_3ph_0_0'. These changes may impact your design.


-Upgrade has added port 'ce_out'







Copyright 1986-2022 Xilinx, Inc. All Rights Reserved. Copyright 2022-2024 Advanced Micro Devices, Inc. All Rights Reserved.
---------------------------------------------------------------------------------------------------------------------------------------------
| Tool Version : Vivado v.2024.2 (win64) Build 5239630 Fri Nov 08 22:35:27 MST 2024
| Date         : Sun Feb 16 16:32:06 2025
| Host         : AngelPC running 64-bit major release  (build 9200)
| Command      : upgrade_ip
| Device       : xc7s25csga225-1
---------------------------------------------------------------------------------------------------------------------------------------------

Upgrade Log for IP 'design_1_PFC3PH_0_0'

1. Summary
----------

SUCCESS in the update of design_1_PFC3PH_0_0 (xilinx.com:user:PFC3PH:1.0 (Rev. 4)) to current project options.






Copyright 1986-2022 Xilinx, Inc. All Rights Reserved. Copyright 2022-2024 Advanced Micro Devices, Inc. All Rights Reserved.
---------------------------------------------------------------------------------------------------------------------------------------------
| Tool Version : Vivado v.2024.2 (win64) Build 5239630 Fri Nov 08 22:35:27 MST 2024
| Date         : Sun Feb 16 11:39:00 2025
| Host         : AngelPC running 64-bit major release  (build 9200)
| Command      : upgrade_ip
| Device       : xc7s25csga225-1
---------------------------------------------------------------------------------------------------------------------------------------------

Upgrade Log for IP 'design_1_PFC3PH_0_0'

1. Summary
----------

SUCCESS in the update of design_1_PFC3PH_0_0 (xilinx.com:user:PFC3PH:1.0 (Rev. 4)) to current project options.






Copyright 1986-2022 Xilinx, Inc. All Rights Reserved. Copyright 2022-2024 Advanced Micro Devices, Inc. All Rights Reserved.
---------------------------------------------------------------------------------------------------------------------------------------------
| Tool Version : Vivado v.2024.2 (win64) Build 5239630 Fri Nov 08 22:35:27 MST 2024
| Date         : Mon Feb 10 19:20:38 2025
| Host         : AngelPC running 64-bit major release  (build 9200)
| Command      : upgrade_ip
| Device       : xc7s25csga225-1
---------------------------------------------------------------------------------------------------------------------------------------------

Upgrade Log for IP 'design_1_PFC3PH_0_0'

1. Summary
----------

SUCCESS in the update of design_1_PFC3PH_0_0 (xilinx.com:user:PFC3PH:1.0 (Rev. 4)) to current project options.






Copyright 1986-2022 Xilinx, Inc. All Rights Reserved. Copyright 2022-2024 Advanced Micro Devices, Inc. All Rights Reserved.
---------------------------------------------------------------------------------------------------------------------------------------------
| Tool Version : Vivado v.2024.2 (win64) Build 5239630 Fri Nov 08 22:35:27 MST 2024
| Date         : Mon Feb 10 19:10:50 2025
| Host         : AngelPC running 64-bit major release  (build 9200)
| Command      : upgrade_ip
| Device       : xc7s25csga225-1
---------------------------------------------------------------------------------------------------------------------------------------------

Upgrade Log for IP 'design_1_PFC3PH_0_0'

1. Summary
----------

SUCCESS in the update of design_1_PFC3PH_0_0 (xilinx.com:user:PFC3PH:1.0 (Rev. 4)) to current project options.






Copyright 1986-2022 Xilinx, Inc. All Rights Reserved. Copyright 2022-2024 Advanced Micro Devices, Inc. All Rights Reserved.
---------------------------------------------------------------------------------------------------------------------------------------------
| Tool Version : Vivado v.2024.2 (win64) Build 5239630 Fri Nov 08 22:35:27 MST 2024
| Date         : Mon Feb 10 19:03:50 2025
| Host         : AngelPC running 64-bit major release  (build 9200)
| Command      : upgrade_ip
| Device       : xc7s25csga225-1
---------------------------------------------------------------------------------------------------------------------------------------------

Upgrade Log for IP 'design_1_PFC3PH_0_0'

1. Summary
----------

SUCCESS in the update of design_1_PFC3PH_0_0 (xilinx.com:user:PFC3PH:1.0 (Rev. 4)) to current project options.






Copyright 1986-2022 Xilinx, Inc. All Rights Reserved. Copyright 2022-2024 Advanced Micro Devices, Inc. All Rights Reserved.
---------------------------------------------------------------------------------------------------------------------------------------------
| Tool Version : Vivado v.2024.2 (win64) Build 5239630 Fri Nov 08 22:35:27 MST 2024
| Date         : Sun Feb  9 16:40:36 2025
| Host         : AngelPC running 64-bit major release  (build 9200)
| Command      : upgrade_ip
| Device       : xc7s25csga225-1
---------------------------------------------------------------------------------------------------------------------------------------------

Upgrade Log for IP 'design_1_PFC3PH_0_0'

1. Summary
----------

SUCCESS in the update of design_1_PFC3PH_0_0 (xilinx.com:user:PFC3PH:1.0 (Rev. 4)) to current project options.






Copyright 1986-2022 Xilinx, Inc. All Rights Reserved. Copyright 2022-2024 Advanced Micro Devices, Inc. All Rights Reserved.
---------------------------------------------------------------------------------------------------------------------------------------------
| Tool Version : Vivado v.2024.2 (win64) Build 5239630 Fri Nov 08 22:35:27 MST 2024
| Date         : Sun Feb  9 12:19:15 2025
| Host         : AngelPC running 64-bit major release  (build 9200)
| Command      : upgrade_ip
| Device       : xc7s25csga225-1
---------------------------------------------------------------------------------------------------------------------------------------------

Upgrade Log for IP 'design_1_PFC3PH_0_0'

1. Summary
----------

SUCCESS in the update of design_1_PFC3PH_0_0 (xilinx.com:user:PFC3PH:1.0 (Rev. 4)) to current project options.






Copyright 1986-2022 Xilinx, Inc. All Rights Reserved. Copyright 2022-2024 Advanced Micro Devices, Inc. All Rights Reserved.
---------------------------------------------------------------------------------------------------------------------------------------------
| Tool Version : Vivado v.2024.2 (win64) Build 5239630 Fri Nov 08 22:35:27 MST 2024
| Date         : Sun Feb  9 11:38:44 2025
| Host         : AngelPC running 64-bit major release  (build 9200)
| Command      : upgrade_ip
| Device       : xc7s25csga225-1
---------------------------------------------------------------------------------------------------------------------------------------------

Upgrade Log for IP 'design_1_PFC3PH_0_0'

1. Summary
----------

SUCCESS in the upgrade of design_1_PFC3PH_0_0 (xilinx.com:user:PFC3PH:1.0) from (Rev. 3) to (Rev. 4)






Copyright 1986-2022 Xilinx, Inc. All Rights Reserved. Copyright 2022-2024 Advanced Micro Devices, Inc. All Rights Reserved.
---------------------------------------------------------------------------------------------------------------------------------------------
| Tool Version : Vivado v.2024.2 (win64) Build 5239630 Fri Nov 08 22:35:27 MST 2024
| Date         : Sun Feb  9 10:46:23 2025
| Host         : AngelPC running 64-bit major release  (build 9200)
| Command      : upgrade_ip
| Device       : xc7s25csga225-1
---------------------------------------------------------------------------------------------------------------------------------------------

Upgrade Log for IP 'design_1_amc_simulator_0_0'

1. Summary
----------

SUCCESS in the update of design_1_amc_simulator_0_0 (xilinx.com:user:amc_simulator:1.0 (Rev. 4)) to current project options.






Copyright 1986-2022 Xilinx, Inc. All Rights Reserved. Copyright 2022-2024 Advanced Micro Devices, Inc. All Rights Reserved.
---------------------------------------------------------------------------------------------------------------------------------------------
| Tool Version : Vivado v.2024.2 (win64) Build 5239630 Fri Nov 08 22:35:27 MST 2024
| Date         : Sun Feb  9 10:41:54 2025
| Host         : AngelPC running 64-bit major release  (build 9200)
| Command      : upgrade_ip
| Device       : xc7s25csga225-1
---------------------------------------------------------------------------------------------------------------------------------------------

Upgrade Log for IP 'design_1_amc_simulator_0_0'

1. Summary
----------

SUCCESS in the upgrade of design_1_amc_simulator_0_0 (xilinx.com:user:amc_simulator:1.0) from (Rev. 3) to (Rev. 4)






Copyright 1986-2022 Xilinx, Inc. All Rights Reserved. Copyright 2022-2024 Advanced Micro Devices, Inc. All Rights Reserved.
---------------------------------------------------------------------------------------------------------------------------------------------
| Tool Version : Vivado v.2024.2 (win64) Build 5239630 Fri Nov 08 22:35:27 MST 2024
| Date         : Sun Feb  9 10:40:24 2025
| Host         : AngelPC running 64-bit major release  (build 9200)
| Command      : upgrade_ip
| Device       : xc7s25csga225-1
---------------------------------------------------------------------------------------------------------------------------------------------

Upgrade Log for IP 'design_1_amc_simulator_0_0'

1. Summary
----------

CAUTION (success, with warnings) in the upgrade of design_1_amc_simulator_0_0 (xilinx.com:user:amc_simulator:1.0) from (Rev. 2) to (Rev. 3)

After upgrade, an IP may have parameter and port differences compared to the original customization. Please review the parameters within the IP customization GUI to ensure proper functionality. Also, please review the updated IP instantiation template to ensure proper connectivity, and update your design if required.

2. Connection Warnings
----------------------

Detected external port differences while upgrading 'design_1_amc_simulator_0_0'. These changes may impact your design.


-Upgrade has removed port 'reset_x'

-Upgrade has added port 'ce_out'

-Upgrade has added port 'rst'







Copyright 1986-2022 Xilinx, Inc. All Rights Reserved. Copyright 2022-2024 Advanced Micro Devices, Inc. All Rights Reserved.
---------------------------------------------------------------------------------------------------------------------------------------------
| Tool Version : Vivado v.2024.2 (win64) Build 5239630 Fri Nov 08 22:35:27 MST 2024
| Date         : Sun Feb  9 10:01:00 2025
| Host         : AngelPC running 64-bit major release  (build 9200)
| Command      : upgrade_ip
| Device       : xc7s25csga225-1
---------------------------------------------------------------------------------------------------------------------------------------------

Upgrade Log for IP 'design_1_MCP_DRIVER_0_0'

1. Summary
----------

SUCCESS in the update of design_1_MCP_DRIVER_0_0 (xilinx.com:user:MCP_DRIVER:1.0 (Rev. 9)) to current project options.






Copyright 1986-2022 Xilinx, Inc. All Rights Reserved. Copyright 2022-2024 Advanced Micro Devices, Inc. All Rights Reserved.
---------------------------------------------------------------------------------------------------------------------------------------------
| Tool Version : Vivado v.2024.2 (win64) Build 5239630 Fri Nov 08 22:35:27 MST 2024
| Date         : Sun Feb  9 09:56:06 2025
| Host         : AngelPC running 64-bit major release  (build 9200)
| Command      : upgrade_ip
| Device       : xc7s25csga225-1
---------------------------------------------------------------------------------------------------------------------------------------------

Upgrade Log for IP 'design_1_MCP_DRIVER_0_0'

1. Summary
----------

SUCCESS in the upgrade of design_1_MCP_DRIVER_0_0 (xilinx.com:user:MCP_DRIVER:1.0) from (Rev. 8) to (Rev. 9)






Copyright 1986-2022 Xilinx, Inc. All Rights Reserved. Copyright 2022-2024 Advanced Micro Devices, Inc. All Rights Reserved.
---------------------------------------------------------------------------------------------------------------------------------------------
| Tool Version : Vivado v.2024.2 (win64) Build 5239630 Fri Nov 08 22:35:27 MST 2024
| Date         : Sun Feb  9 09:49:13 2025
| Host         : AngelPC running 64-bit major release  (build 9200)
| Command      : upgrade_ip
| Device       : xc7s25csga225-1
---------------------------------------------------------------------------------------------------------------------------------------------

Upgrade Log for IP 'design_1_MCP_DRIVER_0_0'

1. Summary
----------

SUCCESS in the upgrade of design_1_MCP_DRIVER_0_0 (xilinx.com:user:MCP_DRIVER:1.0) from (Rev. 7) to (Rev. 8)






Copyright 1986-2022 Xilinx, Inc. All Rights Reserved. Copyright 2022-2024 Advanced Micro Devices, Inc. All Rights Reserved.
---------------------------------------------------------------------------------------------------------------------------------------------
| Tool Version : Vivado v.2024.2 (win64) Build 5239630 Fri Nov 08 22:35:27 MST 2024
| Date         : Sun Feb  9 09:43:07 2025
| Host         : AngelPC running 64-bit major release  (build 9200)
| Command      : upgrade_ip
| Device       : xc7s25csga225-1
---------------------------------------------------------------------------------------------------------------------------------------------

Upgrade Log for IP 'design_1_MCP_DRIVER_0_0'

1. Summary
----------

SUCCESS in the upgrade of design_1_MCP_DRIVER_0_0 (xilinx.com:user:MCP_DRIVER:1.0) from (Rev. 6) to (Rev. 7)






Copyright 1986-2022 Xilinx, Inc. All Rights Reserved. Copyright 2022-2024 Advanced Micro Devices, Inc. All Rights Reserved.
---------------------------------------------------------------------------------------------------------------------------------------------
| Tool Version : Vivado v.2024.2 (win64) Build 5239630 Fri Nov 08 22:35:27 MST 2024
| Date         : Sun Feb  9 09:35:14 2025
| Host         : AngelPC running 64-bit major release  (build 9200)
| Command      : upgrade_ip
| Device       : xc7s25csga225-1
---------------------------------------------------------------------------------------------------------------------------------------------

Upgrade Log for IP 'design_1_MCP_DRIVER_0_0'

1. Summary
----------

SUCCESS in the upgrade of design_1_MCP_DRIVER_0_0 (xilinx.com:user:MCP_DRIVER:1.0) from (Rev. 5) to (Rev. 6)






Copyright 1986-2022 Xilinx, Inc. All Rights Reserved. Copyright 2022-2024 Advanced Micro Devices, Inc. All Rights Reserved.
---------------------------------------------------------------------------------------------------------------------------------------------
| Tool Version : Vivado v.2024.2 (win64) Build 5239630 Fri Nov 08 22:35:27 MST 2024
| Date         : Sun Feb  9 08:57:29 2025
| Host         : AngelPC running 64-bit major release  (build 9200)
| Command      : upgrade_ip
| Device       : xc7s25csga225-1
---------------------------------------------------------------------------------------------------------------------------------------------

Upgrade Log for IP 'design_1_MCP_DRIVER_0_0'

1. Summary
----------

CAUTION (success, with warnings) in the upgrade of design_1_MCP_DRIVER_0_0 (xilinx.com:user:MCP_DRIVER:1.0) from (Rev. 4) to (Rev. 5)

After upgrade, an IP may have parameter and port differences compared to the original customization. Please review the parameters within the IP customization GUI to ensure proper functionality. Also, please review the updated IP instantiation template to ensure proper connectivity, and update your design if required.

2. Connection Warnings
----------------------

Detected external port differences while upgrading 'design_1_MCP_DRIVER_0_0'. These changes may impact your design.


-Upgrade has removed port 'numer_vx'







Copyright 1986-2022 Xilinx, Inc. All Rights Reserved. Copyright 2022-2024 Advanced Micro Devices, Inc. All Rights Reserved.
---------------------------------------------------------------------------------------------------------------------------------------------
| Tool Version : Vivado v.2024.2 (win64) Build 5239630 Fri Nov 08 22:35:27 MST 2024
| Date         : Sun Feb  9 08:33:05 2025
| Host         : AngelPC running 64-bit major release  (build 9200)
| Command      : upgrade_ip
| Device       : xc7s25csga225-1
---------------------------------------------------------------------------------------------------------------------------------------------

Upgrade Log for IP 'design_1_MCP_DRIVER_0_0'

1. Summary
----------

SUCCESS in the update of design_1_MCP_DRIVER_0_0 (xilinx.com:user:MCP_DRIVER:1.0 (Rev. 4)) to current project options.






Copyright 1986-2022 Xilinx, Inc. All Rights Reserved. Copyright 2022-2024 Advanced Micro Devices, Inc. All Rights Reserved.
---------------------------------------------------------------------------------------------------------------------------------------------
| Tool Version : Vivado v.2024.2 (win64) Build 5239630 Fri Nov 08 22:35:27 MST 2024
| Date         : Sun Feb  9 08:02:38 2025
| Host         : AngelPC running 64-bit major release  (build 9200)
| Command      : upgrade_ip
| Device       : xc7s25csga225-1
---------------------------------------------------------------------------------------------------------------------------------------------

Upgrade Log for IP 'design_1_MCP_DRIVER_0_0'

1. Summary
----------

CAUTION (success, with warnings) in the upgrade of design_1_MCP_DRIVER_0_0 (xilinx.com:user:MCP_DRIVER:1.0) from (Rev. 3) to (Rev. 4)

After upgrade, an IP may have parameter and port differences compared to the original customization. Please review the parameters within the IP customization GUI to ensure proper functionality. Also, please review the updated IP instantiation template to ensure proper connectivity, and update your design if required.

2. Connection Warnings
----------------------

Detected external port differences while upgrading 'design_1_MCP_DRIVER_0_0'. These changes may impact your design.


-Upgrade has added port 'ce_out'







Copyright 1986-2022 Xilinx, Inc. All Rights Reserved. Copyright 2022-2024 Advanced Micro Devices, Inc. All Rights Reserved.
---------------------------------------------------------------------------------------------------------------------------------------------
| Tool Version : Vivado v.2024.2 (win64) Build 5239630 Fri Nov 08 22:35:27 MST 2024
| Date         : Sat Feb  8 19:09:07 2025
| Host         : AngelPC running 64-bit major release  (build 9200)
| Command      : upgrade_ip
| Device       : xc7s25csga225-1
---------------------------------------------------------------------------------------------------------------------------------------------

Upgrade Log for IP 'design_1_MCP_DRIVER_0_0'

1. Summary
----------

SUCCESS in the upgrade of design_1_MCP_DRIVER_0_0 (xilinx.com:user:MCP_DRIVER:1.0) from (Rev. 2) to (Rev. 3)






Copyright 1986-2022 Xilinx, Inc. All Rights Reserved. Copyright 2022-2024 Advanced Micro Devices, Inc. All Rights Reserved.
---------------------------------------------------------------------------------------------------------------------------------------------
| Tool Version : Vivado v.2024.2 (win64) Build 5239630 Fri Nov 08 22:35:27 MST 2024
| Date         : Sat Feb  8 18:30:00 2025
| Host         : AngelPC running 64-bit major release  (build 9200)
| Command      : upgrade_ip
| Device       : xc7s25csga225-1
---------------------------------------------------------------------------------------------------------------------------------------------

Upgrade Log for IP 'design_1_MCP_DRIVER_0_0'

1. Summary
----------

CAUTION (success, with warnings) in the upgrade of design_1_MCP_DRIVER_0_0 (xilinx.com:user:MCP_DRIVER:1.0) from (Rev. 1) to (Rev. 2)

After upgrade, an IP may have parameter and port differences compared to the original customization. Please review the parameters within the IP customization GUI to ensure proper functionality. Also, please review the updated IP instantiation template to ensure proper connectivity, and update your design if required.

2. Connection Warnings
----------------------

Detected external port differences while upgrading 'design_1_MCP_DRIVER_0_0'. These changes may impact your design.


-Upgrade has added port 'clk_enable'







Copyright 1986-2022 Xilinx, Inc. All Rights Reserved. Copyright 2022-2024 Advanced Micro Devices, Inc. All Rights Reserved.
---------------------------------------------------------------------------------------------------------------------------------------------
| Tool Version : Vivado v.2024.2 (win64) Build 5239630 Fri Nov 08 22:35:27 MST 2024
| Date         : Wed Jan 22 18:03:26 2025
| Host         : AngelPC running 64-bit major release  (build 9200)
| Command      : upgrade_ip
| Device       : xc7s25csga225-1
---------------------------------------------------------------------------------------------------------------------------------------------

Upgrade Log for IP 'design_1_PFC3PH_0_0'

1. Summary
----------

CAUTION (success, with warnings) in the upgrade of design_1_PFC3PH_0_0 (xilinx.com:user:PFC3PH:1.0) from (Rev. 2) to (Rev. 3)

After upgrade, an IP may have parameter and port differences compared to the original customization. Please review the parameters within the IP customization GUI to ensure proper functionality. Also, please review the updated IP instantiation template to ensure proper connectivity, and update your design if required.

2. Connection Warnings
----------------------

Detected external port differences while upgrading 'design_1_PFC3PH_0_0'. These changes may impact your design.


-Upgrade has added port 'ce_out'







Copyright 1986-2022 Xilinx, Inc. All Rights Reserved. Copyright 2022-2024 Advanced Micro Devices, Inc. All Rights Reserved.
---------------------------------------------------------------------------------------------------------------------------------------------
| Tool Version : Vivado v.2024.2 (win64) Build 5239630 Fri Nov 08 22:35:27 MST 2024
| Date         : Tue Jan 21 19:39:23 2025
| Host         : AngelPC running 64-bit major release  (build 9200)
| Command      : upgrade_ip
| Device       : xc7s25csga225-1
---------------------------------------------------------------------------------------------------------------------------------------------

Upgrade Log for IP 'design_1_vio_0_0'

1. Summary
----------

SUCCESS in the upgrade of design_1_vio_0_0 (xilinx.com:ip:vio:3.0) from (Rev. 25) to (Rev. 26)






Copyright 1986-2022 Xilinx, Inc. All Rights Reserved. Copyright 2022-2024 Advanced Micro Devices, Inc. All Rights Reserved.
---------------------------------------------------------------------------------------------------------------------------------------------
| Tool Version : Vivado v.2024.2 (win64) Build 5239630 Fri Nov 08 22:35:27 MST 2024
| Date         : Tue Jan 21 19:39:23 2025
| Host         : AngelPC running 64-bit major release  (build 9200)
| Command      : upgrade_ip
| Device       : xc7s25csga225-1
---------------------------------------------------------------------------------------------------------------------------------------------

Upgrade Log for IP 'design_1_rst_clk_wiz_1_6M_0'

1. Summary
----------

SUCCESS in the update of design_1_rst_clk_wiz_1_6M_0 (xilinx.com:ip:proc_sys_reset:5.0 (Rev. 16)) to current project options.






Copyright 1986-2022 Xilinx, Inc. All Rights Reserved. Copyright 2022-2024 Advanced Micro Devices, Inc. All Rights Reserved.
---------------------------------------------------------------------------------------------------------------------------------------------
| Tool Version : Vivado v.2024.2 (win64) Build 5239630 Fri Nov 08 22:35:27 MST 2024
| Date         : Tue Jan 21 19:39:23 2025
| Host         : AngelPC running 64-bit major release  (build 9200)
| Command      : upgrade_ip
| Device       : xc7s25csga225-1
---------------------------------------------------------------------------------------------------------------------------------------------

Upgrade Log for IP 'design_1_clk_wiz_1_0'

1. Summary
----------

SUCCESS in the update of design_1_clk_wiz_1_0 (xilinx.com:ip:clk_wiz:6.0 (Rev. 15)) to current project options.






Copyright 1986-2022 Xilinx, Inc. All Rights Reserved. Copyright 2022-2024 Advanced Micro Devices, Inc. All Rights Reserved.
---------------------------------------------------------------------------------------------------------------------------------------------
| Tool Version : Vivado v.2024.2 (win64) Build 5239630 Fri Nov 08 22:35:27 MST 2024
| Date         : Tue Jan 21 19:39:23 2025
| Host         : AngelPC running 64-bit major release  (build 9200)
| Command      : upgrade_ip
| Device       : xc7s25csga225-1
---------------------------------------------------------------------------------------------------------------------------------------------

Upgrade Log for IP 'design_1_clk_wiz_14'

1. Summary
----------

SUCCESS in the update of design_1_clk_wiz_14 (xilinx.com:ip:clk_wiz:6.0 (Rev. 15)) to current project options.






Copyright 1986-2022 Xilinx, Inc. All Rights Reserved. Copyright 2022-2024 Advanced Micro Devices, Inc. All Rights Reserved.
---------------------------------------------------------------------------------------------------------------------------------------------
| Tool Version : Vivado v.2024.2 (win64) Build 5239630 Fri Nov 08 22:35:27 MST 2024
| Date         : Tue Jan 21 19:39:23 2025
| Host         : AngelPC running 64-bit major release  (build 9200)
| Command      : upgrade_ip
| Device       : xc7s25csga225-1
---------------------------------------------------------------------------------------------------------------------------------------------

Upgrade Log for IP 'design_1_c_addsub_4_0'

1. Summary
----------

SUCCESS in the upgrade of design_1_c_addsub_4_0 (xilinx.com:ip:c_addsub:12.0) from (Rev. 18) to (Rev. 19)






Copyright 1986-2022 Xilinx, Inc. All Rights Reserved. Copyright 2022-2024 Advanced Micro Devices, Inc. All Rights Reserved.
---------------------------------------------------------------------------------------------------------------------------------------------
| Tool Version : Vivado v.2024.2 (win64) Build 5239630 Fri Nov 08 22:35:27 MST 2024
| Date         : Tue Jan 21 19:39:23 2025
| Host         : AngelPC running 64-bit major release  (build 9200)
| Command      : upgrade_ip
| Device       : xc7s25csga225-1
---------------------------------------------------------------------------------------------------------------------------------------------

Upgrade Log for IP 'design_1_c_addsub_3_0'

1. Summary
----------

SUCCESS in the upgrade of design_1_c_addsub_3_0 (xilinx.com:ip:c_addsub:12.0) from (Rev. 18) to (Rev. 19)






Copyright 1986-2022 Xilinx, Inc. All Rights Reserved. Copyright 2022-2024 Advanced Micro Devices, Inc. All Rights Reserved.
---------------------------------------------------------------------------------------------------------------------------------------------
| Tool Version : Vivado v.2024.2 (win64) Build 5239630 Fri Nov 08 22:35:27 MST 2024
| Date         : Tue Jan 21 19:39:23 2025
| Host         : AngelPC running 64-bit major release  (build 9200)
| Command      : upgrade_ip
| Device       : xc7s25csga225-1
---------------------------------------------------------------------------------------------------------------------------------------------

Upgrade Log for IP 'design_1_c_addsub_2_0'

1. Summary
----------

SUCCESS in the upgrade of design_1_c_addsub_2_0 (xilinx.com:ip:c_addsub:12.0) from (Rev. 18) to (Rev. 19)






Copyright 1986-2022 Xilinx, Inc. All Rights Reserved. Copyright 2022-2024 Advanced Micro Devices, Inc. All Rights Reserved.
---------------------------------------------------------------------------------------------------------------------------------------------
| Tool Version : Vivado v.2024.2 (win64) Build 5239630 Fri Nov 08 22:35:27 MST 2024
| Date         : Tue Jan 21 19:39:23 2025
| Host         : AngelPC running 64-bit major release  (build 9200)
| Command      : upgrade_ip
| Device       : xc7s25csga225-1
---------------------------------------------------------------------------------------------------------------------------------------------

Upgrade Log for IP 'design_1_c_addsub_1_0'

1. Summary
----------

SUCCESS in the upgrade of design_1_c_addsub_1_0 (xilinx.com:ip:c_addsub:12.0) from (Rev. 18) to (Rev. 19)






Copyright 1986-2022 Xilinx, Inc. All Rights Reserved. Copyright 2022-2024 Advanced Micro Devices, Inc. All Rights Reserved.
---------------------------------------------------------------------------------------------------------------------------------------------
| Tool Version : Vivado v.2024.2 (win64) Build 5239630 Fri Nov 08 22:35:27 MST 2024
| Date         : Tue Jan 21 19:39:23 2025
| Host         : AngelPC running 64-bit major release  (build 9200)
| Command      : upgrade_ip
| Device       : xc7s25csga225-1
---------------------------------------------------------------------------------------------------------------------------------------------

Upgrade Log for IP 'design_1_c_addsub_0_1'

1. Summary
----------

SUCCESS in the upgrade of design_1_c_addsub_0_1 (xilinx.com:ip:c_addsub:12.0) from (Rev. 18) to (Rev. 19)






Copyright 1986-2022 Xilinx, Inc. All Rights Reserved. Copyright 2022-2024 Advanced Micro Devices, Inc. All Rights Reserved.
---------------------------------------------------------------------------------------------------------------------------------------------
| Tool Version : Vivado v.2024.2 (win64) Build 5239630 Fri Nov 08 22:35:27 MST 2024
| Date         : Tue Jan 21 19:39:23 2025
| Host         : AngelPC running 64-bit major release  (build 9200)
| Command      : upgrade_ip
| Device       : xc7s25csga225-1
---------------------------------------------------------------------------------------------------------------------------------------------

Upgrade Log for IP 'design_1_c_addsub_0_0'

1. Summary
----------

SUCCESS in the upgrade of design_1_c_addsub_0_0 (xilinx.com:ip:c_addsub:12.0) from (Rev. 18) to (Rev. 19)






Copyright 1986-2022 Xilinx, Inc. All Rights Reserved. Copyright 2022-2024 Advanced Micro Devices, Inc. All Rights Reserved.
---------------------------------------------------------------------------------------------------------------------------------------------
| Tool Version : Vivado v.2024.2 (win64) Build 5239630 Fri Nov 08 22:35:27 MST 2024
| Date         : Tue Jan 21 19:39:23 2025
| Host         : AngelPC running 64-bit major release  (build 9200)
| Command      : upgrade_ip
| Device       : xc7s25csga225-1
---------------------------------------------------------------------------------------------------------------------------------------------

Upgrade Log for IP 'design_1_PFC3PH_0_0'

1. Summary
----------

SUCCESS in the upgrade of design_1_PFC3PH_0_0 (xilinx.com:user:PFC3PH:1.0) from (Rev. 1) to (Rev. 2)

