14:58:57 DEBUG : Logs will be stored at 'C:/Users/angro/Desktop/hil/pfc3ph/vitis/IDE.log'.
14:59:01 INFO  : Registering command handlers for Vitis TCF services
14:59:01 INFO  : Launching XSCT server: xsct.bat -n  -interactive C:\Users\angro\Desktop\hil\pfc3ph\vitis\temp_xsdb_launch_script.tcl
14:59:01 INFO  : Platform repository initialization has completed.
14:59:01 ERROR : (XSDB Server)'\gnu\microblaze\lin\bin\' is not recognized as an internal or external command,
operable program or batch file.

14:59:01 ERROR : (XSDB Server)'\gnu\microblaze\nt\bin\' is not recognized as an internal or external command,
operable program or batch file.

14:59:01 ERROR : (XSDB Server)'\gnuwin\bin\' is not recognized as an internal or external command,
operable program or batch file.

14:59:06 INFO  : XSCT server has started successfully.
14:59:09 INFO  : Successfully done setting XSCT server connection channel  
14:59:09 INFO  : plnx-install-location is set to ''
14:59:09 INFO  : Successfully done query RDI_DATADIR 
14:59:09 INFO  : Successfully done setting workspace for the tool. 
15:02:01 INFO  : Result from executing command 'getProjects': design_1_wrapper
15:02:01 INFO  : Result from executing command 'getPlatforms': 
15:02:01 WARN  : An unexpected exception occurred in the module 'platform project logging'
15:02:02 INFO  : Platform 'design_1_wrapper' is added to custom repositories.
15:02:11 INFO  : Platform 'design_1_wrapper' is added to custom repositories.
15:04:47 INFO  : Checking for BSP changes to sync application flags for project '3phpfc'...
15:04:47 INFO  : Result from executing command 'getProjects': 3phpfc;3phpfc_system;RemoteSystemsTempFiles;design_1_wrapper
15:04:47 WARN  : Failed to closehw "C:/Users/angro/Desktop/hil/pfc3ph/vitis/design_1_wrapper/export/design_1_wrapper/hw/design_1_wrapper.xsa"
Reason: C:/Users/angro/Desktop/hil/pfc3ph/vitis/design_1_wrapper/export/design_1_wrapper/hw/design_1_wrapper.xsa is not available in the current workspace
use 'getprojects' command to see list of available projects in current workspace
15:04:47 INFO  : Result from executing command 'getProjects': 3phpfc;3phpfc_system;RemoteSystemsTempFiles;design_1_wrapper
15:04:47 ERROR : Failed to openhw "C:/Users/angro/Desktop/hil/pfc3ph/vitis/design_1_wrapper/export/design_1_wrapper/hw/design_1_wrapper.xsa"
Reason: C:/Users/angro/Desktop/hil/pfc3ph/vitis/design_1_wrapper/export/design_1_wrapper/hw/design_1_wrapper.xsa is not available in the current workspace
use 'getprojects' command to see list of available projects in current workspace
15:04:47 ERROR : Failed to update application flags from BSP for '3phpfc'. Reason: null
java.lang.NullPointerException: null
	at com.xilinx.sdx.sw.internal.SDxSwPlatform.<init>(SDxSwPlatform.java:305) ~[com.xilinx.sdx.sw_1.0.0.202404291623.jar:?]
	at com.xilinx.sdx.sw.internal.SDxSwPlatform.create(SDxSwPlatform.java:214) ~[com.xilinx.sdx.sw_1.0.0.202404291623.jar:?]
	at com.xilinx.sdx.sdk.core.util.SdkPlatformHelper.getSwPlatform(SdkPlatformHelper.java:64) ~[com.xilinx.sdx.sdk.core_1.0.0.202404291623.jar:?]
	at com.xilinx.sdx.sdk.core.build.SdkMakefileGenerationListener.getSwPlatform(SdkMakefileGenerationListener.java:160) ~[com.xilinx.sdx.sdk.core_1.0.0.202404291623.jar:?]
	at com.xilinx.sdx.sdk.core.build.SdkMakefileGenerationListener.syncAppFlags(SdkMakefileGenerationListener.java:78) [com.xilinx.sdx.sdk.core_1.0.0.202404291623.jar:?]
	at com.xilinx.sdx.sdk.core.build.SdkMakefileGenerationListener.preMakefileGeneration(SdkMakefileGenerationListener.java:48) [com.xilinx.sdx.sdk.core_1.0.0.202404291623.jar:?]
	at com.xilinx.sdk.managedbuilder.XilinxGnuMakefileGenerator.notifyPreMakefileGenerationListeners(XilinxGnuMakefileGenerator.java:91) [com.xilinx.sdk.managedbuilder_1.0.0.202404291623.jar:?]
	at com.xilinx.sdk.managedbuilder.XilinxGnuMakefileGenerator.regenerateMakefiles(XilinxGnuMakefileGenerator.java:75) [com.xilinx.sdk.managedbuilder_1.0.0.202404291623.jar:?]
	at org.eclipse.cdt.managedbuilder.internal.core.CommonBuilder.performMakefileGeneration(CommonBuilder.java:1006) [org.eclipse.cdt.managedbuilder.core_8.6.0.201802261533.jar:?]
	at org.eclipse.cdt.managedbuilder.internal.core.CommonBuilder.performPrebuildGeneration(CommonBuilder.java:873) [org.eclipse.cdt.managedbuilder.core_8.6.0.201802261533.jar:?]
	at org.eclipse.cdt.managedbuilder.internal.core.CommonBuilder.build(CommonBuilder.java:748) [org.eclipse.cdt.managedbuilder.core_8.6.0.201802261533.jar:?]
	at org.eclipse.cdt.managedbuilder.internal.core.CommonBuilder.build(CommonBuilder.java:513) [org.eclipse.cdt.managedbuilder.core_8.6.0.201802261533.jar:?]
	at org.eclipse.cdt.managedbuilder.internal.core.CommonBuilder.build(CommonBuilder.java:459) [org.eclipse.cdt.managedbuilder.core_8.6.0.201802261533.jar:?]
	at org.eclipse.core.internal.events.BuildManager$2.run(BuildManager.java:832) [org.eclipse.core.resources_3.13.700.v20200209-1624.jar:?]
	at org.eclipse.core.runtime.SafeRunner.run(SafeRunner.java:45) [org.eclipse.equinox.common_3.11.0.v20200206-0817.jar:?]
	at org.eclipse.core.internal.events.BuildManager.basicBuild(BuildManager.java:220) [org.eclipse.core.resources_3.13.700.v20200209-1624.jar:?]
	at org.eclipse.core.internal.events.BuildManager.basicBuild(BuildManager.java:263) [org.eclipse.core.resources_3.13.700.v20200209-1624.jar:?]
	at org.eclipse.core.internal.events.BuildManager$1.run(BuildManager.java:316) [org.eclipse.core.resources_3.13.700.v20200209-1624.jar:?]
	at org.eclipse.core.runtime.SafeRunner.run(SafeRunner.java:45) [org.eclipse.equinox.common_3.11.0.v20200206-0817.jar:?]
	at org.eclipse.core.internal.events.BuildManager.basicBuild(BuildManager.java:319) [org.eclipse.core.resources_3.13.700.v20200209-1624.jar:?]
	at org.eclipse.core.internal.events.BuildManager.basicBuildLoop(BuildManager.java:371) [org.eclipse.core.resources_3.13.700.v20200209-1624.jar:?]
	at org.eclipse.core.internal.events.BuildManager.build(BuildManager.java:392) [org.eclipse.core.resources_3.13.700.v20200209-1624.jar:?]
	at org.eclipse.core.internal.resources.Workspace.buildInternal(Workspace.java:515) [org.eclipse.core.resources_3.13.700.v20200209-1624.jar:?]
	at org.eclipse.core.internal.resources.Workspace.build(Workspace.java:412) [org.eclipse.core.resources_3.13.700.v20200209-1624.jar:?]
	at org.eclipse.ui.actions.BuildAction$1.runInWorkspace(BuildAction.java:291) [org.eclipse.ui.ide_3.17.0.v20200217-1511.jar:?]
	at org.eclipse.core.internal.resources.InternalWorkspaceJob.run(InternalWorkspaceJob.java:42) [org.eclipse.core.resources_3.13.700.v20200209-1624.jar:?]
	at org.eclipse.core.internal.jobs.Worker.run(Worker.java:63) [org.eclipse.core.jobs_3.10.700.v20200106-1020.jar:?]
15:04:48 ERROR : Failed to compute checksum of hardware specification file used by project '3phpfc'
15:04:48 INFO  : Result from executing command 'getProjects': 3phpfc;3phpfc_system;RemoteSystemsTempFiles;design_1_wrapper
15:04:48 ERROR : Failed to openhw "C:/Users/angro/Desktop/hil/pfc3ph/vitis/design_1_wrapper/export/design_1_wrapper/hw/design_1_wrapper.xsa"
Reason: C:/Users/angro/Desktop/hil/pfc3ph/vitis/design_1_wrapper/export/design_1_wrapper/hw/design_1_wrapper.xsa is not available in the current workspace
use 'getprojects' command to see list of available projects in current workspace
15:04:48 INFO  : Result from executing command 'getProjects': 3phpfc;3phpfc_system;RemoteSystemsTempFiles;design_1_wrapper
15:04:48 ERROR : Failed to openhw "C:/Users/angro/Desktop/hil/pfc3ph/vitis/design_1_wrapper/export/design_1_wrapper/hw/design_1_wrapper.xsa"
Reason: C:/Users/angro/Desktop/hil/pfc3ph/vitis/design_1_wrapper/export/design_1_wrapper/hw/design_1_wrapper.xsa is not available in the current workspace
use 'getprojects' command to see list of available projects in current workspace
15:04:48 INFO  : Result from executing command 'getProjects': 3phpfc;3phpfc_system;RemoteSystemsTempFiles;design_1_wrapper
15:04:48 ERROR : Failed to openhw "C:/Users/angro/Desktop/hil/pfc3ph/vitis/design_1_wrapper/export/design_1_wrapper/hw/design_1_wrapper.xsa"
Reason: C:/Users/angro/Desktop/hil/pfc3ph/vitis/design_1_wrapper/export/design_1_wrapper/hw/design_1_wrapper.xsa is not available in the current workspace
use 'getprojects' command to see list of available projects in current workspace
15:05:11 INFO  : Checking for BSP changes to sync application flags for project '3phpfc'...
15:05:11 INFO  : Result from executing command 'getProjects': 3phpfc;3phpfc_system;RemoteSystemsTempFiles;design_1_wrapper
15:05:11 ERROR : Failed to openhw "C:/Users/angro/Desktop/hil/pfc3ph/vitis/design_1_wrapper/export/design_1_wrapper/hw/design_1_wrapper.xsa"
Reason: C:/Users/angro/Desktop/hil/pfc3ph/vitis/design_1_wrapper/export/design_1_wrapper/hw/design_1_wrapper.xsa is not available in the current workspace
use 'getprojects' command to see list of available projects in current workspace
15:05:11 ERROR : Failed to update application flags from BSP for '3phpfc'. Reason: null
java.lang.NullPointerException: null
	at com.xilinx.sdx.sw.internal.SDxSwPlatform.<init>(SDxSwPlatform.java:305) ~[com.xilinx.sdx.sw_1.0.0.202404291623.jar:?]
	at com.xilinx.sdx.sw.internal.SDxSwPlatform.create(SDxSwPlatform.java:214) ~[com.xilinx.sdx.sw_1.0.0.202404291623.jar:?]
	at com.xilinx.sdx.sdk.core.util.SdkPlatformHelper.getSwPlatform(SdkPlatformHelper.java:64) ~[com.xilinx.sdx.sdk.core_1.0.0.202404291623.jar:?]
	at com.xilinx.sdx.sdk.core.build.SdkMakefileGenerationListener.getSwPlatform(SdkMakefileGenerationListener.java:160) ~[com.xilinx.sdx.sdk.core_1.0.0.202404291623.jar:?]
	at com.xilinx.sdx.sdk.core.build.SdkMakefileGenerationListener.syncAppFlags(SdkMakefileGenerationListener.java:78) [com.xilinx.sdx.sdk.core_1.0.0.202404291623.jar:?]
	at com.xilinx.sdx.sdk.core.build.SdkMakefileGenerationListener.preMakefileGeneration(SdkMakefileGenerationListener.java:48) [com.xilinx.sdx.sdk.core_1.0.0.202404291623.jar:?]
	at com.xilinx.sdk.managedbuilder.XilinxGnuMakefileGenerator.notifyPreMakefileGenerationListeners(XilinxGnuMakefileGenerator.java:91) [com.xilinx.sdk.managedbuilder_1.0.0.202404291623.jar:?]
	at com.xilinx.sdk.managedbuilder.XilinxGnuMakefileGenerator.generateMakefiles(XilinxGnuMakefileGenerator.java:40) [com.xilinx.sdk.managedbuilder_1.0.0.202404291623.jar:?]
	at org.eclipse.cdt.managedbuilder.internal.core.CommonBuilder.performMakefileGeneration(CommonBuilder.java:1008) [org.eclipse.cdt.managedbuilder.core_8.6.0.201802261533.jar:?]
	at org.eclipse.cdt.managedbuilder.internal.core.CommonBuilder.performPrebuildGeneration(CommonBuilder.java:873) [org.eclipse.cdt.managedbuilder.core_8.6.0.201802261533.jar:?]
	at org.eclipse.cdt.managedbuilder.internal.core.CommonBuilder.build(CommonBuilder.java:748) [org.eclipse.cdt.managedbuilder.core_8.6.0.201802261533.jar:?]
	at org.eclipse.cdt.managedbuilder.internal.core.CommonBuilder.build(CommonBuilder.java:510) [org.eclipse.cdt.managedbuilder.core_8.6.0.201802261533.jar:?]
	at org.eclipse.cdt.managedbuilder.internal.core.CommonBuilder.build(CommonBuilder.java:459) [org.eclipse.cdt.managedbuilder.core_8.6.0.201802261533.jar:?]
	at org.eclipse.core.internal.events.BuildManager$2.run(BuildManager.java:832) [org.eclipse.core.resources_3.13.700.v20200209-1624.jar:?]
	at org.eclipse.core.runtime.SafeRunner.run(SafeRunner.java:45) [org.eclipse.equinox.common_3.11.0.v20200206-0817.jar:?]
	at org.eclipse.core.internal.events.BuildManager.basicBuild(BuildManager.java:220) [org.eclipse.core.resources_3.13.700.v20200209-1624.jar:?]
	at org.eclipse.core.internal.events.BuildManager.basicBuild(BuildManager.java:263) [org.eclipse.core.resources_3.13.700.v20200209-1624.jar:?]
	at org.eclipse.core.internal.events.BuildManager$1.run(BuildManager.java:316) [org.eclipse.core.resources_3.13.700.v20200209-1624.jar:?]
	at org.eclipse.core.runtime.SafeRunner.run(SafeRunner.java:45) [org.eclipse.equinox.common_3.11.0.v20200206-0817.jar:?]
	at org.eclipse.core.internal.events.BuildManager.basicBuild(BuildManager.java:319) [org.eclipse.core.resources_3.13.700.v20200209-1624.jar:?]
	at org.eclipse.core.internal.events.BuildManager.basicBuildLoop(BuildManager.java:371) [org.eclipse.core.resources_3.13.700.v20200209-1624.jar:?]
	at org.eclipse.core.internal.events.BuildManager.build(BuildManager.java:392) [org.eclipse.core.resources_3.13.700.v20200209-1624.jar:?]
	at org.eclipse.core.internal.resources.Workspace.buildInternal(Workspace.java:515) [org.eclipse.core.resources_3.13.700.v20200209-1624.jar:?]
	at org.eclipse.core.internal.resources.Workspace.build(Workspace.java:412) [org.eclipse.core.resources_3.13.700.v20200209-1624.jar:?]
	at org.eclipse.ui.actions.BuildAction$1.runInWorkspace(BuildAction.java:291) [org.eclipse.ui.ide_3.17.0.v20200217-1511.jar:?]
	at org.eclipse.core.internal.resources.InternalWorkspaceJob.run(InternalWorkspaceJob.java:42) [org.eclipse.core.resources_3.13.700.v20200209-1624.jar:?]
	at org.eclipse.core.internal.jobs.Worker.run(Worker.java:63) [org.eclipse.core.jobs_3.10.700.v20200106-1020.jar:?]
15:05:11 ERROR : Failed to compute checksum of hardware specification file used by project '3phpfc'
15:05:11 INFO  : Result from executing command 'getProjects': 3phpfc;3phpfc_system;RemoteSystemsTempFiles;design_1_wrapper
15:05:11 ERROR : Failed to openhw "C:/Users/angro/Desktop/hil/pfc3ph/vitis/design_1_wrapper/export/design_1_wrapper/hw/design_1_wrapper.xsa"
Reason: C:/Users/angro/Desktop/hil/pfc3ph/vitis/design_1_wrapper/export/design_1_wrapper/hw/design_1_wrapper.xsa is not available in the current workspace
use 'getprojects' command to see list of available projects in current workspace
15:05:11 INFO  : Result from executing command 'getProjects': 3phpfc;3phpfc_system;RemoteSystemsTempFiles;design_1_wrapper
15:05:11 ERROR : Failed to openhw "C:/Users/angro/Desktop/hil/pfc3ph/vitis/design_1_wrapper/export/design_1_wrapper/hw/design_1_wrapper.xsa"
Reason: C:/Users/angro/Desktop/hil/pfc3ph/vitis/design_1_wrapper/export/design_1_wrapper/hw/design_1_wrapper.xsa is not available in the current workspace
use 'getprojects' command to see list of available projects in current workspace
15:05:11 INFO  : Result from executing command 'getProjects': 3phpfc;3phpfc_system;RemoteSystemsTempFiles;design_1_wrapper
15:05:11 ERROR : Failed to openhw "C:/Users/angro/Desktop/hil/pfc3ph/vitis/design_1_wrapper/export/design_1_wrapper/hw/design_1_wrapper.xsa"
Reason: C:/Users/angro/Desktop/hil/pfc3ph/vitis/design_1_wrapper/export/design_1_wrapper/hw/design_1_wrapper.xsa is not available in the current workspace
use 'getprojects' command to see list of available projects in current workspace
15:05:34 INFO  : Checking for BSP changes to sync application flags for project '3phpfc'...
15:05:34 INFO  : Result from executing command 'getProjects': 3phpfc;3phpfc_system;RemoteSystemsTempFiles;design_1_wrapper
15:05:34 ERROR : Failed to openhw "C:/Users/angro/Desktop/hil/pfc3ph/vitis/design_1_wrapper/export/design_1_wrapper/hw/design_1_wrapper.xsa"
Reason: C:/Users/angro/Desktop/hil/pfc3ph/vitis/design_1_wrapper/export/design_1_wrapper/hw/design_1_wrapper.xsa is not available in the current workspace
use 'getprojects' command to see list of available projects in current workspace
15:05:34 ERROR : Failed to update application flags from BSP for '3phpfc'. Reason: null
java.lang.NullPointerException: null
	at com.xilinx.sdx.sw.internal.SDxSwPlatform.<init>(SDxSwPlatform.java:305) ~[com.xilinx.sdx.sw_1.0.0.202404291623.jar:?]
	at com.xilinx.sdx.sw.internal.SDxSwPlatform.create(SDxSwPlatform.java:214) ~[com.xilinx.sdx.sw_1.0.0.202404291623.jar:?]
	at com.xilinx.sdx.sdk.core.util.SdkPlatformHelper.getSwPlatform(SdkPlatformHelper.java:64) ~[com.xilinx.sdx.sdk.core_1.0.0.202404291623.jar:?]
	at com.xilinx.sdx.sdk.core.build.SdkMakefileGenerationListener.getSwPlatform(SdkMakefileGenerationListener.java:160) ~[com.xilinx.sdx.sdk.core_1.0.0.202404291623.jar:?]
	at com.xilinx.sdx.sdk.core.build.SdkMakefileGenerationListener.syncAppFlags(SdkMakefileGenerationListener.java:78) [com.xilinx.sdx.sdk.core_1.0.0.202404291623.jar:?]
	at com.xilinx.sdx.sdk.core.build.SdkMakefileGenerationListener.preMakefileGeneration(SdkMakefileGenerationListener.java:48) [com.xilinx.sdx.sdk.core_1.0.0.202404291623.jar:?]
	at com.xilinx.sdk.managedbuilder.XilinxGnuMakefileGenerator.notifyPreMakefileGenerationListeners(XilinxGnuMakefileGenerator.java:91) [com.xilinx.sdk.managedbuilder_1.0.0.202404291623.jar:?]
	at com.xilinx.sdk.managedbuilder.XilinxGnuMakefileGenerator.generateMakefiles(XilinxGnuMakefileGenerator.java:40) [com.xilinx.sdk.managedbuilder_1.0.0.202404291623.jar:?]
	at org.eclipse.cdt.managedbuilder.internal.core.CommonBuilder.performMakefileGeneration(CommonBuilder.java:1008) [org.eclipse.cdt.managedbuilder.core_8.6.0.201802261533.jar:?]
	at org.eclipse.cdt.managedbuilder.internal.core.CommonBuilder.performPrebuildGeneration(CommonBuilder.java:873) [org.eclipse.cdt.managedbuilder.core_8.6.0.201802261533.jar:?]
	at org.eclipse.cdt.managedbuilder.internal.core.CommonBuilder.build(CommonBuilder.java:748) [org.eclipse.cdt.managedbuilder.core_8.6.0.201802261533.jar:?]
	at org.eclipse.cdt.managedbuilder.internal.core.CommonBuilder.build(CommonBuilder.java:510) [org.eclipse.cdt.managedbuilder.core_8.6.0.201802261533.jar:?]
	at org.eclipse.cdt.managedbuilder.internal.core.CommonBuilder.build(CommonBuilder.java:459) [org.eclipse.cdt.managedbuilder.core_8.6.0.201802261533.jar:?]
	at org.eclipse.core.internal.events.BuildManager$2.run(BuildManager.java:832) [org.eclipse.core.resources_3.13.700.v20200209-1624.jar:?]
	at org.eclipse.core.runtime.SafeRunner.run(SafeRunner.java:45) [org.eclipse.equinox.common_3.11.0.v20200206-0817.jar:?]
	at org.eclipse.core.internal.events.BuildManager.basicBuild(BuildManager.java:220) [org.eclipse.core.resources_3.13.700.v20200209-1624.jar:?]
	at org.eclipse.core.internal.events.BuildManager.basicBuild(BuildManager.java:263) [org.eclipse.core.resources_3.13.700.v20200209-1624.jar:?]
	at org.eclipse.core.internal.events.BuildManager$1.run(BuildManager.java:316) [org.eclipse.core.resources_3.13.700.v20200209-1624.jar:?]
	at org.eclipse.core.runtime.SafeRunner.run(SafeRunner.java:45) [org.eclipse.equinox.common_3.11.0.v20200206-0817.jar:?]
	at org.eclipse.core.internal.events.BuildManager.basicBuild(BuildManager.java:319) [org.eclipse.core.resources_3.13.700.v20200209-1624.jar:?]
	at org.eclipse.core.internal.events.BuildManager.basicBuildLoop(BuildManager.java:371) [org.eclipse.core.resources_3.13.700.v20200209-1624.jar:?]
	at org.eclipse.core.internal.events.BuildManager.build(BuildManager.java:392) [org.eclipse.core.resources_3.13.700.v20200209-1624.jar:?]
	at org.eclipse.core.internal.resources.Workspace.buildInternal(Workspace.java:515) [org.eclipse.core.resources_3.13.700.v20200209-1624.jar:?]
	at org.eclipse.core.internal.resources.Workspace.build(Workspace.java:412) [org.eclipse.core.resources_3.13.700.v20200209-1624.jar:?]
	at org.eclipse.ui.actions.BuildAction$1.runInWorkspace(BuildAction.java:291) [org.eclipse.ui.ide_3.17.0.v20200217-1511.jar:?]
	at org.eclipse.core.internal.resources.InternalWorkspaceJob.run(InternalWorkspaceJob.java:42) [org.eclipse.core.resources_3.13.700.v20200209-1624.jar:?]
	at org.eclipse.core.internal.jobs.Worker.run(Worker.java:63) [org.eclipse.core.jobs_3.10.700.v20200106-1020.jar:?]
15:05:35 ERROR : Failed to compute checksum of hardware specification file used by project '3phpfc'
15:05:35 INFO  : Result from executing command 'getProjects': 3phpfc;3phpfc_system;RemoteSystemsTempFiles;design_1_wrapper
15:05:35 ERROR : Failed to openhw "C:/Users/angro/Desktop/hil/pfc3ph/vitis/design_1_wrapper/export/design_1_wrapper/hw/design_1_wrapper.xsa"
Reason: C:/Users/angro/Desktop/hil/pfc3ph/vitis/design_1_wrapper/export/design_1_wrapper/hw/design_1_wrapper.xsa is not available in the current workspace
use 'getprojects' command to see list of available projects in current workspace
15:05:35 INFO  : Result from executing command 'getProjects': 3phpfc;3phpfc_system;RemoteSystemsTempFiles;design_1_wrapper
15:05:35 ERROR : Failed to openhw "C:/Users/angro/Desktop/hil/pfc3ph/vitis/design_1_wrapper/export/design_1_wrapper/hw/design_1_wrapper.xsa"
Reason: C:/Users/angro/Desktop/hil/pfc3ph/vitis/design_1_wrapper/export/design_1_wrapper/hw/design_1_wrapper.xsa is not available in the current workspace
use 'getprojects' command to see list of available projects in current workspace
15:05:35 INFO  : Result from executing command 'getProjects': 3phpfc;3phpfc_system;RemoteSystemsTempFiles;design_1_wrapper
15:05:35 ERROR : Failed to openhw "C:/Users/angro/Desktop/hil/pfc3ph/vitis/design_1_wrapper/export/design_1_wrapper/hw/design_1_wrapper.xsa"
Reason: C:/Users/angro/Desktop/hil/pfc3ph/vitis/design_1_wrapper/export/design_1_wrapper/hw/design_1_wrapper.xsa is not available in the current workspace
use 'getprojects' command to see list of available projects in current workspace
15:05:54 INFO  : Checking for BSP changes to sync application flags for project '3phpfc'...
15:05:54 INFO  : Result from executing command 'getProjects': 3phpfc;3phpfc_system;RemoteSystemsTempFiles;design_1_wrapper
15:05:54 ERROR : Failed to openhw "C:/Users/angro/Desktop/hil/pfc3ph/vitis/design_1_wrapper/export/design_1_wrapper/hw/design_1_wrapper.xsa"
Reason: C:/Users/angro/Desktop/hil/pfc3ph/vitis/design_1_wrapper/export/design_1_wrapper/hw/design_1_wrapper.xsa is not available in the current workspace
use 'getprojects' command to see list of available projects in current workspace
15:05:54 ERROR : Failed to update application flags from BSP for '3phpfc'. Reason: null
java.lang.NullPointerException: null
	at com.xilinx.sdx.sw.internal.SDxSwPlatform.<init>(SDxSwPlatform.java:305) ~[com.xilinx.sdx.sw_1.0.0.202404291623.jar:?]
	at com.xilinx.sdx.sw.internal.SDxSwPlatform.create(SDxSwPlatform.java:214) ~[com.xilinx.sdx.sw_1.0.0.202404291623.jar:?]
	at com.xilinx.sdx.sdk.core.util.SdkPlatformHelper.getSwPlatform(SdkPlatformHelper.java:64) ~[com.xilinx.sdx.sdk.core_1.0.0.202404291623.jar:?]
	at com.xilinx.sdx.sdk.core.build.SdkMakefileGenerationListener.getSwPlatform(SdkMakefileGenerationListener.java:160) ~[com.xilinx.sdx.sdk.core_1.0.0.202404291623.jar:?]
	at com.xilinx.sdx.sdk.core.build.SdkMakefileGenerationListener.syncAppFlags(SdkMakefileGenerationListener.java:78) [com.xilinx.sdx.sdk.core_1.0.0.202404291623.jar:?]
	at com.xilinx.sdx.sdk.core.build.SdkMakefileGenerationListener.preMakefileGeneration(SdkMakefileGenerationListener.java:48) [com.xilinx.sdx.sdk.core_1.0.0.202404291623.jar:?]
	at com.xilinx.sdk.managedbuilder.XilinxGnuMakefileGenerator.notifyPreMakefileGenerationListeners(XilinxGnuMakefileGenerator.java:91) [com.xilinx.sdk.managedbuilder_1.0.0.202404291623.jar:?]
	at com.xilinx.sdk.managedbuilder.XilinxGnuMakefileGenerator.generateMakefiles(XilinxGnuMakefileGenerator.java:40) [com.xilinx.sdk.managedbuilder_1.0.0.202404291623.jar:?]
	at org.eclipse.cdt.managedbuilder.internal.core.CommonBuilder.performMakefileGeneration(CommonBuilder.java:1008) [org.eclipse.cdt.managedbuilder.core_8.6.0.201802261533.jar:?]
	at org.eclipse.cdt.managedbuilder.internal.core.CommonBuilder.performPrebuildGeneration(CommonBuilder.java:873) [org.eclipse.cdt.managedbuilder.core_8.6.0.201802261533.jar:?]
	at org.eclipse.cdt.managedbuilder.internal.core.CommonBuilder.build(CommonBuilder.java:748) [org.eclipse.cdt.managedbuilder.core_8.6.0.201802261533.jar:?]
	at org.eclipse.cdt.managedbuilder.internal.core.CommonBuilder.build(CommonBuilder.java:510) [org.eclipse.cdt.managedbuilder.core_8.6.0.201802261533.jar:?]
	at org.eclipse.cdt.managedbuilder.internal.core.CommonBuilder.build(CommonBuilder.java:459) [org.eclipse.cdt.managedbuilder.core_8.6.0.201802261533.jar:?]
	at org.eclipse.core.internal.events.BuildManager$2.run(BuildManager.java:832) [org.eclipse.core.resources_3.13.700.v20200209-1624.jar:?]
	at org.eclipse.core.runtime.SafeRunner.run(SafeRunner.java:45) [org.eclipse.equinox.common_3.11.0.v20200206-0817.jar:?]
	at org.eclipse.core.internal.events.BuildManager.basicBuild(BuildManager.java:220) [org.eclipse.core.resources_3.13.700.v20200209-1624.jar:?]
	at org.eclipse.core.internal.events.BuildManager.basicBuild(BuildManager.java:263) [org.eclipse.core.resources_3.13.700.v20200209-1624.jar:?]
	at org.eclipse.core.internal.events.BuildManager$1.run(BuildManager.java:316) [org.eclipse.core.resources_3.13.700.v20200209-1624.jar:?]
	at org.eclipse.core.runtime.SafeRunner.run(SafeRunner.java:45) [org.eclipse.equinox.common_3.11.0.v20200206-0817.jar:?]
	at org.eclipse.core.internal.events.BuildManager.basicBuild(BuildManager.java:319) [org.eclipse.core.resources_3.13.700.v20200209-1624.jar:?]
	at org.eclipse.core.internal.events.BuildManager.basicBuildLoop(BuildManager.java:371) [org.eclipse.core.resources_3.13.700.v20200209-1624.jar:?]
	at org.eclipse.core.internal.events.BuildManager.build(BuildManager.java:392) [org.eclipse.core.resources_3.13.700.v20200209-1624.jar:?]
	at org.eclipse.core.internal.resources.Workspace.buildInternal(Workspace.java:515) [org.eclipse.core.resources_3.13.700.v20200209-1624.jar:?]
	at org.eclipse.core.internal.resources.Workspace.build(Workspace.java:412) [org.eclipse.core.resources_3.13.700.v20200209-1624.jar:?]
	at org.eclipse.ui.actions.BuildAction$1.runInWorkspace(BuildAction.java:291) [org.eclipse.ui.ide_3.17.0.v20200217-1511.jar:?]
	at org.eclipse.core.internal.resources.InternalWorkspaceJob.run(InternalWorkspaceJob.java:42) [org.eclipse.core.resources_3.13.700.v20200209-1624.jar:?]
	at org.eclipse.core.internal.jobs.Worker.run(Worker.java:63) [org.eclipse.core.jobs_3.10.700.v20200106-1020.jar:?]
15:05:56 ERROR : Failed to compute checksum of hardware specification file used by project '3phpfc'
15:05:56 INFO  : Result from executing command 'getProjects': 3phpfc;3phpfc_system;RemoteSystemsTempFiles;design_1_wrapper
15:05:56 ERROR : Failed to openhw "C:/Users/angro/Desktop/hil/pfc3ph/vitis/design_1_wrapper/export/design_1_wrapper/hw/design_1_wrapper.xsa"
Reason: C:/Users/angro/Desktop/hil/pfc3ph/vitis/design_1_wrapper/export/design_1_wrapper/hw/design_1_wrapper.xsa is not available in the current workspace
use 'getprojects' command to see list of available projects in current workspace
15:05:56 INFO  : Result from executing command 'getProjects': 3phpfc;3phpfc_system;RemoteSystemsTempFiles;design_1_wrapper
15:05:56 ERROR : Failed to openhw "C:/Users/angro/Desktop/hil/pfc3ph/vitis/design_1_wrapper/export/design_1_wrapper/hw/design_1_wrapper.xsa"
Reason: C:/Users/angro/Desktop/hil/pfc3ph/vitis/design_1_wrapper/export/design_1_wrapper/hw/design_1_wrapper.xsa is not available in the current workspace
use 'getprojects' command to see list of available projects in current workspace
15:05:56 INFO  : Result from executing command 'getProjects': 3phpfc;3phpfc_system;RemoteSystemsTempFiles;design_1_wrapper
15:05:56 ERROR : Failed to openhw "C:/Users/angro/Desktop/hil/pfc3ph/vitis/design_1_wrapper/export/design_1_wrapper/hw/design_1_wrapper.xsa"
Reason: C:/Users/angro/Desktop/hil/pfc3ph/vitis/design_1_wrapper/export/design_1_wrapper/hw/design_1_wrapper.xsa is not available in the current workspace
use 'getprojects' command to see list of available projects in current workspace
15:07:28 INFO  : Checking for BSP changes to sync application flags for project '3phpfc'...
15:07:28 INFO  : Result from executing command 'getProjects': 3phpfc;3phpfc_system;RemoteSystemsTempFiles;design_1_wrapper
15:07:28 ERROR : Failed to openhw "C:/Users/angro/Desktop/hil/pfc3ph/vitis/design_1_wrapper/export/design_1_wrapper/hw/design_1_wrapper.xsa"
Reason: C:/Users/angro/Desktop/hil/pfc3ph/vitis/design_1_wrapper/export/design_1_wrapper/hw/design_1_wrapper.xsa is not available in the current workspace
use 'getprojects' command to see list of available projects in current workspace
15:07:28 ERROR : Failed to update application flags from BSP for '3phpfc'. Reason: null
java.lang.NullPointerException: null
	at com.xilinx.sdx.sw.internal.SDxSwPlatform.<init>(SDxSwPlatform.java:305) ~[com.xilinx.sdx.sw_1.0.0.202404291623.jar:?]
	at com.xilinx.sdx.sw.internal.SDxSwPlatform.create(SDxSwPlatform.java:214) ~[com.xilinx.sdx.sw_1.0.0.202404291623.jar:?]
	at com.xilinx.sdx.sdk.core.util.SdkPlatformHelper.getSwPlatform(SdkPlatformHelper.java:64) ~[com.xilinx.sdx.sdk.core_1.0.0.202404291623.jar:?]
	at com.xilinx.sdx.sdk.core.build.SdkMakefileGenerationListener.getSwPlatform(SdkMakefileGenerationListener.java:160) ~[com.xilinx.sdx.sdk.core_1.0.0.202404291623.jar:?]
	at com.xilinx.sdx.sdk.core.build.SdkMakefileGenerationListener.syncAppFlags(SdkMakefileGenerationListener.java:78) [com.xilinx.sdx.sdk.core_1.0.0.202404291623.jar:?]
	at com.xilinx.sdx.sdk.core.build.SdkMakefileGenerationListener.preMakefileGeneration(SdkMakefileGenerationListener.java:48) [com.xilinx.sdx.sdk.core_1.0.0.202404291623.jar:?]
	at com.xilinx.sdk.managedbuilder.XilinxGnuMakefileGenerator.notifyPreMakefileGenerationListeners(XilinxGnuMakefileGenerator.java:91) [com.xilinx.sdk.managedbuilder_1.0.0.202404291623.jar:?]
	at com.xilinx.sdk.managedbuilder.XilinxGnuMakefileGenerator.generateMakefiles(XilinxGnuMakefileGenerator.java:40) [com.xilinx.sdk.managedbuilder_1.0.0.202404291623.jar:?]
	at org.eclipse.cdt.managedbuilder.internal.core.CommonBuilder.performMakefileGeneration(CommonBuilder.java:1008) [org.eclipse.cdt.managedbuilder.core_8.6.0.201802261533.jar:?]
	at org.eclipse.cdt.managedbuilder.internal.core.CommonBuilder.performPrebuildGeneration(CommonBuilder.java:873) [org.eclipse.cdt.managedbuilder.core_8.6.0.201802261533.jar:?]
	at org.eclipse.cdt.managedbuilder.internal.core.CommonBuilder.build(CommonBuilder.java:748) [org.eclipse.cdt.managedbuilder.core_8.6.0.201802261533.jar:?]
	at org.eclipse.cdt.managedbuilder.internal.core.CommonBuilder.build(CommonBuilder.java:510) [org.eclipse.cdt.managedbuilder.core_8.6.0.201802261533.jar:?]
	at org.eclipse.cdt.managedbuilder.internal.core.CommonBuilder.build(CommonBuilder.java:459) [org.eclipse.cdt.managedbuilder.core_8.6.0.201802261533.jar:?]
	at org.eclipse.core.internal.events.BuildManager$2.run(BuildManager.java:832) [org.eclipse.core.resources_3.13.700.v20200209-1624.jar:?]
	at org.eclipse.core.runtime.SafeRunner.run(SafeRunner.java:45) [org.eclipse.equinox.common_3.11.0.v20200206-0817.jar:?]
	at org.eclipse.core.internal.events.BuildManager.basicBuild(BuildManager.java:220) [org.eclipse.core.resources_3.13.700.v20200209-1624.jar:?]
	at org.eclipse.core.internal.events.BuildManager.basicBuild(BuildManager.java:263) [org.eclipse.core.resources_3.13.700.v20200209-1624.jar:?]
	at org.eclipse.core.internal.events.BuildManager$1.run(BuildManager.java:316) [org.eclipse.core.resources_3.13.700.v20200209-1624.jar:?]
	at org.eclipse.core.runtime.SafeRunner.run(SafeRunner.java:45) [org.eclipse.equinox.common_3.11.0.v20200206-0817.jar:?]
	at org.eclipse.core.internal.events.BuildManager.basicBuild(BuildManager.java:319) [org.eclipse.core.resources_3.13.700.v20200209-1624.jar:?]
	at org.eclipse.core.internal.events.BuildManager.basicBuildLoop(BuildManager.java:371) [org.eclipse.core.resources_3.13.700.v20200209-1624.jar:?]
	at org.eclipse.core.internal.events.BuildManager.build(BuildManager.java:392) [org.eclipse.core.resources_3.13.700.v20200209-1624.jar:?]
	at org.eclipse.core.internal.resources.Workspace.buildInternal(Workspace.java:515) [org.eclipse.core.resources_3.13.700.v20200209-1624.jar:?]
	at org.eclipse.core.internal.resources.Workspace.build(Workspace.java:412) [org.eclipse.core.resources_3.13.700.v20200209-1624.jar:?]
	at org.eclipse.ui.actions.BuildAction$1.runInWorkspace(BuildAction.java:291) [org.eclipse.ui.ide_3.17.0.v20200217-1511.jar:?]
	at org.eclipse.core.internal.resources.InternalWorkspaceJob.run(InternalWorkspaceJob.java:42) [org.eclipse.core.resources_3.13.700.v20200209-1624.jar:?]
	at org.eclipse.core.internal.jobs.Worker.run(Worker.java:63) [org.eclipse.core.jobs_3.10.700.v20200106-1020.jar:?]
15:07:28 ERROR : Failed to compute checksum of hardware specification file used by project '3phpfc'
15:07:28 INFO  : Result from executing command 'getProjects': 3phpfc;3phpfc_system;RemoteSystemsTempFiles;design_1_wrapper
15:07:28 ERROR : Failed to openhw "C:/Users/angro/Desktop/hil/pfc3ph/vitis/design_1_wrapper/export/design_1_wrapper/hw/design_1_wrapper.xsa"
Reason: C:/Users/angro/Desktop/hil/pfc3ph/vitis/design_1_wrapper/export/design_1_wrapper/hw/design_1_wrapper.xsa is not available in the current workspace
use 'getprojects' command to see list of available projects in current workspace
15:07:28 INFO  : Result from executing command 'getProjects': 3phpfc;3phpfc_system;RemoteSystemsTempFiles;design_1_wrapper
15:07:28 ERROR : Failed to openhw "C:/Users/angro/Desktop/hil/pfc3ph/vitis/design_1_wrapper/export/design_1_wrapper/hw/design_1_wrapper.xsa"
Reason: C:/Users/angro/Desktop/hil/pfc3ph/vitis/design_1_wrapper/export/design_1_wrapper/hw/design_1_wrapper.xsa is not available in the current workspace
use 'getprojects' command to see list of available projects in current workspace
15:07:28 INFO  : Result from executing command 'getProjects': 3phpfc;3phpfc_system;RemoteSystemsTempFiles;design_1_wrapper
15:07:28 ERROR : Failed to openhw "C:/Users/angro/Desktop/hil/pfc3ph/vitis/design_1_wrapper/export/design_1_wrapper/hw/design_1_wrapper.xsa"
Reason: C:/Users/angro/Desktop/hil/pfc3ph/vitis/design_1_wrapper/export/design_1_wrapper/hw/design_1_wrapper.xsa is not available in the current workspace
use 'getprojects' command to see list of available projects in current workspace
15:19:06 INFO  : Hardware specification for platform project 'design_1_wrapper' is updated.
15:19:19 INFO  : Checking for BSP changes to sync application flags for project '3phpfc'...
15:19:19 INFO  : Result from executing command 'getProjects': 3phpfc;3phpfc_system;RemoteSystemsTempFiles;design_1_wrapper
15:19:19 ERROR : Failed to openhw "C:/Users/angro/Desktop/hil/pfc3ph/vitis/design_1_wrapper/export/design_1_wrapper/hw/design_1_wrapper.xsa"
Reason: C:/Users/angro/Desktop/hil/pfc3ph/vitis/design_1_wrapper/export/design_1_wrapper/hw/design_1_wrapper.xsa is not available in the current workspace
use 'getprojects' command to see list of available projects in current workspace
15:19:19 ERROR : Failed to update application flags from BSP for '3phpfc'. Reason: null
java.lang.NullPointerException: null
	at com.xilinx.sdx.sw.internal.SDxSwPlatform.<init>(SDxSwPlatform.java:305) ~[com.xilinx.sdx.sw_1.0.0.202404291623.jar:?]
	at com.xilinx.sdx.sw.internal.SDxSwPlatform.create(SDxSwPlatform.java:214) ~[com.xilinx.sdx.sw_1.0.0.202404291623.jar:?]
	at com.xilinx.sdx.sdk.core.util.SdkPlatformHelper.getSwPlatform(SdkPlatformHelper.java:64) ~[com.xilinx.sdx.sdk.core_1.0.0.202404291623.jar:?]
	at com.xilinx.sdx.sdk.core.build.SdkMakefileGenerationListener.getSwPlatform(SdkMakefileGenerationListener.java:160) ~[com.xilinx.sdx.sdk.core_1.0.0.202404291623.jar:?]
	at com.xilinx.sdx.sdk.core.build.SdkMakefileGenerationListener.syncAppFlags(SdkMakefileGenerationListener.java:78) [com.xilinx.sdx.sdk.core_1.0.0.202404291623.jar:?]
	at com.xilinx.sdx.sdk.core.build.SdkMakefileGenerationListener.preMakefileGeneration(SdkMakefileGenerationListener.java:48) [com.xilinx.sdx.sdk.core_1.0.0.202404291623.jar:?]
	at com.xilinx.sdk.managedbuilder.XilinxGnuMakefileGenerator.notifyPreMakefileGenerationListeners(XilinxGnuMakefileGenerator.java:91) [com.xilinx.sdk.managedbuilder_1.0.0.202404291623.jar:?]
	at com.xilinx.sdk.managedbuilder.XilinxGnuMakefileGenerator.generateMakefiles(XilinxGnuMakefileGenerator.java:40) [com.xilinx.sdk.managedbuilder_1.0.0.202404291623.jar:?]
	at org.eclipse.cdt.managedbuilder.internal.core.CommonBuilder.performMakefileGeneration(CommonBuilder.java:1008) [org.eclipse.cdt.managedbuilder.core_8.6.0.201802261533.jar:?]
	at org.eclipse.cdt.managedbuilder.internal.core.CommonBuilder.performPrebuildGeneration(CommonBuilder.java:873) [org.eclipse.cdt.managedbuilder.core_8.6.0.201802261533.jar:?]
	at org.eclipse.cdt.managedbuilder.internal.core.CommonBuilder.build(CommonBuilder.java:748) [org.eclipse.cdt.managedbuilder.core_8.6.0.201802261533.jar:?]
	at org.eclipse.cdt.managedbuilder.internal.core.CommonBuilder.build(CommonBuilder.java:510) [org.eclipse.cdt.managedbuilder.core_8.6.0.201802261533.jar:?]
	at org.eclipse.cdt.managedbuilder.internal.core.CommonBuilder.build(CommonBuilder.java:459) [org.eclipse.cdt.managedbuilder.core_8.6.0.201802261533.jar:?]
	at org.eclipse.core.internal.events.BuildManager$2.run(BuildManager.java:832) [org.eclipse.core.resources_3.13.700.v20200209-1624.jar:?]
	at org.eclipse.core.runtime.SafeRunner.run(SafeRunner.java:45) [org.eclipse.equinox.common_3.11.0.v20200206-0817.jar:?]
	at org.eclipse.core.internal.events.BuildManager.basicBuild(BuildManager.java:220) [org.eclipse.core.resources_3.13.700.v20200209-1624.jar:?]
	at org.eclipse.core.internal.events.BuildManager.basicBuild(BuildManager.java:263) [org.eclipse.core.resources_3.13.700.v20200209-1624.jar:?]
	at org.eclipse.core.internal.events.BuildManager$1.run(BuildManager.java:316) [org.eclipse.core.resources_3.13.700.v20200209-1624.jar:?]
	at org.eclipse.core.runtime.SafeRunner.run(SafeRunner.java:45) [org.eclipse.equinox.common_3.11.0.v20200206-0817.jar:?]
	at org.eclipse.core.internal.events.BuildManager.basicBuild(BuildManager.java:319) [org.eclipse.core.resources_3.13.700.v20200209-1624.jar:?]
	at org.eclipse.core.internal.events.BuildManager.basicBuildLoop(BuildManager.java:371) [org.eclipse.core.resources_3.13.700.v20200209-1624.jar:?]
	at org.eclipse.core.internal.events.BuildManager.build(BuildManager.java:392) [org.eclipse.core.resources_3.13.700.v20200209-1624.jar:?]
	at org.eclipse.core.internal.resources.Workspace.buildInternal(Workspace.java:515) [org.eclipse.core.resources_3.13.700.v20200209-1624.jar:?]
	at org.eclipse.core.internal.resources.Workspace.build(Workspace.java:412) [org.eclipse.core.resources_3.13.700.v20200209-1624.jar:?]
	at org.eclipse.ui.actions.BuildAction$1.runInWorkspace(BuildAction.java:291) [org.eclipse.ui.ide_3.17.0.v20200217-1511.jar:?]
	at org.eclipse.core.internal.resources.InternalWorkspaceJob.run(InternalWorkspaceJob.java:42) [org.eclipse.core.resources_3.13.700.v20200209-1624.jar:?]
	at org.eclipse.core.internal.jobs.Worker.run(Worker.java:63) [org.eclipse.core.jobs_3.10.700.v20200106-1020.jar:?]
15:19:20 ERROR : Failed to compute checksum of hardware specification file used by project '3phpfc'
15:19:20 INFO  : Result from executing command 'getProjects': 3phpfc;3phpfc_system;RemoteSystemsTempFiles;design_1_wrapper
15:19:20 ERROR : Failed to openhw "C:/Users/angro/Desktop/hil/pfc3ph/vitis/design_1_wrapper/export/design_1_wrapper/hw/design_1_wrapper.xsa"
Reason: C:/Users/angro/Desktop/hil/pfc3ph/vitis/design_1_wrapper/export/design_1_wrapper/hw/design_1_wrapper.xsa is not available in the current workspace
use 'getprojects' command to see list of available projects in current workspace
15:19:20 INFO  : Result from executing command 'getProjects': 3phpfc;3phpfc_system;RemoteSystemsTempFiles;design_1_wrapper
15:19:20 ERROR : Failed to openhw "C:/Users/angro/Desktop/hil/pfc3ph/vitis/design_1_wrapper/export/design_1_wrapper/hw/design_1_wrapper.xsa"
Reason: C:/Users/angro/Desktop/hil/pfc3ph/vitis/design_1_wrapper/export/design_1_wrapper/hw/design_1_wrapper.xsa is not available in the current workspace
use 'getprojects' command to see list of available projects in current workspace
15:19:20 INFO  : Result from executing command 'getProjects': 3phpfc;3phpfc_system;RemoteSystemsTempFiles;design_1_wrapper
15:19:20 ERROR : Failed to openhw "C:/Users/angro/Desktop/hil/pfc3ph/vitis/design_1_wrapper/export/design_1_wrapper/hw/design_1_wrapper.xsa"
Reason: C:/Users/angro/Desktop/hil/pfc3ph/vitis/design_1_wrapper/export/design_1_wrapper/hw/design_1_wrapper.xsa is not available in the current workspace
use 'getprojects' command to see list of available projects in current workspace
15:19:48 INFO  : Checking for BSP changes to sync application flags for project '3phpfc'...
15:19:48 INFO  : Result from executing command 'getProjects': 3phpfc;3phpfc_system;RemoteSystemsTempFiles;design_1_wrapper
15:19:48 ERROR : Failed to openhw "C:/Users/angro/Desktop/hil/pfc3ph/vitis/design_1_wrapper/export/design_1_wrapper/hw/design_1_wrapper.xsa"
Reason: C:/Users/angro/Desktop/hil/pfc3ph/vitis/design_1_wrapper/export/design_1_wrapper/hw/design_1_wrapper.xsa is not available in the current workspace
use 'getprojects' command to see list of available projects in current workspace
15:19:48 ERROR : Failed to update application flags from BSP for '3phpfc'. Reason: null
java.lang.NullPointerException: null
	at com.xilinx.sdx.sw.internal.SDxSwPlatform.<init>(SDxSwPlatform.java:305) ~[com.xilinx.sdx.sw_1.0.0.202404291623.jar:?]
	at com.xilinx.sdx.sw.internal.SDxSwPlatform.create(SDxSwPlatform.java:214) ~[com.xilinx.sdx.sw_1.0.0.202404291623.jar:?]
	at com.xilinx.sdx.sdk.core.util.SdkPlatformHelper.getSwPlatform(SdkPlatformHelper.java:64) ~[com.xilinx.sdx.sdk.core_1.0.0.202404291623.jar:?]
	at com.xilinx.sdx.sdk.core.build.SdkMakefileGenerationListener.getSwPlatform(SdkMakefileGenerationListener.java:160) ~[com.xilinx.sdx.sdk.core_1.0.0.202404291623.jar:?]
	at com.xilinx.sdx.sdk.core.build.SdkMakefileGenerationListener.syncAppFlags(SdkMakefileGenerationListener.java:78) [com.xilinx.sdx.sdk.core_1.0.0.202404291623.jar:?]
	at com.xilinx.sdx.sdk.core.build.SdkMakefileGenerationListener.preMakefileGeneration(SdkMakefileGenerationListener.java:48) [com.xilinx.sdx.sdk.core_1.0.0.202404291623.jar:?]
	at com.xilinx.sdk.managedbuilder.XilinxGnuMakefileGenerator.notifyPreMakefileGenerationListeners(XilinxGnuMakefileGenerator.java:91) [com.xilinx.sdk.managedbuilder_1.0.0.202404291623.jar:?]
	at com.xilinx.sdk.managedbuilder.XilinxGnuMakefileGenerator.generateMakefiles(XilinxGnuMakefileGenerator.java:40) [com.xilinx.sdk.managedbuilder_1.0.0.202404291623.jar:?]
	at org.eclipse.cdt.managedbuilder.internal.core.CommonBuilder.performMakefileGeneration(CommonBuilder.java:1008) [org.eclipse.cdt.managedbuilder.core_8.6.0.201802261533.jar:?]
	at org.eclipse.cdt.managedbuilder.internal.core.CommonBuilder.performPrebuildGeneration(CommonBuilder.java:873) [org.eclipse.cdt.managedbuilder.core_8.6.0.201802261533.jar:?]
	at org.eclipse.cdt.managedbuilder.internal.core.CommonBuilder.build(CommonBuilder.java:748) [org.eclipse.cdt.managedbuilder.core_8.6.0.201802261533.jar:?]
	at org.eclipse.cdt.managedbuilder.internal.core.CommonBuilder.build(CommonBuilder.java:510) [org.eclipse.cdt.managedbuilder.core_8.6.0.201802261533.jar:?]
	at org.eclipse.cdt.managedbuilder.internal.core.CommonBuilder.build(CommonBuilder.java:459) [org.eclipse.cdt.managedbuilder.core_8.6.0.201802261533.jar:?]
	at org.eclipse.core.internal.events.BuildManager$2.run(BuildManager.java:832) [org.eclipse.core.resources_3.13.700.v20200209-1624.jar:?]
	at org.eclipse.core.runtime.SafeRunner.run(SafeRunner.java:45) [org.eclipse.equinox.common_3.11.0.v20200206-0817.jar:?]
	at org.eclipse.core.internal.events.BuildManager.basicBuild(BuildManager.java:220) [org.eclipse.core.resources_3.13.700.v20200209-1624.jar:?]
	at org.eclipse.core.internal.events.BuildManager.basicBuild(BuildManager.java:263) [org.eclipse.core.resources_3.13.700.v20200209-1624.jar:?]
	at org.eclipse.core.internal.events.BuildManager$1.run(BuildManager.java:316) [org.eclipse.core.resources_3.13.700.v20200209-1624.jar:?]
	at org.eclipse.core.runtime.SafeRunner.run(SafeRunner.java:45) [org.eclipse.equinox.common_3.11.0.v20200206-0817.jar:?]
	at org.eclipse.core.internal.events.BuildManager.basicBuild(BuildManager.java:319) [org.eclipse.core.resources_3.13.700.v20200209-1624.jar:?]
	at org.eclipse.core.internal.events.BuildManager.basicBuildLoop(BuildManager.java:371) [org.eclipse.core.resources_3.13.700.v20200209-1624.jar:?]
	at org.eclipse.core.internal.events.BuildManager.build(BuildManager.java:392) [org.eclipse.core.resources_3.13.700.v20200209-1624.jar:?]
	at org.eclipse.core.internal.resources.Workspace.buildInternal(Workspace.java:515) [org.eclipse.core.resources_3.13.700.v20200209-1624.jar:?]
	at org.eclipse.core.internal.resources.Workspace.build(Workspace.java:412) [org.eclipse.core.resources_3.13.700.v20200209-1624.jar:?]
	at org.eclipse.ui.actions.BuildAction$1.runInWorkspace(BuildAction.java:291) [org.eclipse.ui.ide_3.17.0.v20200217-1511.jar:?]
	at org.eclipse.core.internal.resources.InternalWorkspaceJob.run(InternalWorkspaceJob.java:42) [org.eclipse.core.resources_3.13.700.v20200209-1624.jar:?]
	at org.eclipse.core.internal.jobs.Worker.run(Worker.java:63) [org.eclipse.core.jobs_3.10.700.v20200106-1020.jar:?]
15:19:49 ERROR : Failed to compute checksum of hardware specification file used by project '3phpfc'
15:19:49 INFO  : Result from executing command 'getProjects': 3phpfc;3phpfc_system;RemoteSystemsTempFiles;design_1_wrapper
15:19:49 ERROR : Failed to openhw "C:/Users/angro/Desktop/hil/pfc3ph/vitis/design_1_wrapper/export/design_1_wrapper/hw/design_1_wrapper.xsa"
Reason: C:/Users/angro/Desktop/hil/pfc3ph/vitis/design_1_wrapper/export/design_1_wrapper/hw/design_1_wrapper.xsa is not available in the current workspace
use 'getprojects' command to see list of available projects in current workspace
15:19:49 INFO  : Result from executing command 'getProjects': 3phpfc;3phpfc_system;RemoteSystemsTempFiles;design_1_wrapper
15:19:49 ERROR : Failed to openhw "C:/Users/angro/Desktop/hil/pfc3ph/vitis/design_1_wrapper/export/design_1_wrapper/hw/design_1_wrapper.xsa"
Reason: C:/Users/angro/Desktop/hil/pfc3ph/vitis/design_1_wrapper/export/design_1_wrapper/hw/design_1_wrapper.xsa is not available in the current workspace
use 'getprojects' command to see list of available projects in current workspace
15:19:49 INFO  : Result from executing command 'getProjects': 3phpfc;3phpfc_system;RemoteSystemsTempFiles;design_1_wrapper
15:19:49 ERROR : Failed to openhw "C:/Users/angro/Desktop/hil/pfc3ph/vitis/design_1_wrapper/export/design_1_wrapper/hw/design_1_wrapper.xsa"
Reason: C:/Users/angro/Desktop/hil/pfc3ph/vitis/design_1_wrapper/export/design_1_wrapper/hw/design_1_wrapper.xsa is not available in the current workspace
use 'getprojects' command to see list of available projects in current workspace
15:20:48 INFO  : Checking for BSP changes to sync application flags for project '3phpfc'...
15:20:48 INFO  : Result from executing command 'getProjects': 3phpfc;3phpfc_system;RemoteSystemsTempFiles;design_1_wrapper
15:20:48 ERROR : Failed to openhw "C:/Users/angro/Desktop/hil/pfc3ph/vitis/design_1_wrapper/export/design_1_wrapper/hw/design_1_wrapper.xsa"
Reason: C:/Users/angro/Desktop/hil/pfc3ph/vitis/design_1_wrapper/export/design_1_wrapper/hw/design_1_wrapper.xsa is not available in the current workspace
use 'getprojects' command to see list of available projects in current workspace
15:20:48 ERROR : Failed to update application flags from BSP for '3phpfc'. Reason: null
java.lang.NullPointerException: null
	at com.xilinx.sdx.sw.internal.SDxSwPlatform.<init>(SDxSwPlatform.java:305) ~[com.xilinx.sdx.sw_1.0.0.202404291623.jar:?]
	at com.xilinx.sdx.sw.internal.SDxSwPlatform.create(SDxSwPlatform.java:214) ~[com.xilinx.sdx.sw_1.0.0.202404291623.jar:?]
	at com.xilinx.sdx.sdk.core.util.SdkPlatformHelper.getSwPlatform(SdkPlatformHelper.java:64) ~[com.xilinx.sdx.sdk.core_1.0.0.202404291623.jar:?]
	at com.xilinx.sdx.sdk.core.build.SdkMakefileGenerationListener.getSwPlatform(SdkMakefileGenerationListener.java:160) ~[com.xilinx.sdx.sdk.core_1.0.0.202404291623.jar:?]
	at com.xilinx.sdx.sdk.core.build.SdkMakefileGenerationListener.syncAppFlags(SdkMakefileGenerationListener.java:78) [com.xilinx.sdx.sdk.core_1.0.0.202404291623.jar:?]
	at com.xilinx.sdx.sdk.core.build.SdkMakefileGenerationListener.preMakefileGeneration(SdkMakefileGenerationListener.java:48) [com.xilinx.sdx.sdk.core_1.0.0.202404291623.jar:?]
	at com.xilinx.sdk.managedbuilder.XilinxGnuMakefileGenerator.notifyPreMakefileGenerationListeners(XilinxGnuMakefileGenerator.java:91) [com.xilinx.sdk.managedbuilder_1.0.0.202404291623.jar:?]
	at com.xilinx.sdk.managedbuilder.XilinxGnuMakefileGenerator.generateMakefiles(XilinxGnuMakefileGenerator.java:40) [com.xilinx.sdk.managedbuilder_1.0.0.202404291623.jar:?]
	at org.eclipse.cdt.managedbuilder.internal.core.CommonBuilder.performMakefileGeneration(CommonBuilder.java:1008) [org.eclipse.cdt.managedbuilder.core_8.6.0.201802261533.jar:?]
	at org.eclipse.cdt.managedbuilder.internal.core.CommonBuilder.performPrebuildGeneration(CommonBuilder.java:873) [org.eclipse.cdt.managedbuilder.core_8.6.0.201802261533.jar:?]
	at org.eclipse.cdt.managedbuilder.internal.core.CommonBuilder.build(CommonBuilder.java:748) [org.eclipse.cdt.managedbuilder.core_8.6.0.201802261533.jar:?]
	at org.eclipse.cdt.managedbuilder.internal.core.CommonBuilder.build(CommonBuilder.java:510) [org.eclipse.cdt.managedbuilder.core_8.6.0.201802261533.jar:?]
	at org.eclipse.cdt.managedbuilder.internal.core.CommonBuilder.build(CommonBuilder.java:459) [org.eclipse.cdt.managedbuilder.core_8.6.0.201802261533.jar:?]
	at org.eclipse.core.internal.events.BuildManager$2.run(BuildManager.java:832) [org.eclipse.core.resources_3.13.700.v20200209-1624.jar:?]
	at org.eclipse.core.runtime.SafeRunner.run(SafeRunner.java:45) [org.eclipse.equinox.common_3.11.0.v20200206-0817.jar:?]
	at org.eclipse.core.internal.events.BuildManager.basicBuild(BuildManager.java:220) [org.eclipse.core.resources_3.13.700.v20200209-1624.jar:?]
	at org.eclipse.core.internal.events.BuildManager.basicBuild(BuildManager.java:263) [org.eclipse.core.resources_3.13.700.v20200209-1624.jar:?]
	at org.eclipse.core.internal.events.BuildManager$1.run(BuildManager.java:316) [org.eclipse.core.resources_3.13.700.v20200209-1624.jar:?]
	at org.eclipse.core.runtime.SafeRunner.run(SafeRunner.java:45) [org.eclipse.equinox.common_3.11.0.v20200206-0817.jar:?]
	at org.eclipse.core.internal.events.BuildManager.basicBuild(BuildManager.java:319) [org.eclipse.core.resources_3.13.700.v20200209-1624.jar:?]
	at org.eclipse.core.internal.events.BuildManager.basicBuildLoop(BuildManager.java:371) [org.eclipse.core.resources_3.13.700.v20200209-1624.jar:?]
	at org.eclipse.core.internal.events.BuildManager.build(BuildManager.java:392) [org.eclipse.core.resources_3.13.700.v20200209-1624.jar:?]
	at org.eclipse.core.internal.resources.Workspace.buildInternal(Workspace.java:515) [org.eclipse.core.resources_3.13.700.v20200209-1624.jar:?]
	at org.eclipse.core.internal.resources.Workspace.build(Workspace.java:412) [org.eclipse.core.resources_3.13.700.v20200209-1624.jar:?]
	at org.eclipse.ui.actions.BuildAction$1.runInWorkspace(BuildAction.java:291) [org.eclipse.ui.ide_3.17.0.v20200217-1511.jar:?]
	at org.eclipse.core.internal.resources.InternalWorkspaceJob.run(InternalWorkspaceJob.java:42) [org.eclipse.core.resources_3.13.700.v20200209-1624.jar:?]
	at org.eclipse.core.internal.jobs.Worker.run(Worker.java:63) [org.eclipse.core.jobs_3.10.700.v20200106-1020.jar:?]
15:20:49 ERROR : Failed to compute checksum of hardware specification file used by project '3phpfc'
15:20:49 INFO  : Result from executing command 'getProjects': 3phpfc;3phpfc_system;RemoteSystemsTempFiles;design_1_wrapper
15:20:49 ERROR : Failed to openhw "C:/Users/angro/Desktop/hil/pfc3ph/vitis/design_1_wrapper/export/design_1_wrapper/hw/design_1_wrapper.xsa"
Reason: C:/Users/angro/Desktop/hil/pfc3ph/vitis/design_1_wrapper/export/design_1_wrapper/hw/design_1_wrapper.xsa is not available in the current workspace
use 'getprojects' command to see list of available projects in current workspace
15:20:49 INFO  : Result from executing command 'getProjects': 3phpfc;3phpfc_system;RemoteSystemsTempFiles;design_1_wrapper
15:20:49 ERROR : Failed to openhw "C:/Users/angro/Desktop/hil/pfc3ph/vitis/design_1_wrapper/export/design_1_wrapper/hw/design_1_wrapper.xsa"
Reason: C:/Users/angro/Desktop/hil/pfc3ph/vitis/design_1_wrapper/export/design_1_wrapper/hw/design_1_wrapper.xsa is not available in the current workspace
use 'getprojects' command to see list of available projects in current workspace
15:20:49 INFO  : Result from executing command 'getProjects': 3phpfc;3phpfc_system;RemoteSystemsTempFiles;design_1_wrapper
15:20:49 ERROR : Failed to openhw "C:/Users/angro/Desktop/hil/pfc3ph/vitis/design_1_wrapper/export/design_1_wrapper/hw/design_1_wrapper.xsa"
Reason: C:/Users/angro/Desktop/hil/pfc3ph/vitis/design_1_wrapper/export/design_1_wrapper/hw/design_1_wrapper.xsa is not available in the current workspace
use 'getprojects' command to see list of available projects in current workspace
15:54:14 INFO  : Hardware specification for platform project 'design_1_wrapper' is updated.
15:54:51 INFO  : Result from executing command 'getProjects': design_1_wrapper
15:54:51 INFO  : Result from executing command 'getPlatforms': design_1_wrapper|C:/Users/angro/Desktop/hil/pfc3ph/vitis/design_1_wrapper/export/design_1_wrapper/design_1_wrapper.xpfm
15:54:52 INFO  : Checking for BSP changes to sync application flags for project '3phpfc'...
15:54:53 INFO  : The hardware specification used by project '3phpfc' is out of sync with the platform. Resource files extracted from the hardware specification will be updated.
15:54:53 INFO  : The file 'C:\Users\angro\Desktop\hil\pfc3ph\vitis\3phpfc\_ide\bitstream\design_1_wrapper.bit' stored in project is removed.
15:54:53 INFO  : The file 'C:\Users\angro\Desktop\hil\pfc3ph\vitis\3phpfc\_ide\bitstream\design_1_wrapper.mmi' stored in project is removed.
15:54:53 INFO  : The updated bitstream files are copied from platform to folder 'C:\Users\angro\Desktop\hil\pfc3ph\vitis\3phpfc\_ide\bitstream' in project '3phpfc'.
08:44:49 DEBUG : Logs will be stored at 'C:/Users/angro/Desktop/hil/pfc3ph/vitis/IDE.log'.
08:44:50 INFO  : Launching XSCT server: xsct.bat -n  -interactive C:\Users\angro\Desktop\hil\pfc3ph\vitis\temp_xsdb_launch_script.tcl
08:44:50 ERROR : (XSDB Server)'\gnu\microblaze\lin\bin\' is not recognized as an internal or external command,
operable program or batch file.

08:44:50 ERROR : (XSDB Server)'\gnu\microblaze\nt\bin\' is not recognized as an internal or external command,
operable program or batch file.

08:44:50 ERROR : (XSDB Server)'\gnuwin\bin\' is not recognized as an internal or external command,
operable program or batch file.

08:44:53 INFO  : Platform repository initialization has completed.
08:44:53 INFO  : Registering command handlers for Vitis TCF services
08:44:55 INFO  : XSCT server has started successfully.
08:44:55 INFO  : Successfully done setting XSCT server connection channel  
08:45:00 INFO  : plnx-install-location is set to ''
08:45:00 INFO  : Successfully done setting workspace for the tool. 
08:45:00 INFO  : Successfully done query RDI_DATADIR 
08:45:50 INFO  : Checking for BSP changes to sync application flags for project '3phpfc'...
08:46:13 INFO  : Checking for BSP changes to sync application flags for project '3phpfc'...
08:49:30 INFO  : Checking for BSP changes to sync application flags for project '3phpfc'...
13:40:07 INFO  : CPU Number not found for processor microblaze_0, defaulting to 0 
13:40:07 INFO  : Connected to target on host '127.0.0.1' and port '3121'.
13:40:09 INFO  : Bscan info not found for microblaze  microblaze_0, defaulting to 2 
13:40:09 INFO  : Bscan info not found for microblaze  microblaze_0, defaulting to 2 
13:40:09 INFO  : Bscan info not found for microblaze  microblaze_0, defaulting to 2 
13:40:09 INFO  : Bscan info not found for microblaze  microblaze_0, defaulting to 2 
13:40:09 INFO  : Jtag cable 'Digilent Cmod S7 210376BA12FEA' is selected.
13:40:09 INFO  : 'jtag frequency' command is executed.
13:40:09 INFO  : 'targets -set -filter {jtag_cable_name =~ "Digilent Cmod S7 210376BA12FEA" && level==0 && jtag_device_ctx=="jsn-Cmod S7-210376BA12FEA-037c4093-0"}' command is executed.
13:40:09 INFO  : Device configured successfully with "C:/Users/angro/Desktop/hil/pfc3ph/vitis/3phpfc/_ide/bitstream/design_1_wrapper.bit"
13:40:10 INFO  : Context for processor 'microblaze_0' is selected.
13:40:10 INFO  : Hardware design and registers information is loaded from 'C:/Users/angro/Desktop/hil/pfc3ph/vitis/design_1_wrapper/export/design_1_wrapper/hw/design_1_wrapper.xsa'.
13:40:10 INFO  : 'configparams mdm-detect-bscan-mask 2' command is executed.
13:40:10 INFO  : Context for processor 'microblaze_0' is selected.
13:40:10 INFO  : System reset is completed.
13:40:13 INFO  : 'after 3000' command is executed.
13:40:13 INFO  : Context for processor 'microblaze_0' is selected.
13:40:13 ERROR : Cannot read CPU configuration register
13:40:13 INFO  : ----------------XSDB Script----------------
connect -url tcp:127.0.0.1:3121
targets -set -filter {jtag_cable_name =~ "Digilent Cmod S7 210376BA12FEA" && level==0 && jtag_device_ctx=="jsn-Cmod S7-210376BA12FEA-037c4093-0"}
fpga -file C:/Users/angro/Desktop/hil/pfc3ph/vitis/3phpfc/_ide/bitstream/design_1_wrapper.bit
targets -set -nocase -filter {name =~ "*microblaze*#0" && bscan=="USER2" }
loadhw -hw C:/Users/angro/Desktop/hil/pfc3ph/vitis/design_1_wrapper/export/design_1_wrapper/hw/design_1_wrapper.xsa -regs
configparams mdm-detect-bscan-mask 2
targets -set -nocase -filter {name =~ "*microblaze*#0" && bscan=="USER2" }
rst -system
after 3000
targets -set -nocase -filter {name =~ "*microblaze*#0" && bscan=="USER2" }
dow C:/Users/angro/Desktop/hil/pfc3ph/vitis/3phpfc/Debug/3phpfc.elf
----------------End of Script----------------

13:40:13 ERROR : Cannot read CPU configuration register
