
*** Running vivado
    with args -log design_1_c_addsub_4_0.vds -m64 -product Vivado -mode batch -messageDb vivado.pb -notrace -source design_1_c_addsub_4_0.tcl



****** Vivado v2024.2 (64-bit)
  **** SW Build 5239630 on Fri Nov 08 22:35:27 MST 2024
  **** IP Build 5239520 on Sun Nov 10 16:12:51 MST 2024
  **** SharedData Build 5239561 on Fri Nov 08 14:39:27 MST 2024
  **** Start of session at: Sun Feb 16 17:33:55 2025
    ** Copyright 1986-2022 Xilinx, Inc. All Rights Reserved.
    ** Copyright 2022-2024 Advanced Micro Devices, Inc. All Rights Reserved.

source design_1_c_addsub_4_0.tcl -notrace
INFO: [IP_Flow 19-234] Refreshing IP repositories
INFO: [IP_Flow 19-1700] Loaded user IP repository 'c:/Users/Angel/Desktop/hil/amc/fpga/ip_amc'.
INFO: [IP_Flow 19-1700] Loaded user IP repository 'c:/Users/Angel/Desktop/hil/pfc3ph/ips/sine_gen2/sine_gen'.
INFO: [IP_Flow 19-1700] Loaded user IP repository 'c:/Users/Angel/Desktop/hil/pfc3ph/matlab/sim/hdl_prj2/hdlsrc'.
INFO: [IP_Flow 19-1700] Loaded user IP repository 'c:/Users/Angel/Desktop/hil/ips/MCP_DRIVER'.
INFO: [IP_Flow 19-2313] Loaded Vivado IP repository 'C:/Xilinx/Vivado/2024.2/data/ip'.
INFO: [IP_Flow 19-6924] IPCACHE: Running cache check for IP inst: design_1_c_addsub_4_0
INFO: [IP_Flow 19-6922] IPCACHE: Exporting cached entry fbf8babc79840daf to dir: C:/Users/Angel/Desktop/hil/pfc3ph/vivado_lite/pfc_3ph_lite.runs/design_1_c_addsub_4_0_synth_1
INFO: [IP_Flow 19-6928] IPCACHE: copied cached file c:/Users/Angel/Desktop/hil/pfc3ph/vivado_lite/pfc_3ph_lite.cache/ip/2024.2/f/b/fbf8babc79840daf/design_1_c_addsub_0_0.dcp to C:/Users/Angel/Desktop/hil/pfc3ph/vivado_lite/pfc_3ph_lite.runs/design_1_c_addsub_4_0_synth_1/design_1_c_addsub_4_0.dcp.
INFO: [IP_Flow 19-6928] IPCACHE: copied cached file c:/Users/Angel/Desktop/hil/pfc3ph/vivado_lite/pfc_3ph_lite.cache/ip/2024.2/f/b/fbf8babc79840daf/design_1_c_addsub_0_0_sim_netlist.v to C:/Users/Angel/Desktop/hil/pfc3ph/vivado_lite/pfc_3ph_lite.runs/design_1_c_addsub_4_0_synth_1/design_1_c_addsub_4_0_sim_netlist.v.
INFO: [IP_Flow 19-6928] IPCACHE: copied cached file c:/Users/Angel/Desktop/hil/pfc3ph/vivado_lite/pfc_3ph_lite.cache/ip/2024.2/f/b/fbf8babc79840daf/design_1_c_addsub_0_0_sim_netlist.vhdl to C:/Users/Angel/Desktop/hil/pfc3ph/vivado_lite/pfc_3ph_lite.runs/design_1_c_addsub_4_0_synth_1/design_1_c_addsub_4_0_sim_netlist.vhdl.
INFO: [IP_Flow 19-6928] IPCACHE: copied cached file c:/Users/Angel/Desktop/hil/pfc3ph/vivado_lite/pfc_3ph_lite.cache/ip/2024.2/f/b/fbf8babc79840daf/design_1_c_addsub_0_0_stub.v to C:/Users/Angel/Desktop/hil/pfc3ph/vivado_lite/pfc_3ph_lite.runs/design_1_c_addsub_4_0_synth_1/design_1_c_addsub_4_0_stub.v.
INFO: [IP_Flow 19-6928] IPCACHE: copied cached file c:/Users/Angel/Desktop/hil/pfc3ph/vivado_lite/pfc_3ph_lite.cache/ip/2024.2/f/b/fbf8babc79840daf/design_1_c_addsub_0_0_stub.vhdl to C:/Users/Angel/Desktop/hil/pfc3ph/vivado_lite/pfc_3ph_lite.runs/design_1_c_addsub_4_0_synth_1/design_1_c_addsub_4_0_stub.vhdl.
INFO: [IP_Flow 19-4838] Using cached IP synthesis design for IP design_1_c_addsub_4_0, cache-ID = fbf8babc79840daf.
INFO: [Common 17-206] Exiting Vivado at Sun Feb 16 17:34:03 2025...
