#-----------------------------------------------------------
# Vivado v2024.1 (64-bit)
# SW Build 5076996 on Wed May 22 18:37:14 MDT 2024
# IP Build 5075265 on Wed May 22 21:45:21 MDT 2024
# SharedData Build 5076995 on Wed May 22 18:29:18 MDT 2024
# Start of session at: Thu Dec 26 13:05:20 2024
# Process ID: 19572
# Current directory: C:/Users/angro/Desktop/hil/pfc3ph/matlab/sim/hdl_prj/vivado_prj
# Command line: vivado.exe -mode batch -notrace -source simscape_system_Xilinx_Vivado_run.tcl
# Log file: C:/Users/angro/Desktop/hil/pfc3ph/matlab/sim/hdl_prj/vivado_prj/vivado.log
# Journal file: C:/Users/angro/Desktop/hil/pfc3ph/matlab/sim/hdl_prj/vivado_prj\vivado.jou
# Running On        :Angel
# Platform          :Windows Server 2016 or Windows 10
# Operating System  :26100
# Processor Detail  :Intel(R) Core(TM) i5-9300H CPU @ 2.40GHz
# CPU Frequency     :2400 MHz
# CPU Physical cores:4
# CPU Logical cores :8
# Host memory       :8434 MB
# Swap memory       :19327 MB
# Total Virtual     :27762 MB
# Available Virtual :12873 MB
#-----------------------------------------------------------
source simscape_system_Xilinx_Vivado_run.tcl -notrace
### Open existing Xilinx Vivado 2024.1 project <a href="matlab:downstream.handle('Model','HDL_pfc_gold_fi').openTargetTool;">hdl_prj\vivado_prj\simscape_system_vivado.xpr</a>
INFO: [filemgmt 56-3] Default IP Output Path : Could not find the directory 'C:/Users/angro/Desktop/hil/pfc3ph/matlab/sim/hdl_prj/vivado_prj/simscape_system_vivado.gen/sources_1'.
Scanning sources...
Finished scanning sources
open_project: Time (s): cpu = 00:00:08 ; elapsed = 00:00:11 . Memory (MB): peak = 484.832 ; gain = 200.297
### Set Xilinx Vivado 2024.1 project properties
### Update Xilinx Vivado 2024.1 project with HDL source files
WARNING: [Vivado 12-818] No files matched '*.tcl'
### Close Xilinx Vivado 2024.1 project.
INFO: [Common 17-206] Exiting Vivado at Thu Dec 26 13:05:43 2024...
