
*** Running vivado
    with args -log design_1_wrapper.vds -m64 -product Vivado -mode batch -messageDb vivado.pb -notrace -source design_1_wrapper.tcl



****** Vivado v2024.2 (64-bit)
  **** SW Build 5239630 on Fri Nov 08 22:35:27 MST 2024
  **** IP Build 5239520 on Sun Nov 10 16:12:51 MST 2024
  **** SharedData Build 5239561 on Fri Nov 08 14:39:27 MST 2024
  **** Start of session at: Mon May 12 20:31:47 2025
    ** Copyright 1986-2022 Xilinx, Inc. All Rights Reserved.
    ** Copyright 2022-2024 Advanced Micro Devices, Inc. All Rights Reserved.

source design_1_wrapper.tcl -notrace
INFO: [IP_Flow 19-234] Refreshing IP repositories
INFO: [IP_Flow 19-1700] Loaded user IP repository 'c:/Users/Angel/Desktop/hil/amc/fpga/ip_amc'.
INFO: [IP_Flow 19-1700] Loaded user IP repository 'c:/Users/Angel/Desktop/hil/ips/comparator'.
INFO: [IP_Flow 19-1700] Loaded user IP repository 'c:/Users/Angel/Desktop/hil/pfc3ph/ips/sine_gen2/sine_gen'.
INFO: [IP_Flow 19-1700] Loaded user IP repository 'c:/Users/Angel/Desktop/hil/pfc3ph/matlab/sim/hdl_prj2/hdlsrc'.
INFO: [IP_Flow 19-1700] Loaded user IP repository 'c:/Users/Angel/Desktop/hil/ips/MCP_DRIVER'.
INFO: [IP_Flow 19-2313] Loaded Vivado IP repository 'C:/Xilinx/Vivado/2024.2/data/ip'.
INFO: [Project 1-5578] Found utility IPs instantiated in block design C:/Users/Angel/Desktop/hil/pfc3ph/vivado_lite/pfc_3ph_lite.srcs/sources_1/bd/design_1/design_1.bd which have equivalent inline hdl with improved performance and reduced diskspace.
It is recommended to migrate these utility IPs to inline hdl  using the command upgrade_project -migrate_to_inline_hdl.  The utility IPs may be deprecated in future releases.
More information on inline hdl is available in UG994. 
Command: synth_design -top design_1_wrapper -part xc7s25csga225-1 -directive AlternateRoutability -no_lc -shreg_min_size 10
Starting synth_design
Attempting to get a license for feature 'Synthesis' and/or device 'xc7s25'
INFO: [Common 17-349] Got license for feature 'Synthesis' and/or device 'xc7s25'
INFO: [Device 21-403] Loading part xc7s25csga225-1
INFO: [Synth 8-7079] Multithreading enabled for synth_design using a maximum of 2 processes.
INFO: [Synth 8-7078] Launching helper process for spawning children vivado processes
INFO: [Synth 8-7075] Helper process launched with PID 23276
---------------------------------------------------------------------------------
Starting RTL Elaboration : Time (s): cpu = 00:00:02 ; elapsed = 00:00:03 . Memory (MB): peak = 1155.461 ; gain = 466.734
---------------------------------------------------------------------------------
INFO: [Synth 8-6157] synthesizing module 'design_1_wrapper' [C:/Users/Angel/Desktop/hil/pfc3ph/vivado_lite/pfc_3ph_lite.gen/sources_1/bd/design_1/hdl/design_1_wrapper.v:13]
INFO: [Synth 8-6157] synthesizing module 'design_1' [c:/Users/Angel/Desktop/hil/pfc3ph/vivado_lite/pfc_3ph_lite.gen/sources_1/bd/design_1/synth/design_1.v:13]
INFO: [Synth 8-6157] synthesizing module 'design_1_MCP_DRIVER_0_0' [C:/Users/Angel/Desktop/hil/pfc3ph/vivado_lite/pfc_3ph_lite.runs/synth_1/.Xil/Vivado-11580-AngelPC/realtime/design_1_MCP_DRIVER_0_0_stub.v:6]
INFO: [Synth 8-6155] done synthesizing module 'design_1_MCP_DRIVER_0_0' (0#1) [C:/Users/Angel/Desktop/hil/pfc3ph/vivado_lite/pfc_3ph_lite.runs/synth_1/.Xil/Vivado-11580-AngelPC/realtime/design_1_MCP_DRIVER_0_0_stub.v:6]
WARNING: [Synth 8-7071] port 'ce_out' of module 'design_1_MCP_DRIVER_0_0' is unconnected for instance 'MCP_DRIVER_0' [c:/Users/Angel/Desktop/hil/pfc3ph/vivado_lite/pfc_3ph_lite.gen/sources_1/bd/design_1/synth/design_1.v:119]
WARNING: [Synth 8-7023] instance 'MCP_DRIVER_0' of module 'design_1_MCP_DRIVER_0_0' has 34 connections declared, but only 33 given [c:/Users/Angel/Desktop/hil/pfc3ph/vivado_lite/pfc_3ph_lite.gen/sources_1/bd/design_1/synth/design_1.v:119]
INFO: [Synth 8-6157] synthesizing module 'design_1_PFC_Van_3ph_0_0' [C:/Users/Angel/Desktop/hil/pfc3ph/vivado_lite/pfc_3ph_lite.runs/synth_1/.Xil/Vivado-11580-AngelPC/realtime/design_1_PFC_Van_3ph_0_0_stub.v:6]
INFO: [Synth 8-6155] done synthesizing module 'design_1_PFC_Van_3ph_0_0' (0#1) [C:/Users/Angel/Desktop/hil/pfc3ph/vivado_lite/pfc_3ph_lite.runs/synth_1/.Xil/Vivado-11580-AngelPC/realtime/design_1_PFC_Van_3ph_0_0_stub.v:6]
WARNING: [Synth 8-7071] port 'ce_out' of module 'design_1_PFC_Van_3ph_0_0' is unconnected for instance 'PFC_Van_3ph_0' [c:/Users/Angel/Desktop/hil/pfc3ph/vivado_lite/pfc_3ph_lite.gen/sources_1/bd/design_1/synth/design_1.v:153]
WARNING: [Synth 8-7023] instance 'PFC_Van_3ph_0' of module 'design_1_PFC_Van_3ph_0_0' has 25 connections declared, but only 24 given [c:/Users/Angel/Desktop/hil/pfc3ph/vivado_lite/pfc_3ph_lite.gen/sources_1/bd/design_1/synth/design_1.v:153]
INFO: [Synth 8-6157] synthesizing module 'design_1_amc_simulator_0_0' [C:/Users/Angel/Desktop/hil/pfc3ph/vivado_lite/pfc_3ph_lite.runs/synth_1/.Xil/Vivado-11580-AngelPC/realtime/design_1_amc_simulator_0_0_stub.v:6]
INFO: [Synth 8-6155] done synthesizing module 'design_1_amc_simulator_0_0' (0#1) [C:/Users/Angel/Desktop/hil/pfc3ph/vivado_lite/pfc_3ph_lite.runs/synth_1/.Xil/Vivado-11580-AngelPC/realtime/design_1_amc_simulator_0_0_stub.v:6]
WARNING: [Synth 8-7071] port 'ce_out' of module 'design_1_amc_simulator_0_0' is unconnected for instance 'amc_simulator_0' [c:/Users/Angel/Desktop/hil/pfc3ph/vivado_lite/pfc_3ph_lite.gen/sources_1/bd/design_1/synth/design_1.v:178]
WARNING: [Synth 8-7023] instance 'amc_simulator_0' of module 'design_1_amc_simulator_0_0' has 6 connections declared, but only 5 given [c:/Users/Angel/Desktop/hil/pfc3ph/vivado_lite/pfc_3ph_lite.gen/sources_1/bd/design_1/synth/design_1.v:178]
INFO: [Synth 8-6157] synthesizing module 'design_1_amc_simulator_0_1' [C:/Users/Angel/Desktop/hil/pfc3ph/vivado_lite/pfc_3ph_lite.runs/synth_1/.Xil/Vivado-11580-AngelPC/realtime/design_1_amc_simulator_0_1_stub.v:6]
INFO: [Synth 8-6155] done synthesizing module 'design_1_amc_simulator_0_1' (0#1) [C:/Users/Angel/Desktop/hil/pfc3ph/vivado_lite/pfc_3ph_lite.runs/synth_1/.Xil/Vivado-11580-AngelPC/realtime/design_1_amc_simulator_0_1_stub.v:6]
WARNING: [Synth 8-7071] port 'ce_out' of module 'design_1_amc_simulator_0_1' is unconnected for instance 'amc_simulator_1' [c:/Users/Angel/Desktop/hil/pfc3ph/vivado_lite/pfc_3ph_lite.gen/sources_1/bd/design_1/synth/design_1.v:184]
WARNING: [Synth 8-7023] instance 'amc_simulator_1' of module 'design_1_amc_simulator_0_1' has 6 connections declared, but only 5 given [c:/Users/Angel/Desktop/hil/pfc3ph/vivado_lite/pfc_3ph_lite.gen/sources_1/bd/design_1/synth/design_1.v:184]
INFO: [Synth 8-6157] synthesizing module 'design_1_amc_simulator_1_0' [C:/Users/Angel/Desktop/hil/pfc3ph/vivado_lite/pfc_3ph_lite.runs/synth_1/.Xil/Vivado-11580-AngelPC/realtime/design_1_amc_simulator_1_0_stub.v:6]
INFO: [Synth 8-6155] done synthesizing module 'design_1_amc_simulator_1_0' (0#1) [C:/Users/Angel/Desktop/hil/pfc3ph/vivado_lite/pfc_3ph_lite.runs/synth_1/.Xil/Vivado-11580-AngelPC/realtime/design_1_amc_simulator_1_0_stub.v:6]
WARNING: [Synth 8-7071] port 'ce_out' of module 'design_1_amc_simulator_1_0' is unconnected for instance 'amc_simulator_2' [c:/Users/Angel/Desktop/hil/pfc3ph/vivado_lite/pfc_3ph_lite.gen/sources_1/bd/design_1/synth/design_1.v:190]
WARNING: [Synth 8-7023] instance 'amc_simulator_2' of module 'design_1_amc_simulator_1_0' has 6 connections declared, but only 5 given [c:/Users/Angel/Desktop/hil/pfc3ph/vivado_lite/pfc_3ph_lite.gen/sources_1/bd/design_1/synth/design_1.v:190]
INFO: [Synth 8-6157] synthesizing module 'design_1_c_addsub_0_0' [C:/Users/Angel/Desktop/hil/pfc3ph/vivado_lite/pfc_3ph_lite.runs/synth_1/.Xil/Vivado-11580-AngelPC/realtime/design_1_c_addsub_0_0_stub.v:6]
INFO: [Synth 8-6155] done synthesizing module 'design_1_c_addsub_0_0' (0#1) [C:/Users/Angel/Desktop/hil/pfc3ph/vivado_lite/pfc_3ph_lite.runs/synth_1/.Xil/Vivado-11580-AngelPC/realtime/design_1_c_addsub_0_0_stub.v:6]
INFO: [Synth 8-6157] synthesizing module 'design_1_c_addsub_0_1' [C:/Users/Angel/Desktop/hil/pfc3ph/vivado_lite/pfc_3ph_lite.runs/synth_1/.Xil/Vivado-11580-AngelPC/realtime/design_1_c_addsub_0_1_stub.v:6]
INFO: [Synth 8-6155] done synthesizing module 'design_1_c_addsub_0_1' (0#1) [C:/Users/Angel/Desktop/hil/pfc3ph/vivado_lite/pfc_3ph_lite.runs/synth_1/.Xil/Vivado-11580-AngelPC/realtime/design_1_c_addsub_0_1_stub.v:6]
INFO: [Synth 8-6157] synthesizing module 'design_1_c_addsub_1_0' [C:/Users/Angel/Desktop/hil/pfc3ph/vivado_lite/pfc_3ph_lite.runs/synth_1/.Xil/Vivado-11580-AngelPC/realtime/design_1_c_addsub_1_0_stub.v:6]
INFO: [Synth 8-6155] done synthesizing module 'design_1_c_addsub_1_0' (0#1) [C:/Users/Angel/Desktop/hil/pfc3ph/vivado_lite/pfc_3ph_lite.runs/synth_1/.Xil/Vivado-11580-AngelPC/realtime/design_1_c_addsub_1_0_stub.v:6]
INFO: [Synth 8-6157] synthesizing module 'design_1_c_addsub_2_0' [C:/Users/Angel/Desktop/hil/pfc3ph/vivado_lite/pfc_3ph_lite.runs/synth_1/.Xil/Vivado-11580-AngelPC/realtime/design_1_c_addsub_2_0_stub.v:6]
INFO: [Synth 8-6155] done synthesizing module 'design_1_c_addsub_2_0' (0#1) [C:/Users/Angel/Desktop/hil/pfc3ph/vivado_lite/pfc_3ph_lite.runs/synth_1/.Xil/Vivado-11580-AngelPC/realtime/design_1_c_addsub_2_0_stub.v:6]
INFO: [Synth 8-6157] synthesizing module 'design_1_c_addsub_3_0' [C:/Users/Angel/Desktop/hil/pfc3ph/vivado_lite/pfc_3ph_lite.runs/synth_1/.Xil/Vivado-11580-AngelPC/realtime/design_1_c_addsub_3_0_stub.v:6]
INFO: [Synth 8-6155] done synthesizing module 'design_1_c_addsub_3_0' (0#1) [C:/Users/Angel/Desktop/hil/pfc3ph/vivado_lite/pfc_3ph_lite.runs/synth_1/.Xil/Vivado-11580-AngelPC/realtime/design_1_c_addsub_3_0_stub.v:6]
INFO: [Synth 8-6157] synthesizing module 'design_1_c_addsub_4_0' [C:/Users/Angel/Desktop/hil/pfc3ph/vivado_lite/pfc_3ph_lite.runs/synth_1/.Xil/Vivado-11580-AngelPC/realtime/design_1_c_addsub_4_0_stub.v:6]
INFO: [Synth 8-6155] done synthesizing module 'design_1_c_addsub_4_0' (0#1) [C:/Users/Angel/Desktop/hil/pfc3ph/vivado_lite/pfc_3ph_lite.runs/synth_1/.Xil/Vivado-11580-AngelPC/realtime/design_1_c_addsub_4_0_stub.v:6]
INFO: [Synth 8-6157] synthesizing module 'design_1_xlconstant_0_0' [c:/Users/Angel/Desktop/hil/pfc3ph/vivado_lite/pfc_3ph_lite.gen/sources_1/bd/design_1/ip/design_1_xlconstant_0_0/synth/design_1_xlconstant_0_0.v:53]
INFO: [Synth 8-6157] synthesizing module 'xlconstant_v1_1_9_xlconstant' [c:/Users/Angel/Desktop/hil/pfc3ph/vivado_lite/pfc_3ph_lite.gen/sources_1/bd/design_1/ipshared/e2d2/hdl/xlconstant_v1_1_vl_rfs.v:68]
INFO: [Synth 8-6155] done synthesizing module 'xlconstant_v1_1_9_xlconstant' (0#1) [c:/Users/Angel/Desktop/hil/pfc3ph/vivado_lite/pfc_3ph_lite.gen/sources_1/bd/design_1/ipshared/e2d2/hdl/xlconstant_v1_1_vl_rfs.v:68]
INFO: [Synth 8-6155] done synthesizing module 'design_1_xlconstant_0_0' (0#1) [c:/Users/Angel/Desktop/hil/pfc3ph/vivado_lite/pfc_3ph_lite.gen/sources_1/bd/design_1/ip/design_1_xlconstant_0_0/synth/design_1_xlconstant_0_0.v:53]
INFO: [Synth 8-6157] synthesizing module 'design_1_clk_wiz_15' [C:/Users/Angel/Desktop/hil/pfc3ph/vivado_lite/pfc_3ph_lite.runs/synth_1/.Xil/Vivado-11580-AngelPC/realtime/design_1_clk_wiz_15_stub.v:6]
INFO: [Synth 8-6155] done synthesizing module 'design_1_clk_wiz_15' (0#1) [C:/Users/Angel/Desktop/hil/pfc3ph/vivado_lite/pfc_3ph_lite.runs/synth_1/.Xil/Vivado-11580-AngelPC/realtime/design_1_clk_wiz_15_stub.v:6]
WARNING: [Synth 8-4446] all outputs are unconnected for this instance and logic may be removed [c:/Users/Angel/Desktop/hil/pfc3ph/vivado_lite/pfc_3ph_lite.gen/sources_1/bd/design_1/synth/design_1.v:240]
INFO: [Synth 8-6157] synthesizing module 'design_1_ila_0_0' [C:/Users/Angel/Desktop/hil/pfc3ph/vivado_lite/pfc_3ph_lite.runs/synth_1/.Xil/Vivado-11580-AngelPC/realtime/design_1_ila_0_0_stub.v:6]
INFO: [Synth 8-6155] done synthesizing module 'design_1_ila_0_0' (0#1) [C:/Users/Angel/Desktop/hil/pfc3ph/vivado_lite/pfc_3ph_lite.runs/synth_1/.Xil/Vivado-11580-AngelPC/realtime/design_1_ila_0_0_stub.v:6]
INFO: [Synth 8-6157] synthesizing module 'design_1_rst_clk_wiz_1_6M_2' [C:/Users/Angel/Desktop/hil/pfc3ph/vivado_lite/pfc_3ph_lite.runs/synth_1/.Xil/Vivado-11580-AngelPC/realtime/design_1_rst_clk_wiz_1_6M_2_stub.v:6]
INFO: [Synth 8-6155] done synthesizing module 'design_1_rst_clk_wiz_1_6M_2' (0#1) [C:/Users/Angel/Desktop/hil/pfc3ph/vivado_lite/pfc_3ph_lite.runs/synth_1/.Xil/Vivado-11580-AngelPC/realtime/design_1_rst_clk_wiz_1_6M_2_stub.v:6]
WARNING: [Synth 8-7071] port 'mb_reset' of module 'design_1_rst_clk_wiz_1_6M_2' is unconnected for instance 'rst_clk_wiz_1_6M1' [c:/Users/Angel/Desktop/hil/pfc3ph/vivado_lite/pfc_3ph_lite.gen/sources_1/bd/design_1/synth/design_1.v:267]
WARNING: [Synth 8-7071] port 'bus_struct_reset' of module 'design_1_rst_clk_wiz_1_6M_2' is unconnected for instance 'rst_clk_wiz_1_6M1' [c:/Users/Angel/Desktop/hil/pfc3ph/vivado_lite/pfc_3ph_lite.gen/sources_1/bd/design_1/synth/design_1.v:267]
WARNING: [Synth 8-7071] port 'interconnect_aresetn' of module 'design_1_rst_clk_wiz_1_6M_2' is unconnected for instance 'rst_clk_wiz_1_6M1' [c:/Users/Angel/Desktop/hil/pfc3ph/vivado_lite/pfc_3ph_lite.gen/sources_1/bd/design_1/synth/design_1.v:267]
WARNING: [Synth 8-7071] port 'peripheral_aresetn' of module 'design_1_rst_clk_wiz_1_6M_2' is unconnected for instance 'rst_clk_wiz_1_6M1' [c:/Users/Angel/Desktop/hil/pfc3ph/vivado_lite/pfc_3ph_lite.gen/sources_1/bd/design_1/synth/design_1.v:267]
WARNING: [Synth 8-7023] instance 'rst_clk_wiz_1_6M1' of module 'design_1_rst_clk_wiz_1_6M_2' has 10 connections declared, but only 6 given [c:/Users/Angel/Desktop/hil/pfc3ph/vivado_lite/pfc_3ph_lite.gen/sources_1/bd/design_1/synth/design_1.v:267]
INFO: [Synth 8-6157] synthesizing module 'design_1_rst_clk_wiz_1_6M1_0' [C:/Users/Angel/Desktop/hil/pfc3ph/vivado_lite/pfc_3ph_lite.runs/synth_1/.Xil/Vivado-11580-AngelPC/realtime/design_1_rst_clk_wiz_1_6M1_0_stub.v:6]
INFO: [Synth 8-6155] done synthesizing module 'design_1_rst_clk_wiz_1_6M1_0' (0#1) [C:/Users/Angel/Desktop/hil/pfc3ph/vivado_lite/pfc_3ph_lite.runs/synth_1/.Xil/Vivado-11580-AngelPC/realtime/design_1_rst_clk_wiz_1_6M1_0_stub.v:6]
WARNING: [Synth 8-7071] port 'mb_reset' of module 'design_1_rst_clk_wiz_1_6M1_0' is unconnected for instance 'rst_clk_wiz_1_6M2' [c:/Users/Angel/Desktop/hil/pfc3ph/vivado_lite/pfc_3ph_lite.gen/sources_1/bd/design_1/synth/design_1.v:274]
WARNING: [Synth 8-7071] port 'bus_struct_reset' of module 'design_1_rst_clk_wiz_1_6M1_0' is unconnected for instance 'rst_clk_wiz_1_6M2' [c:/Users/Angel/Desktop/hil/pfc3ph/vivado_lite/pfc_3ph_lite.gen/sources_1/bd/design_1/synth/design_1.v:274]
WARNING: [Synth 8-7071] port 'interconnect_aresetn' of module 'design_1_rst_clk_wiz_1_6M1_0' is unconnected for instance 'rst_clk_wiz_1_6M2' [c:/Users/Angel/Desktop/hil/pfc3ph/vivado_lite/pfc_3ph_lite.gen/sources_1/bd/design_1/synth/design_1.v:274]
WARNING: [Synth 8-7071] port 'peripheral_aresetn' of module 'design_1_rst_clk_wiz_1_6M1_0' is unconnected for instance 'rst_clk_wiz_1_6M2' [c:/Users/Angel/Desktop/hil/pfc3ph/vivado_lite/pfc_3ph_lite.gen/sources_1/bd/design_1/synth/design_1.v:274]
WARNING: [Synth 8-7023] instance 'rst_clk_wiz_1_6M2' of module 'design_1_rst_clk_wiz_1_6M1_0' has 10 connections declared, but only 6 given [c:/Users/Angel/Desktop/hil/pfc3ph/vivado_lite/pfc_3ph_lite.gen/sources_1/bd/design_1/synth/design_1.v:274]
INFO: [Synth 8-6157] synthesizing module 'design_1_sine_3ph_0_0' [C:/Users/Angel/Desktop/hil/pfc3ph/vivado_lite/pfc_3ph_lite.runs/synth_1/.Xil/Vivado-11580-AngelPC/realtime/design_1_sine_3ph_0_0_stub.v:6]
INFO: [Synth 8-6155] done synthesizing module 'design_1_sine_3ph_0_0' (0#1) [C:/Users/Angel/Desktop/hil/pfc3ph/vivado_lite/pfc_3ph_lite.runs/synth_1/.Xil/Vivado-11580-AngelPC/realtime/design_1_sine_3ph_0_0_stub.v:6]
WARNING: [Synth 8-7071] port 'ce_out' of module 'design_1_sine_3ph_0_0' is unconnected for instance 'sine_3ph_0' [c:/Users/Angel/Desktop/hil/pfc3ph/vivado_lite/pfc_3ph_lite.gen/sources_1/bd/design_1/synth/design_1.v:281]
WARNING: [Synth 8-7023] instance 'sine_3ph_0' of module 'design_1_sine_3ph_0_0' has 7 connections declared, but only 6 given [c:/Users/Angel/Desktop/hil/pfc3ph/vivado_lite/pfc_3ph_lite.gen/sources_1/bd/design_1/synth/design_1.v:281]
INFO: [Synth 8-6157] synthesizing module 'design_1_vio_0_0' [C:/Users/Angel/Desktop/hil/pfc3ph/vivado_lite/pfc_3ph_lite.runs/synth_1/.Xil/Vivado-11580-AngelPC/realtime/design_1_vio_0_0_stub.v:6]
INFO: [Synth 8-6155] done synthesizing module 'design_1_vio_0_0' (0#1) [C:/Users/Angel/Desktop/hil/pfc3ph/vivado_lite/pfc_3ph_lite.runs/synth_1/.Xil/Vivado-11580-AngelPC/realtime/design_1_vio_0_0_stub.v:6]
INFO: [Synth 8-6155] done synthesizing module 'design_1' (0#1) [c:/Users/Angel/Desktop/hil/pfc3ph/vivado_lite/pfc_3ph_lite.gen/sources_1/bd/design_1/synth/design_1.v:13]
INFO: [Synth 8-6155] done synthesizing module 'design_1_wrapper' (0#1) [C:/Users/Angel/Desktop/hil/pfc3ph/vivado_lite/pfc_3ph_lite.gen/sources_1/bd/design_1/hdl/design_1_wrapper.v:13]
INFO: [Synth 8-6071] Mark debug on the nets applies keep_hierarchy on instance 'vio_0'. This will prevent further optimization [c:/Users/Angel/Desktop/hil/pfc3ph/vivado_lite/pfc_3ph_lite.gen/sources_1/bd/design_1/synth/design_1.v:288]
INFO: [Synth 8-6071] Mark debug on the nets applies keep_hierarchy on instance 'PFC_Van_3ph_0'. This will prevent further optimization [c:/Users/Angel/Desktop/hil/pfc3ph/vivado_lite/pfc_3ph_lite.gen/sources_1/bd/design_1/synth/design_1.v:153]
INFO: [Synth 8-6071] Mark debug on the nets applies keep_hierarchy on instance 'ila_0'. This will prevent further optimization [c:/Users/Angel/Desktop/hil/pfc3ph/vivado_lite/pfc_3ph_lite.gen/sources_1/bd/design_1/synth/design_1.v:240]
INFO: [Synth 8-6071] Mark debug on the nets applies keep_hierarchy on instance 'MCP_DRIVER_0'. This will prevent further optimization [c:/Users/Angel/Desktop/hil/pfc3ph/vivado_lite/pfc_3ph_lite.gen/sources_1/bd/design_1/synth/design_1.v:119]
INFO: [Synth 8-6071] Mark debug on the nets applies keep_hierarchy on instance 'design_1_i'. This will prevent further optimization [C:/Users/Angel/Desktop/hil/pfc3ph/vivado_lite/pfc_3ph_lite.gen/sources_1/bd/design_1/hdl/design_1_wrapper.v:73]
INFO: [Synth 8-6071] Mark debug on the nets applies keep_hierarchy on instance 'c_addsub_0'. This will prevent further optimization [c:/Users/Angel/Desktop/hil/pfc3ph/vivado_lite/pfc_3ph_lite.gen/sources_1/bd/design_1/synth/design_1.v:196]
INFO: [Synth 8-6071] Mark debug on the nets applies keep_hierarchy on instance 'c_addsub_5'. This will prevent further optimization [c:/Users/Angel/Desktop/hil/pfc3ph/vivado_lite/pfc_3ph_lite.gen/sources_1/bd/design_1/synth/design_1.v:226]
INFO: [Synth 8-6071] Mark debug on the nets applies keep_hierarchy on instance 'c_addsub_4'. This will prevent further optimization [c:/Users/Angel/Desktop/hil/pfc3ph/vivado_lite/pfc_3ph_lite.gen/sources_1/bd/design_1/synth/design_1.v:220]
INFO: [Synth 8-6071] Mark debug on the nets applies keep_hierarchy on instance 'c_addsub_3'. This will prevent further optimization [c:/Users/Angel/Desktop/hil/pfc3ph/vivado_lite/pfc_3ph_lite.gen/sources_1/bd/design_1/synth/design_1.v:214]
INFO: [Synth 8-6071] Mark debug on the nets applies keep_hierarchy on instance 'c_addsub_2'. This will prevent further optimization [c:/Users/Angel/Desktop/hil/pfc3ph/vivado_lite/pfc_3ph_lite.gen/sources_1/bd/design_1/synth/design_1.v:208]
INFO: [Synth 8-6071] Mark debug on the nets applies keep_hierarchy on instance 'c_addsub_1'. This will prevent further optimization [c:/Users/Angel/Desktop/hil/pfc3ph/vivado_lite/pfc_3ph_lite.gen/sources_1/bd/design_1/synth/design_1.v:202]
---------------------------------------------------------------------------------
Finished RTL Elaboration : Time (s): cpu = 00:00:03 ; elapsed = 00:00:03 . Memory (MB): peak = 1265.250 ; gain = 576.523
---------------------------------------------------------------------------------
---------------------------------------------------------------------------------
Start Handling Custom Attributes
---------------------------------------------------------------------------------
---------------------------------------------------------------------------------
Finished Handling Custom Attributes : Time (s): cpu = 00:00:03 ; elapsed = 00:00:04 . Memory (MB): peak = 1265.250 ; gain = 576.523
---------------------------------------------------------------------------------
---------------------------------------------------------------------------------
Finished RTL Optimization Phase 1 : Time (s): cpu = 00:00:03 ; elapsed = 00:00:04 . Memory (MB): peak = 1265.250 ; gain = 576.523
---------------------------------------------------------------------------------
Netlist sorting complete. Time (s): cpu = 00:00:00 ; elapsed = 00:00:00.001 . Memory (MB): peak = 1265.250 ; gain = 0.000
INFO: [Project 1-570] Preparing netlist for logic optimization

Processing XDC Constraints
Initializing timing engine
Parsing XDC File [c:/Users/Angel/Desktop/hil/pfc3ph/vivado_lite/pfc_3ph_lite.gen/sources_1/bd/design_1/ip/design_1_clk_wiz_15/design_1_clk_wiz_15/design_1_clk_wiz_15_in_context.xdc] for cell 'design_1_i/clk_wiz'
Finished Parsing XDC File [c:/Users/Angel/Desktop/hil/pfc3ph/vivado_lite/pfc_3ph_lite.gen/sources_1/bd/design_1/ip/design_1_clk_wiz_15/design_1_clk_wiz_15/design_1_clk_wiz_15_in_context.xdc] for cell 'design_1_i/clk_wiz'
Parsing XDC File [c:/Users/Angel/Desktop/hil/pfc3ph/vivado_lite/pfc_3ph_lite.gen/sources_1/bd/design_1/ip/design_1_rst_clk_wiz_1_6M_2/design_1_rst_clk_wiz_1_6M_2/design_1_rst_clk_wiz_1_6M_2_in_context.xdc] for cell 'design_1_i/rst_clk_wiz_1_6M1'
Finished Parsing XDC File [c:/Users/Angel/Desktop/hil/pfc3ph/vivado_lite/pfc_3ph_lite.gen/sources_1/bd/design_1/ip/design_1_rst_clk_wiz_1_6M_2/design_1_rst_clk_wiz_1_6M_2/design_1_rst_clk_wiz_1_6M_2_in_context.xdc] for cell 'design_1_i/rst_clk_wiz_1_6M1'
Parsing XDC File [c:/Users/Angel/Desktop/hil/pfc3ph/vivado_lite/pfc_3ph_lite.gen/sources_1/bd/design_1/ip/design_1_amc_simulator_0_0/design_1_amc_simulator_0_0/design_1_amc_simulator_0_0_in_context.xdc] for cell 'design_1_i/amc_simulator_0'
Finished Parsing XDC File [c:/Users/Angel/Desktop/hil/pfc3ph/vivado_lite/pfc_3ph_lite.gen/sources_1/bd/design_1/ip/design_1_amc_simulator_0_0/design_1_amc_simulator_0_0/design_1_amc_simulator_0_0_in_context.xdc] for cell 'design_1_i/amc_simulator_0'
Parsing XDC File [c:/Users/Angel/Desktop/hil/pfc3ph/vivado_lite/pfc_3ph_lite.gen/sources_1/bd/design_1/ip/design_1_MCP_DRIVER_0_0/design_1_MCP_DRIVER_0_0/design_1_MCP_DRIVER_0_0_in_context.xdc] for cell 'design_1_i/MCP_DRIVER_0'
Finished Parsing XDC File [c:/Users/Angel/Desktop/hil/pfc3ph/vivado_lite/pfc_3ph_lite.gen/sources_1/bd/design_1/ip/design_1_MCP_DRIVER_0_0/design_1_MCP_DRIVER_0_0/design_1_MCP_DRIVER_0_0_in_context.xdc] for cell 'design_1_i/MCP_DRIVER_0'
Parsing XDC File [c:/Users/Angel/Desktop/hil/pfc3ph/vivado_lite/pfc_3ph_lite.gen/sources_1/bd/design_1/ip/design_1_amc_simulator_0_1/design_1_amc_simulator_0_1/design_1_amc_simulator_0_1_in_context.xdc] for cell 'design_1_i/amc_simulator_1'
Finished Parsing XDC File [c:/Users/Angel/Desktop/hil/pfc3ph/vivado_lite/pfc_3ph_lite.gen/sources_1/bd/design_1/ip/design_1_amc_simulator_0_1/design_1_amc_simulator_0_1/design_1_amc_simulator_0_1_in_context.xdc] for cell 'design_1_i/amc_simulator_1'
Parsing XDC File [c:/Users/Angel/Desktop/hil/pfc3ph/vivado_lite/pfc_3ph_lite.gen/sources_1/bd/design_1/ip/design_1_amc_simulator_1_0/design_1_amc_simulator_1_0/design_1_amc_simulator_1_0_in_context.xdc] for cell 'design_1_i/amc_simulator_2'
Finished Parsing XDC File [c:/Users/Angel/Desktop/hil/pfc3ph/vivado_lite/pfc_3ph_lite.gen/sources_1/bd/design_1/ip/design_1_amc_simulator_1_0/design_1_amc_simulator_1_0/design_1_amc_simulator_1_0_in_context.xdc] for cell 'design_1_i/amc_simulator_2'
Parsing XDC File [c:/Users/Angel/Desktop/hil/pfc3ph/vivado_lite/pfc_3ph_lite.gen/sources_1/bd/design_1/ip/design_1_sine_3ph_0_0/design_1_sine_3ph_0_0/design_1_sine_3ph_0_0_in_context.xdc] for cell 'design_1_i/sine_3ph_0'
Finished Parsing XDC File [c:/Users/Angel/Desktop/hil/pfc3ph/vivado_lite/pfc_3ph_lite.gen/sources_1/bd/design_1/ip/design_1_sine_3ph_0_0/design_1_sine_3ph_0_0/design_1_sine_3ph_0_0_in_context.xdc] for cell 'design_1_i/sine_3ph_0'
Parsing XDC File [c:/Users/Angel/Desktop/hil/pfc3ph/vivado_lite/pfc_3ph_lite.gen/sources_1/bd/design_1/ip/design_1_vio_0_0/design_1_vio_0_0/design_1_vio_0_0_in_context.xdc] for cell 'design_1_i/vio_0'
Finished Parsing XDC File [c:/Users/Angel/Desktop/hil/pfc3ph/vivado_lite/pfc_3ph_lite.gen/sources_1/bd/design_1/ip/design_1_vio_0_0/design_1_vio_0_0/design_1_vio_0_0_in_context.xdc] for cell 'design_1_i/vio_0'
Parsing XDC File [c:/Users/Angel/Desktop/hil/pfc3ph/vivado_lite/pfc_3ph_lite.gen/sources_1/bd/design_1/ip/design_1_rst_clk_wiz_1_6M1_0/design_1_rst_clk_wiz_1_6M1_0/design_1_rst_clk_wiz_1_6M1_0_in_context.xdc] for cell 'design_1_i/rst_clk_wiz_1_6M2'
Finished Parsing XDC File [c:/Users/Angel/Desktop/hil/pfc3ph/vivado_lite/pfc_3ph_lite.gen/sources_1/bd/design_1/ip/design_1_rst_clk_wiz_1_6M1_0/design_1_rst_clk_wiz_1_6M1_0/design_1_rst_clk_wiz_1_6M1_0_in_context.xdc] for cell 'design_1_i/rst_clk_wiz_1_6M2'
Parsing XDC File [c:/Users/Angel/Desktop/hil/pfc3ph/vivado_lite/pfc_3ph_lite.gen/sources_1/bd/design_1/ip/design_1_c_addsub_0_0/design_1_c_addsub_0_0/design_1_c_addsub_0_0_in_context.xdc] for cell 'design_1_i/c_addsub_0'
Finished Parsing XDC File [c:/Users/Angel/Desktop/hil/pfc3ph/vivado_lite/pfc_3ph_lite.gen/sources_1/bd/design_1/ip/design_1_c_addsub_0_0/design_1_c_addsub_0_0/design_1_c_addsub_0_0_in_context.xdc] for cell 'design_1_i/c_addsub_0'
Parsing XDC File [c:/Users/Angel/Desktop/hil/pfc3ph/vivado_lite/pfc_3ph_lite.gen/sources_1/bd/design_1/ip/design_1_c_addsub_0_1/design_1_c_addsub_0_1/design_1_c_addsub_0_0_in_context.xdc] for cell 'design_1_i/c_addsub_1'
Finished Parsing XDC File [c:/Users/Angel/Desktop/hil/pfc3ph/vivado_lite/pfc_3ph_lite.gen/sources_1/bd/design_1/ip/design_1_c_addsub_0_1/design_1_c_addsub_0_1/design_1_c_addsub_0_0_in_context.xdc] for cell 'design_1_i/c_addsub_1'
Parsing XDC File [c:/Users/Angel/Desktop/hil/pfc3ph/vivado_lite/pfc_3ph_lite.gen/sources_1/bd/design_1/ip/design_1_c_addsub_1_0/design_1_c_addsub_1_0/design_1_c_addsub_0_0_in_context.xdc] for cell 'design_1_i/c_addsub_2'
Finished Parsing XDC File [c:/Users/Angel/Desktop/hil/pfc3ph/vivado_lite/pfc_3ph_lite.gen/sources_1/bd/design_1/ip/design_1_c_addsub_1_0/design_1_c_addsub_1_0/design_1_c_addsub_0_0_in_context.xdc] for cell 'design_1_i/c_addsub_2'
Parsing XDC File [c:/Users/Angel/Desktop/hil/pfc3ph/vivado_lite/pfc_3ph_lite.gen/sources_1/bd/design_1/ip/design_1_c_addsub_2_0/design_1_c_addsub_2_0/design_1_c_addsub_0_0_in_context.xdc] for cell 'design_1_i/c_addsub_3'
Finished Parsing XDC File [c:/Users/Angel/Desktop/hil/pfc3ph/vivado_lite/pfc_3ph_lite.gen/sources_1/bd/design_1/ip/design_1_c_addsub_2_0/design_1_c_addsub_2_0/design_1_c_addsub_0_0_in_context.xdc] for cell 'design_1_i/c_addsub_3'
Parsing XDC File [c:/Users/Angel/Desktop/hil/pfc3ph/vivado_lite/pfc_3ph_lite.gen/sources_1/bd/design_1/ip/design_1_c_addsub_3_0/design_1_c_addsub_3_0/design_1_c_addsub_0_0_in_context.xdc] for cell 'design_1_i/c_addsub_4'
Finished Parsing XDC File [c:/Users/Angel/Desktop/hil/pfc3ph/vivado_lite/pfc_3ph_lite.gen/sources_1/bd/design_1/ip/design_1_c_addsub_3_0/design_1_c_addsub_3_0/design_1_c_addsub_0_0_in_context.xdc] for cell 'design_1_i/c_addsub_4'
Parsing XDC File [c:/Users/Angel/Desktop/hil/pfc3ph/vivado_lite/pfc_3ph_lite.gen/sources_1/bd/design_1/ip/design_1_c_addsub_4_0/design_1_c_addsub_4_0/design_1_c_addsub_0_0_in_context.xdc] for cell 'design_1_i/c_addsub_5'
Finished Parsing XDC File [c:/Users/Angel/Desktop/hil/pfc3ph/vivado_lite/pfc_3ph_lite.gen/sources_1/bd/design_1/ip/design_1_c_addsub_4_0/design_1_c_addsub_4_0/design_1_c_addsub_0_0_in_context.xdc] for cell 'design_1_i/c_addsub_5'
Parsing XDC File [c:/Users/Angel/Desktop/hil/pfc3ph/vivado_lite/pfc_3ph_lite.gen/sources_1/bd/design_1/ip/design_1_ila_0_0/design_1_ila_0_0/design_1_ila_0_0_in_context.xdc] for cell 'design_1_i/ila_0'
Finished Parsing XDC File [c:/Users/Angel/Desktop/hil/pfc3ph/vivado_lite/pfc_3ph_lite.gen/sources_1/bd/design_1/ip/design_1_ila_0_0/design_1_ila_0_0/design_1_ila_0_0_in_context.xdc] for cell 'design_1_i/ila_0'
Parsing XDC File [c:/Users/Angel/Desktop/hil/pfc3ph/vivado_lite/pfc_3ph_lite.gen/sources_1/bd/design_1/ip/design_1_PFC_Van_3ph_0_0/design_1_PFC_Van_3ph_0_0/design_1_PFC_Van_3ph_0_0_in_context.xdc] for cell 'design_1_i/PFC_Van_3ph_0'
Finished Parsing XDC File [c:/Users/Angel/Desktop/hil/pfc3ph/vivado_lite/pfc_3ph_lite.gen/sources_1/bd/design_1/ip/design_1_PFC_Van_3ph_0_0/design_1_PFC_Van_3ph_0_0/design_1_PFC_Van_3ph_0_0_in_context.xdc] for cell 'design_1_i/PFC_Van_3ph_0'
Parsing XDC File [C:/Users/Angel/Desktop/hil/pfc3ph/vivado_lite/pfc_3ph_lite.srcs/constrs_1/imports/fpga/Cmod-S7-25-Master.xdc]
WARNING: [Vivado 12-508] No pins matched 'design_1_i/sine_3ph_0/inst/u_sine_3ph_tc/phase_1_reg/C'. [C:/Users/Angel/Desktop/hil/pfc3ph/vivado_lite/pfc_3ph_lite.srcs/constrs_1/imports/fpga/Cmod-S7-25-Master.xdc:1]
WARNING: [Vivado 12-508] No pins matched 'design_1_i/PFC_Van_3ph_0/inst/u_HDL_Subsystem/u_Sparse_Matrix_Vector_Product2/u_dot_product_7/mul_out1_3_1_reg/B[14]'. [C:/Users/Angel/Desktop/hil/pfc3ph/vivado_lite/pfc_3ph_lite.srcs/constrs_1/imports/fpga/Cmod-S7-25-Master.xdc:1]
WARNING: [Vivado 12-508] No pins matched 'design_1_i/sine_3ph_0/inst/u_sine_3ph_tc/phase_1_reg/C'. [C:/Users/Angel/Desktop/hil/pfc3ph/vivado_lite/pfc_3ph_lite.srcs/constrs_1/imports/fpga/Cmod-S7-25-Master.xdc:2]
WARNING: [Vivado 12-508] No pins matched 'design_1_i/PFC_Van_3ph_0/inst/u_HDL_Subsystem/u_Sparse_Matrix_Vector_Product2/u_dot_product_7/mul_out1_3_1_reg/B[15]'. [C:/Users/Angel/Desktop/hil/pfc3ph/vivado_lite/pfc_3ph_lite.srcs/constrs_1/imports/fpga/Cmod-S7-25-Master.xdc:2]
WARNING: [Vivado 12-508] No pins matched 'design_1_i/sine_3ph_0/inst/u_sine_3ph_tc/phase_1_reg/C'. [C:/Users/Angel/Desktop/hil/pfc3ph/vivado_lite/pfc_3ph_lite.srcs/constrs_1/imports/fpga/Cmod-S7-25-Master.xdc:3]
WARNING: [Vivado 12-508] No pins matched 'design_1_i/PFC_Van_3ph_0/inst/u_HDL_Subsystem/u_Sparse_Matrix_Vector_Product2/u_dot_product_7/mul_out1_3_1_reg/B[8]'. [C:/Users/Angel/Desktop/hil/pfc3ph/vivado_lite/pfc_3ph_lite.srcs/constrs_1/imports/fpga/Cmod-S7-25-Master.xdc:3]
WARNING: [Vivado 12-508] No pins matched 'design_1_i/sine_3ph_0/inst/u_sine_3ph_tc/phase_1_reg/C'. [C:/Users/Angel/Desktop/hil/pfc3ph/vivado_lite/pfc_3ph_lite.srcs/constrs_1/imports/fpga/Cmod-S7-25-Master.xdc:4]
WARNING: [Vivado 12-508] No pins matched 'design_1_i/PFC_Van_3ph_0/inst/u_HDL_Subsystem/u_Sparse_Matrix_Vector_Product2/u_dot_product_7/mul_out1_3_1_reg/B[9]'. [C:/Users/Angel/Desktop/hil/pfc3ph/vivado_lite/pfc_3ph_lite.srcs/constrs_1/imports/fpga/Cmod-S7-25-Master.xdc:4]
WARNING: [Vivado 12-508] No pins matched 'design_1_i/sine_3ph_0/inst/u_sine_3ph_tc/phase_1_reg/C'. [C:/Users/Angel/Desktop/hil/pfc3ph/vivado_lite/pfc_3ph_lite.srcs/constrs_1/imports/fpga/Cmod-S7-25-Master.xdc:5]
WARNING: [Vivado 12-508] No pins matched 'design_1_i/PFC_Van_3ph_0/inst/u_HDL_Subsystem/u_Sparse_Matrix_Vector_Product/u_dot_product_9/rd_6_reg_reg[0]/B[11]'. [C:/Users/Angel/Desktop/hil/pfc3ph/vivado_lite/pfc_3ph_lite.srcs/constrs_1/imports/fpga/Cmod-S7-25-Master.xdc:5]
WARNING: [Vivado 12-508] No pins matched 'design_1_i/sine_3ph_0/inst/u_sine_3ph_tc/phase_1_reg/C'. [C:/Users/Angel/Desktop/hil/pfc3ph/vivado_lite/pfc_3ph_lite.srcs/constrs_1/imports/fpga/Cmod-S7-25-Master.xdc:6]
WARNING: [Vivado 12-508] No pins matched 'design_1_i/PFC_Van_3ph_0/inst/u_HDL_Subsystem/u_Sparse_Matrix_Vector_Product2/u_dot_product_7/mul_out1_1_reg[3]/B[13]'. [C:/Users/Angel/Desktop/hil/pfc3ph/vivado_lite/pfc_3ph_lite.srcs/constrs_1/imports/fpga/Cmod-S7-25-Master.xdc:6]
WARNING: [Vivado 12-508] No pins matched 'design_1_i/sine_3ph_0/inst/u_sine_3ph_tc/phase_1_reg/C'. [C:/Users/Angel/Desktop/hil/pfc3ph/vivado_lite/pfc_3ph_lite.srcs/constrs_1/imports/fpga/Cmod-S7-25-Master.xdc:7]
WARNING: [Vivado 12-508] No pins matched 'design_1_i/PFC_Van_3ph_0/inst/u_HDL_Subsystem/u_Sparse_Matrix_Vector_Product/u_dot_product_9/rd_6_reg_reg[1]/B[2]'. [C:/Users/Angel/Desktop/hil/pfc3ph/vivado_lite/pfc_3ph_lite.srcs/constrs_1/imports/fpga/Cmod-S7-25-Master.xdc:7]
WARNING: [Vivado 12-508] No pins matched 'design_1_i/sine_3ph_0/inst/u_sine_3ph_tc/phase_1_reg/C'. [C:/Users/Angel/Desktop/hil/pfc3ph/vivado_lite/pfc_3ph_lite.srcs/constrs_1/imports/fpga/Cmod-S7-25-Master.xdc:8]
WARNING: [Vivado 12-508] No pins matched 'design_1_i/PFC_Van_3ph_0/inst/u_HDL_Subsystem/u_Sparse_Matrix_Vector_Product1/u_dot_product_6/mul_out1_1_reg[5]/B[15]'. [C:/Users/Angel/Desktop/hil/pfc3ph/vivado_lite/pfc_3ph_lite.srcs/constrs_1/imports/fpga/Cmod-S7-25-Master.xdc:8]
WARNING: [Vivado 12-508] No pins matched 'design_1_i/sine_3ph_0/inst/u_sine_3ph_tc/phase_1_reg/C'. [C:/Users/Angel/Desktop/hil/pfc3ph/vivado_lite/pfc_3ph_lite.srcs/constrs_1/imports/fpga/Cmod-S7-25-Master.xdc:9]
WARNING: [Vivado 12-508] No pins matched 'design_1_i/PFC_Van_3ph_0/inst/u_HDL_Subsystem/u_Sparse_Matrix_Vector_Product1/u_dot_product_6/mul_out1_1_reg[4]/B[16]'. [C:/Users/Angel/Desktop/hil/pfc3ph/vivado_lite/pfc_3ph_lite.srcs/constrs_1/imports/fpga/Cmod-S7-25-Master.xdc:9]
WARNING: [Vivado 12-508] No pins matched 'design_1_i/sine_3ph_0/inst/u_sine_3ph_tc/phase_1_reg/C'. [C:/Users/Angel/Desktop/hil/pfc3ph/vivado_lite/pfc_3ph_lite.srcs/constrs_1/imports/fpga/Cmod-S7-25-Master.xdc:10]
WARNING: [Vivado 12-508] No pins matched 'design_1_i/PFC_Van_3ph_0/inst/u_HDL_Subsystem/u_Sparse_Matrix_Vector_Product1/u_dot_product_6/mul_out1_1_reg[4]/B[13]'. [C:/Users/Angel/Desktop/hil/pfc3ph/vivado_lite/pfc_3ph_lite.srcs/constrs_1/imports/fpga/Cmod-S7-25-Master.xdc:10]
INFO: [Constraints 18-483] create_clock: no pin(s)/port(s)/net(s) specified as objects, only virtual clock 'VIRTUAL_clk_out1_design_1_clk_wiz_15' will be created. If you don't want this, please specify pin(s)/ports(s)/net(s) as objects to the command. [C:/Users/Angel/Desktop/hil/pfc3ph/vivado_lite/pfc_3ph_lite.srcs/constrs_1/imports/fpga/Cmod-S7-25-Master.xdc:117]
WARNING: [Vivado 12-508] No pins matched 'design_1_i/amc_simulator_1/inst/Delay1_out1_reg/C'. [C:/Users/Angel/Desktop/hil/pfc3ph/vivado_lite/pfc_3ph_lite.srcs/constrs_1/imports/fpga/Cmod-S7-25-Master.xdc:184]
WARNING: [Vivado 12-508] No pins matched 'design_1_i/amc_simulator_2/inst/Delay1_out1_reg/C'. [C:/Users/Angel/Desktop/hil/pfc3ph/vivado_lite/pfc_3ph_lite.srcs/constrs_1/imports/fpga/Cmod-S7-25-Master.xdc:185]
WARNING: [Vivado 12-508] No pins matched 'design_1_i/amc_simulator_0/inst/Delay1_out1_reg/C'. [C:/Users/Angel/Desktop/hil/pfc3ph/vivado_lite/pfc_3ph_lite.srcs/constrs_1/imports/fpga/Cmod-S7-25-Master.xdc:186]
WARNING: [Vivado 12-508] No pins matched 'design_1_i/clk_wiz/inst/mmcm_adv_inst/CLKOUT0'. [C:/Users/Angel/Desktop/hil/pfc3ph/vivado_lite/pfc_3ph_lite.srcs/constrs_1/imports/fpga/Cmod-S7-25-Master.xdc:187]
WARNING: [Vivado 12-508] No pins matched 'design_1_i/clk_wiz/inst/mmcm_adv_inst/CLKOUT0'. [C:/Users/Angel/Desktop/hil/pfc3ph/vivado_lite/pfc_3ph_lite.srcs/constrs_1/imports/fpga/Cmod-S7-25-Master.xdc:188]
WARNING: [Vivado 12-508] No pins matched 'design_1_i/clk_wiz/inst/mmcm_adv_inst/CLKOUT0'. [C:/Users/Angel/Desktop/hil/pfc3ph/vivado_lite/pfc_3ph_lite.srcs/constrs_1/imports/fpga/Cmod-S7-25-Master.xdc:189]
WARNING: [Vivado 12-508] No pins matched 'design_1_i/clk_wiz/inst/mmcm_adv_inst/CLKOUT2'. [C:/Users/Angel/Desktop/hil/pfc3ph/vivado_lite/pfc_3ph_lite.srcs/constrs_1/imports/fpga/Cmod-S7-25-Master.xdc:190]
WARNING: [Vivado 12-508] No pins matched 'design_1_i/clk_wiz/inst/mmcm_adv_inst/CLKOUT2'. [C:/Users/Angel/Desktop/hil/pfc3ph/vivado_lite/pfc_3ph_lite.srcs/constrs_1/imports/fpga/Cmod-S7-25-Master.xdc:191]
WARNING: [Vivado 12-508] No pins matched 'design_1_i/clk_wiz/inst/mmcm_adv_inst/CLKOUT2'. [C:/Users/Angel/Desktop/hil/pfc3ph/vivado_lite/pfc_3ph_lite.srcs/constrs_1/imports/fpga/Cmod-S7-25-Master.xdc:192]
WARNING: [Vivado 12-508] No pins matched 'design_1_i/clk_wiz/inst/mmcm_adv_inst/CLKOUT2'. [C:/Users/Angel/Desktop/hil/pfc3ph/vivado_lite/pfc_3ph_lite.srcs/constrs_1/imports/fpga/Cmod-S7-25-Master.xdc:193]
WARNING: [Vivado 12-508] No pins matched 'design_1_i/clk_wiz/inst/mmcm_adv_inst/CLKOUT2'. [C:/Users/Angel/Desktop/hil/pfc3ph/vivado_lite/pfc_3ph_lite.srcs/constrs_1/imports/fpga/Cmod-S7-25-Master.xdc:194]
WARNING: [Vivado 12-508] No pins matched 'design_1_i/clk_wiz/inst/mmcm_adv_inst/CLKOUT2'. [C:/Users/Angel/Desktop/hil/pfc3ph/vivado_lite/pfc_3ph_lite.srcs/constrs_1/imports/fpga/Cmod-S7-25-Master.xdc:195]
WARNING: [Vivado 12-508] No pins matched 'design_1_i/clk_wiz/inst/mmcm_adv_inst/CLKOUT2'. [C:/Users/Angel/Desktop/hil/pfc3ph/vivado_lite/pfc_3ph_lite.srcs/constrs_1/imports/fpga/Cmod-S7-25-Master.xdc:196]
WARNING: [Vivado 12-508] No pins matched 'design_1_i/clk_wiz/inst/mmcm_adv_inst/CLKOUT2'. [C:/Users/Angel/Desktop/hil/pfc3ph/vivado_lite/pfc_3ph_lite.srcs/constrs_1/imports/fpga/Cmod-S7-25-Master.xdc:197]
WARNING: [Vivado 12-508] No pins matched 'design_1_i/clk_wiz/inst/mmcm_adv_inst/CLKOUT2'. [C:/Users/Angel/Desktop/hil/pfc3ph/vivado_lite/pfc_3ph_lite.srcs/constrs_1/imports/fpga/Cmod-S7-25-Master.xdc:198]
WARNING: [Vivado 12-508] No pins matched 'design_1_i/clk_wiz/inst/mmcm_adv_inst/CLKOUT2'. [C:/Users/Angel/Desktop/hil/pfc3ph/vivado_lite/pfc_3ph_lite.srcs/constrs_1/imports/fpga/Cmod-S7-25-Master.xdc:199]
WARNING: [Vivado 12-508] No pins matched 'design_1_i/clk_wiz/inst/mmcm_adv_inst/CLKOUT2'. [C:/Users/Angel/Desktop/hil/pfc3ph/vivado_lite/pfc_3ph_lite.srcs/constrs_1/imports/fpga/Cmod-S7-25-Master.xdc:200]
WARNING: [Vivado 12-508] No pins matched 'design_1_i/clk_wiz/inst/mmcm_adv_inst/CLKOUT2'. [C:/Users/Angel/Desktop/hil/pfc3ph/vivado_lite/pfc_3ph_lite.srcs/constrs_1/imports/fpga/Cmod-S7-25-Master.xdc:201]
WARNING: [Vivado 12-508] No pins matched 'design_1_i/clk_wiz/inst/mmcm_adv_inst/CLKOUT0'. [C:/Users/Angel/Desktop/hil/pfc3ph/vivado_lite/pfc_3ph_lite.srcs/constrs_1/imports/fpga/Cmod-S7-25-Master.xdc:202]
WARNING: [Vivado 12-508] No pins matched 'design_1_i/clk_wiz/inst/mmcm_adv_inst/CLKOUT0'. [C:/Users/Angel/Desktop/hil/pfc3ph/vivado_lite/pfc_3ph_lite.srcs/constrs_1/imports/fpga/Cmod-S7-25-Master.xdc:203]
WARNING: [Vivado 12-508] No pins matched 'design_1_i/clk_wiz/inst/mmcm_adv_inst/CLKOUT0'. [C:/Users/Angel/Desktop/hil/pfc3ph/vivado_lite/pfc_3ph_lite.srcs/constrs_1/imports/fpga/Cmod-S7-25-Master.xdc:204]
WARNING: [Vivado 12-508] No pins matched 'design_1_i/amc_simulator_0/inst/Delay1_out1_reg/C'. [C:/Users/Angel/Desktop/hil/pfc3ph/vivado_lite/pfc_3ph_lite.srcs/constrs_1/imports/fpga/Cmod-S7-25-Master.xdc:205]
WARNING: [Vivado 12-508] No pins matched 'design_1_i/amc_simulator_2/inst/Delay1_out1_reg/C'. [C:/Users/Angel/Desktop/hil/pfc3ph/vivado_lite/pfc_3ph_lite.srcs/constrs_1/imports/fpga/Cmod-S7-25-Master.xdc:206]
WARNING: [Vivado 12-508] No pins matched 'design_1_i/amc_simulator_1/inst/Delay1_out1_reg/C'. [C:/Users/Angel/Desktop/hil/pfc3ph/vivado_lite/pfc_3ph_lite.srcs/constrs_1/imports/fpga/Cmod-S7-25-Master.xdc:207]
WARNING: [Vivado 12-508] No pins matched 'design_1_i/rst_clk_wiz_1_6M1/U0/PR_OUT_DFF[0].FDRE_PER/C'. [C:/Users/Angel/Desktop/hil/pfc3ph/vivado_lite/pfc_3ph_lite.srcs/constrs_1/imports/fpga/Cmod-S7-25-Master.xdc:209]
WARNING: [Vivado 12-508] No pins matched 'design_1_i/PFC_Van_3ph_0/inst/u_FET_CTRL/rd_9_reg_reg[0][12]/S'. [C:/Users/Angel/Desktop/hil/pfc3ph/vivado_lite/pfc_3ph_lite.srcs/constrs_1/imports/fpga/Cmod-S7-25-Master.xdc:209]
WARNING: [Vivado 12-508] No pins matched 'design_1_i/rst_clk_wiz_1_6M1/U0/PR_OUT_DFF[0].FDRE_PER/C'. [C:/Users/Angel/Desktop/hil/pfc3ph/vivado_lite/pfc_3ph_lite.srcs/constrs_1/imports/fpga/Cmod-S7-25-Master.xdc:210]
WARNING: [Vivado 12-508] No pins matched 'design_1_i/PFC_Van_3ph_0/inst/u_FET_CTRL/rd_9_reg_reg[0][14]/S'. [C:/Users/Angel/Desktop/hil/pfc3ph/vivado_lite/pfc_3ph_lite.srcs/constrs_1/imports/fpga/Cmod-S7-25-Master.xdc:210]
WARNING: [Vivado 12-508] No pins matched 'design_1_i/rst_clk_wiz_1_6M1/U0/PR_OUT_DFF[0].FDRE_PER/C'. [C:/Users/Angel/Desktop/hil/pfc3ph/vivado_lite/pfc_3ph_lite.srcs/constrs_1/imports/fpga/Cmod-S7-25-Master.xdc:211]
WARNING: [Vivado 12-508] No pins matched 'design_1_i/PFC_Van_3ph_0/inst/u_FET_CTRL/rd_9_reg_reg[0][7]/S'. [C:/Users/Angel/Desktop/hil/pfc3ph/vivado_lite/pfc_3ph_lite.srcs/constrs_1/imports/fpga/Cmod-S7-25-Master.xdc:211]
WARNING: [Vivado 12-508] No pins matched 'design_1_i/rst_clk_wiz_1_6M1/U0/PR_OUT_DFF[0].FDRE_PER/C'. [C:/Users/Angel/Desktop/hil/pfc3ph/vivado_lite/pfc_3ph_lite.srcs/constrs_1/imports/fpga/Cmod-S7-25-Master.xdc:212]
WARNING: [Vivado 12-508] No pins matched 'design_1_i/PFC_Van_3ph_0/inst/u_FET_CTRL/rd_9_reg_reg[0][9]/S'. [C:/Users/Angel/Desktop/hil/pfc3ph/vivado_lite/pfc_3ph_lite.srcs/constrs_1/imports/fpga/Cmod-S7-25-Master.xdc:212]
WARNING: [Vivado 12-508] No pins matched 'design_1_i/rst_clk_wiz_1_6M1/U0/PR_OUT_DFF[0].FDRE_PER/C'. [C:/Users/Angel/Desktop/hil/pfc3ph/vivado_lite/pfc_3ph_lite.srcs/constrs_1/imports/fpga/Cmod-S7-25-Master.xdc:213]
WARNING: [Vivado 12-508] No pins matched 'design_1_i/PFC_Van_3ph_0/inst/u_FET_CTRL/rd_9_reg_reg[0][10]/S'. [C:/Users/Angel/Desktop/hil/pfc3ph/vivado_lite/pfc_3ph_lite.srcs/constrs_1/imports/fpga/Cmod-S7-25-Master.xdc:213]
WARNING: [Vivado 12-508] No pins matched 'design_1_i/rst_clk_wiz_1_6M1/U0/PR_OUT_DFF[0].FDRE_PER/C'. [C:/Users/Angel/Desktop/hil/pfc3ph/vivado_lite/pfc_3ph_lite.srcs/constrs_1/imports/fpga/Cmod-S7-25-Master.xdc:214]
WARNING: [Vivado 12-508] No pins matched 'design_1_i/PFC_Van_3ph_0/inst/u_FET_CTRL/rd_9_reg_reg[0][11]/S'. [C:/Users/Angel/Desktop/hil/pfc3ph/vivado_lite/pfc_3ph_lite.srcs/constrs_1/imports/fpga/Cmod-S7-25-Master.xdc:214]
WARNING: [Vivado 12-508] No pins matched 'design_1_i/rst_clk_wiz_1_6M1/U0/PR_OUT_DFF[0].FDRE_PER/C'. [C:/Users/Angel/Desktop/hil/pfc3ph/vivado_lite/pfc_3ph_lite.srcs/constrs_1/imports/fpga/Cmod-S7-25-Master.xdc:215]
WARNING: [Vivado 12-508] No pins matched 'design_1_i/PFC_Van_3ph_0/inst/u_FET_CTRL/rd_9_reg_reg[0][13]/S'. [C:/Users/Angel/Desktop/hil/pfc3ph/vivado_lite/pfc_3ph_lite.srcs/constrs_1/imports/fpga/Cmod-S7-25-Master.xdc:215]
WARNING: [Vivado 12-508] No pins matched 'design_1_i/rst_clk_wiz_1_6M1/U0/PR_OUT_DFF[0].FDRE_PER/C'. [C:/Users/Angel/Desktop/hil/pfc3ph/vivado_lite/pfc_3ph_lite.srcs/constrs_1/imports/fpga/Cmod-S7-25-Master.xdc:216]
WARNING: [Vivado 12-508] No pins matched 'design_1_i/PFC_Van_3ph_0/inst/u_FET_CTRL/rd_9_reg_reg[0][6]/S'. [C:/Users/Angel/Desktop/hil/pfc3ph/vivado_lite/pfc_3ph_lite.srcs/constrs_1/imports/fpga/Cmod-S7-25-Master.xdc:216]
WARNING: [Vivado 12-508] No pins matched 'design_1_i/rst_clk_wiz_1_6M1/U0/PR_OUT_DFF[0].FDRE_PER/C'. [C:/Users/Angel/Desktop/hil/pfc3ph/vivado_lite/pfc_3ph_lite.srcs/constrs_1/imports/fpga/Cmod-S7-25-Master.xdc:217]
WARNING: [Vivado 12-508] No pins matched 'design_1_i/PFC_Van_3ph_0/inst/u_FET_CTRL/rd_9_reg_reg[0][8]/S'. [C:/Users/Angel/Desktop/hil/pfc3ph/vivado_lite/pfc_3ph_lite.srcs/constrs_1/imports/fpga/Cmod-S7-25-Master.xdc:217]
WARNING: [Vivado 12-508] No pins matched 'design_1_i/rst_clk_wiz_1_6M1/U0/PR_OUT_DFF[0].FDRE_PER/C'. [C:/Users/Angel/Desktop/hil/pfc3ph/vivado_lite/pfc_3ph_lite.srcs/constrs_1/imports/fpga/Cmod-S7-25-Master.xdc:218]
WARNING: [Vivado 12-508] No pins matched 'design_1_i/PFC_Van_3ph_0/inst/u_FET_CTRL/rd_9_reg_reg[0][9]/D'. [C:/Users/Angel/Desktop/hil/pfc3ph/vivado_lite/pfc_3ph_lite.srcs/constrs_1/imports/fpga/Cmod-S7-25-Master.xdc:218]
WARNING: [Vivado 12-508] No pins matched 'design_1_i/clk_wiz/inst/mmcm_adv_inst/CLKOUT0'. [C:/Users/Angel/Desktop/hil/pfc3ph/vivado_lite/pfc_3ph_lite.srcs/constrs_1/imports/fpga/Cmod-S7-25-Master.xdc:219]
WARNING: [Vivado 12-508] No pins matched 'design_1_i/clk_wiz/inst/mmcm_adv_inst/CLKOUT0'. [C:/Users/Angel/Desktop/hil/pfc3ph/vivado_lite/pfc_3ph_lite.srcs/constrs_1/imports/fpga/Cmod-S7-25-Master.xdc:220]
WARNING: [Vivado 12-508] No pins matched 'design_1_i/clk_wiz/inst/mmcm_adv_inst/CLKOUT0'. [C:/Users/Angel/Desktop/hil/pfc3ph/vivado_lite/pfc_3ph_lite.srcs/constrs_1/imports/fpga/Cmod-S7-25-Master.xdc:221]
WARNING: [Vivado 12-508] No pins matched 'design_1_i/clk_wiz/inst/mmcm_adv_inst/CLKOUT0'. [C:/Users/Angel/Desktop/hil/pfc3ph/vivado_lite/pfc_3ph_lite.srcs/constrs_1/imports/fpga/Cmod-S7-25-Master.xdc:222]
WARNING: [Vivado 12-508] No pins matched 'design_1_i/clk_wiz/inst/mmcm_adv_inst/CLKOUT0'. [C:/Users/Angel/Desktop/hil/pfc3ph/vivado_lite/pfc_3ph_lite.srcs/constrs_1/imports/fpga/Cmod-S7-25-Master.xdc:223]
WARNING: [Vivado 12-508] No pins matched 'design_1_i/clk_wiz/inst/mmcm_adv_inst/CLKOUT0'. [C:/Users/Angel/Desktop/hil/pfc3ph/vivado_lite/pfc_3ph_lite.srcs/constrs_1/imports/fpga/Cmod-S7-25-Master.xdc:224]
WARNING: [Vivado 12-508] No pins matched 'design_1_i/clk_wiz/inst/mmcm_adv_inst/CLKOUT0'. [C:/Users/Angel/Desktop/hil/pfc3ph/vivado_lite/pfc_3ph_lite.srcs/constrs_1/imports/fpga/Cmod-S7-25-Master.xdc:225]
WARNING: [Vivado 12-508] No pins matched 'design_1_i/clk_wiz/inst/mmcm_adv_inst/CLKOUT0'. [C:/Users/Angel/Desktop/hil/pfc3ph/vivado_lite/pfc_3ph_lite.srcs/constrs_1/imports/fpga/Cmod-S7-25-Master.xdc:226]
WARNING: [Vivado 12-508] No pins matched 'design_1_i/clk_wiz/inst/mmcm_adv_inst/CLKOUT0'. [C:/Users/Angel/Desktop/hil/pfc3ph/vivado_lite/pfc_3ph_lite.srcs/constrs_1/imports/fpga/Cmod-S7-25-Master.xdc:227]
WARNING: [Vivado 12-508] No pins matched 'design_1_i/clk_wiz/inst/mmcm_adv_inst/CLKOUT0'. [C:/Users/Angel/Desktop/hil/pfc3ph/vivado_lite/pfc_3ph_lite.srcs/constrs_1/imports/fpga/Cmod-S7-25-Master.xdc:228]
WARNING: [Vivado 12-508] No pins matched 'design_1_i/PFC_Van_3ph_0/inst/u_HDL_Subsystem/u_Sparse_Matrix_Vector_Product3/u_dot_product_7/u_ShiftRegisterRAM_Wrapper/u_SimpleDualPortRAM_generic/ram_reg_0_7_96_101/RAMB_D1/I'. [C:/Users/Angel/Desktop/hil/pfc3ph/vivado_lite/pfc_3ph_lite.srcs/constrs_1/imports/fpga/Cmod-S7-25-Master.xdc:229]
WARNING: [Vivado 12-508] No pins matched 'design_1_i/PFC_Van_3ph_0/inst/u_HDL_Subsystem/u_Sparse_Matrix_Vector_Product3/u_dot_product_7/u_ShiftRegisterRAM_Wrapper/u_SimpleDualPortRAM_generic/ram_reg_0_7_90_95/RAMB_D1/I'. [C:/Users/Angel/Desktop/hil/pfc3ph/vivado_lite/pfc_3ph_lite.srcs/constrs_1/imports/fpga/Cmod-S7-25-Master.xdc:230]
WARNING: [Vivado 12-508] No pins matched 'design_1_i/PFC_Van_3ph_0/inst/u_HDL_Subsystem/u_Sparse_Matrix_Vector_Product3/u_dot_product_7/u_ShiftRegisterRAM_Wrapper_1/u_SimpleDualPortRAM_generic/ram_reg_0_7_30_35/RAMA/WADR2'. [C:/Users/Angel/Desktop/hil/pfc3ph/vivado_lite/pfc_3ph_lite.srcs/constrs_1/imports/fpga/Cmod-S7-25-Master.xdc:231]
WARNING: [Vivado 12-508] No pins matched 'design_1_i/PFC_Van_3ph_0/inst/u_HDL_Subsystem/u_Sparse_Matrix_Vector_Product3/u_dot_product_7/u_ShiftRegisterRAM_Wrapper_1/u_SimpleDualPortRAM_generic/ram_reg_0_7_30_35/RAMA_D1/WADR2'. [C:/Users/Angel/Desktop/hil/pfc3ph/vivado_lite/pfc_3ph_lite.srcs/constrs_1/imports/fpga/Cmod-S7-25-Master.xdc:232]
WARNING: [Vivado 12-508] No pins matched 'design_1_i/PFC_Van_3ph_0/inst/u_HDL_Subsystem/u_Sparse_Matrix_Vector_Product3/u_dot_product_7/u_ShiftRegisterRAM_Wrapper_1/u_SimpleDualPortRAM_generic/ram_reg_0_7_30_35/RAMB/WADR2'. [C:/Users/Angel/Desktop/hil/pfc3ph/vivado_lite/pfc_3ph_lite.srcs/constrs_1/imports/fpga/Cmod-S7-25-Master.xdc:233]
WARNING: [Vivado 12-508] No pins matched 'design_1_i/PFC_Van_3ph_0/inst/u_HDL_Subsystem/u_Sparse_Matrix_Vector_Product3/u_dot_product_7/u_ShiftRegisterRAM_Wrapper_1/u_SimpleDualPortRAM_generic/ram_reg_0_7_30_35/RAMB_D1/WADR2'. [C:/Users/Angel/Desktop/hil/pfc3ph/vivado_lite/pfc_3ph_lite.srcs/constrs_1/imports/fpga/Cmod-S7-25-Master.xdc:234]
WARNING: [Vivado 12-508] No pins matched 'design_1_i/PFC_Van_3ph_0/inst/u_HDL_Subsystem/u_Sparse_Matrix_Vector_Product3/u_dot_product_7/u_ShiftRegisterRAM_Wrapper_1/u_SimpleDualPortRAM_generic/ram_reg_0_7_30_35/RAMC/WADR2'. [C:/Users/Angel/Desktop/hil/pfc3ph/vivado_lite/pfc_3ph_lite.srcs/constrs_1/imports/fpga/Cmod-S7-25-Master.xdc:235]
WARNING: [Vivado 12-508] No pins matched 'design_1_i/PFC_Van_3ph_0/inst/u_HDL_Subsystem/u_Sparse_Matrix_Vector_Product3/u_dot_product_7/u_ShiftRegisterRAM_Wrapper_1/u_SimpleDualPortRAM_generic/ram_reg_0_7_30_35/RAMC_D1/WADR2'. [C:/Users/Angel/Desktop/hil/pfc3ph/vivado_lite/pfc_3ph_lite.srcs/constrs_1/imports/fpga/Cmod-S7-25-Master.xdc:236]
WARNING: [Vivado 12-508] No pins matched 'design_1_i/PFC_Van_3ph_0/inst/u_HDL_Subsystem/u_Sparse_Matrix_Vector_Product3/u_dot_product_7/u_ShiftRegisterRAM_Wrapper_1/u_SimpleDualPortRAM_generic/ram_reg_0_7_30_35/RAMD/ADR2'. [C:/Users/Angel/Desktop/hil/pfc3ph/vivado_lite/pfc_3ph_lite.srcs/constrs_1/imports/fpga/Cmod-S7-25-Master.xdc:237]
WARNING: [Vivado 12-508] No pins matched 'design_1_i/PFC_Van_3ph_0/inst/u_HDL_Subsystem/u_Sparse_Matrix_Vector_Product3/u_dot_product_7/u_ShiftRegisterRAM_Wrapper_1/u_SimpleDualPortRAM_generic/ram_reg_0_7_30_35/RAMD_D1/ADR2'. [C:/Users/Angel/Desktop/hil/pfc3ph/vivado_lite/pfc_3ph_lite.srcs/constrs_1/imports/fpga/Cmod-S7-25-Master.xdc:238]
WARNING: [Vivado 12-508] No pins matched 'design_1_i/clk_wiz/inst/mmcm_adv_inst/CLKOUT0'. [C:/Users/Angel/Desktop/hil/pfc3ph/vivado_lite/pfc_3ph_lite.srcs/constrs_1/imports/fpga/Cmod-S7-25-Master.xdc:239]
WARNING: [Vivado 12-508] No pins matched 'design_1_i/clk_wiz/inst/mmcm_adv_inst/CLKOUT0'. [C:/Users/Angel/Desktop/hil/pfc3ph/vivado_lite/pfc_3ph_lite.srcs/constrs_1/imports/fpga/Cmod-S7-25-Master.xdc:240]
WARNING: [Vivado 12-508] No pins matched 'design_1_i/clk_wiz/inst/mmcm_adv_inst/CLKOUT0'. [C:/Users/Angel/Desktop/hil/pfc3ph/vivado_lite/pfc_3ph_lite.srcs/constrs_1/imports/fpga/Cmod-S7-25-Master.xdc:241]
WARNING: [Vivado 12-508] No pins matched 'design_1_i/clk_wiz/inst/mmcm_adv_inst/CLKOUT0'. [C:/Users/Angel/Desktop/hil/pfc3ph/vivado_lite/pfc_3ph_lite.srcs/constrs_1/imports/fpga/Cmod-S7-25-Master.xdc:242]
WARNING: [Vivado 12-508] No pins matched 'design_1_i/clk_wiz/inst/mmcm_adv_inst/CLKOUT0'. [C:/Users/Angel/Desktop/hil/pfc3ph/vivado_lite/pfc_3ph_lite.srcs/constrs_1/imports/fpga/Cmod-S7-25-Master.xdc:243]
WARNING: [Vivado 12-508] No pins matched 'design_1_i/clk_wiz/inst/mmcm_adv_inst/CLKOUT0'. [C:/Users/Angel/Desktop/hil/pfc3ph/vivado_lite/pfc_3ph_lite.srcs/constrs_1/imports/fpga/Cmod-S7-25-Master.xdc:244]
WARNING: [Vivado 12-508] No pins matched 'design_1_i/clk_wiz/inst/mmcm_adv_inst/CLKOUT0'. [C:/Users/Angel/Desktop/hil/pfc3ph/vivado_lite/pfc_3ph_lite.srcs/constrs_1/imports/fpga/Cmod-S7-25-Master.xdc:245]
WARNING: [Vivado 12-508] No pins matched 'design_1_i/clk_wiz/inst/mmcm_adv_inst/CLKOUT0'. [C:/Users/Angel/Desktop/hil/pfc3ph/vivado_lite/pfc_3ph_lite.srcs/constrs_1/imports/fpga/Cmod-S7-25-Master.xdc:246]
WARNING: [Vivado 12-508] No pins matched 'design_1_i/clk_wiz/inst/mmcm_adv_inst/CLKOUT0'. [C:/Users/Angel/Desktop/hil/pfc3ph/vivado_lite/pfc_3ph_lite.srcs/constrs_1/imports/fpga/Cmod-S7-25-Master.xdc:247]
WARNING: [Vivado 12-508] No pins matched 'design_1_i/clk_wiz/inst/mmcm_adv_inst/CLKOUT0'. [C:/Users/Angel/Desktop/hil/pfc3ph/vivado_lite/pfc_3ph_lite.srcs/constrs_1/imports/fpga/Cmod-S7-25-Master.xdc:248]
WARNING: [Vivado 12-508] No pins matched 'design_1_i/clk_wiz/inst/mmcm_adv_inst/CLKOUT2'. [C:/Users/Angel/Desktop/hil/pfc3ph/vivado_lite/pfc_3ph_lite.srcs/constrs_1/imports/fpga/Cmod-S7-25-Master.xdc:249]
WARNING: [Vivado 12-508] No pins matched 'design_1_i/clk_wiz/inst/mmcm_adv_inst/CLKOUT1'. [C:/Users/Angel/Desktop/hil/pfc3ph/vivado_lite/pfc_3ph_lite.srcs/constrs_1/imports/fpga/Cmod-S7-25-Master.xdc:250]
WARNING: [Vivado 12-508] No pins matched 'design_1_i/clk_wiz/inst/mmcm_adv_inst/CLKOUT1'. [C:/Users/Angel/Desktop/hil/pfc3ph/vivado_lite/pfc_3ph_lite.srcs/constrs_1/imports/fpga/Cmod-S7-25-Master.xdc:251]
WARNING: [Vivado 12-508] No pins matched 'design_1_i/clk_wiz/inst/mmcm_adv_inst/CLKOUT1'. [C:/Users/Angel/Desktop/hil/pfc3ph/vivado_lite/pfc_3ph_lite.srcs/constrs_1/imports/fpga/Cmod-S7-25-Master.xdc:252]
WARNING: [Vivado 12-508] No pins matched 'design_1_i/clk_wiz/inst/mmcm_adv_inst/CLKOUT1'. [C:/Users/Angel/Desktop/hil/pfc3ph/vivado_lite/pfc_3ph_lite.srcs/constrs_1/imports/fpga/Cmod-S7-25-Master.xdc:253]
WARNING: [Vivado 12-508] No pins matched 'design_1_i/clk_wiz/inst/mmcm_adv_inst/CLKOUT1'. [C:/Users/Angel/Desktop/hil/pfc3ph/vivado_lite/pfc_3ph_lite.srcs/constrs_1/imports/fpga/Cmod-S7-25-Master.xdc:254]
INFO: [Common 17-14] Message 'Vivado 12-508' appears 100 times and further instances of the messages will be disabled. Use the Tcl command set_msg_config to change the current settings. [C:/Users/Angel/Desktop/hil/pfc3ph/vivado_lite/pfc_3ph_lite.srcs/constrs_1/imports/fpga/Cmod-S7-25-Master.xdc:254]
Finished Parsing XDC File [C:/Users/Angel/Desktop/hil/pfc3ph/vivado_lite/pfc_3ph_lite.srcs/constrs_1/imports/fpga/Cmod-S7-25-Master.xdc]
WARNING: [Project 1-498] One or more constraints failed evaluation while reading constraint file [C:/Users/Angel/Desktop/hil/pfc3ph/vivado_lite/pfc_3ph_lite.srcs/constrs_1/imports/fpga/Cmod-S7-25-Master.xdc] and the design contains unresolved black boxes. These constraints will be read post-synthesis (as long as their source constraint file is marked as used_in_implementation) and should be applied correctly then. You should review the constraints listed in the file [.Xil/design_1_wrapper_propImpl.xdc] and check the run log file to verify that these constraints were correctly applied.
INFO: [Project 1-236] Implementation specific constraints were found while reading constraint file [C:/Users/Angel/Desktop/hil/pfc3ph/vivado_lite/pfc_3ph_lite.srcs/constrs_1/imports/fpga/Cmod-S7-25-Master.xdc]. These constraints will be ignored for synthesis but will be used in implementation. Impacted constraints are listed in the file [.Xil/design_1_wrapper_propImpl.xdc].
Resolution: To avoid this warning, move constraints listed in [.Xil/design_1_wrapper_propImpl.xdc] to another XDC file and exclude this new file from synthesis with the used_in_synthesis property (File Properties dialog in GUI) and re-run elaboration/synthesis.
Parsing XDC File [C:/Users/Angel/Desktop/hil/pfc3ph/vivado_lite/pfc_3ph_lite.runs/synth_1/dont_touch.xdc]
Finished Parsing XDC File [C:/Users/Angel/Desktop/hil/pfc3ph/vivado_lite/pfc_3ph_lite.runs/synth_1/dont_touch.xdc]
Completed Processing XDC Constraints

Netlist sorting complete. Time (s): cpu = 00:00:00 ; elapsed = 00:00:00 . Memory (MB): peak = 1265.250 ; gain = 0.000
INFO: [Project 1-111] Unisim Transformation Summary:
No Unisim elements were transformed.

Constraint Validation Runtime : Time (s): cpu = 00:00:00 ; elapsed = 00:00:00.003 . Memory (MB): peak = 1265.250 ; gain = 0.000
---------------------------------------------------------------------------------
Finished Constraint Validation : Time (s): cpu = 00:00:07 ; elapsed = 00:00:08 . Memory (MB): peak = 1265.250 ; gain = 576.523
---------------------------------------------------------------------------------
---------------------------------------------------------------------------------
Start Loading Part and Timing Information
---------------------------------------------------------------------------------
Loading part: xc7s25csga225-1
---------------------------------------------------------------------------------
Finished Loading Part and Timing Information : Time (s): cpu = 00:00:07 ; elapsed = 00:00:08 . Memory (MB): peak = 1265.250 ; gain = 576.523
---------------------------------------------------------------------------------
---------------------------------------------------------------------------------
Start Applying 'set_property' XDC Constraints
---------------------------------------------------------------------------------
Applied set_property IO_BUFFER_TYPE = NONE for sys_clock. (constraint file  c:/Users/Angel/Desktop/hil/pfc3ph/vivado_lite/pfc_3ph_lite.gen/sources_1/bd/design_1/ip/design_1_clk_wiz_15/design_1_clk_wiz_15/design_1_clk_wiz_15_in_context.xdc, line 4).
Applied set_property CLOCK_BUFFER_TYPE = NONE for sys_clock. (constraint file  c:/Users/Angel/Desktop/hil/pfc3ph/vivado_lite/pfc_3ph_lite.gen/sources_1/bd/design_1/ip/design_1_clk_wiz_15/design_1_clk_wiz_15/design_1_clk_wiz_15_in_context.xdc, line 5).
Applied set_property KEEP_HIERARCHY = SOFT for design_1_i. (constraint file  auto generated constraint).
Applied set_property KEEP_HIERARCHY = SOFT for design_1_i/clk_wiz. (constraint file  auto generated constraint).
Applied set_property KEEP_HIERARCHY = SOFT for design_1_i/rst_clk_wiz_1_6M1. (constraint file  auto generated constraint).
Applied set_property KEEP_HIERARCHY = SOFT for design_1_i/amc_simulator_0. (constraint file  auto generated constraint).
Applied set_property KEEP_HIERARCHY = SOFT for design_1_i/MCP_DRIVER_0. (constraint file  auto generated constraint).
Applied set_property KEEP_HIERARCHY = SOFT for design_1_i/amc_simulator_1. (constraint file  auto generated constraint).
Applied set_property KEEP_HIERARCHY = SOFT for design_1_i/amc_simulator_2. (constraint file  auto generated constraint).
Applied set_property KEEP_HIERARCHY = SOFT for design_1_i/sine_3ph_0. (constraint file  auto generated constraint).
Applied set_property KEEP_HIERARCHY = SOFT for design_1_i/vio_0. (constraint file  auto generated constraint).
Applied set_property KEEP_HIERARCHY = SOFT for design_1_i/rst_clk_wiz_1_6M2. (constraint file  auto generated constraint).
Applied set_property KEEP_HIERARCHY = SOFT for design_1_i/c_addsub_0. (constraint file  auto generated constraint).
Applied set_property KEEP_HIERARCHY = SOFT for design_1_i/cero_0. (constraint file  auto generated constraint).
Applied set_property KEEP_HIERARCHY = SOFT for design_1_i/c_addsub_1. (constraint file  auto generated constraint).
Applied set_property KEEP_HIERARCHY = SOFT for design_1_i/c_addsub_2. (constraint file  auto generated constraint).
Applied set_property KEEP_HIERARCHY = SOFT for design_1_i/c_addsub_3. (constraint file  auto generated constraint).
Applied set_property KEEP_HIERARCHY = SOFT for design_1_i/c_addsub_4. (constraint file  auto generated constraint).
Applied set_property KEEP_HIERARCHY = SOFT for design_1_i/c_addsub_5. (constraint file  auto generated constraint).
Applied set_property KEEP_HIERARCHY = SOFT for design_1_i/ila_0. (constraint file  auto generated constraint).
Applied set_property KEEP_HIERARCHY = SOFT for design_1_i/PFC_Van_3ph_0. (constraint file  auto generated constraint).
---------------------------------------------------------------------------------
Finished applying 'set_property' XDC Constraints : Time (s): cpu = 00:00:07 ; elapsed = 00:00:08 . Memory (MB): peak = 1265.250 ; gain = 576.523
---------------------------------------------------------------------------------
---------------------------------------------------------------------------------
Finished RTL Optimization Phase 2 : Time (s): cpu = 00:00:07 ; elapsed = 00:00:08 . Memory (MB): peak = 1265.250 ; gain = 576.523
---------------------------------------------------------------------------------
---------------------------------------------------------------------------------
Start RTL Component Statistics 
---------------------------------------------------------------------------------
Detailed RTL Component Info : 
---------------------------------------------------------------------------------
Finished RTL Component Statistics 
---------------------------------------------------------------------------------
---------------------------------------------------------------------------------
Start Part Resource Summary
---------------------------------------------------------------------------------
Part Resources:
DSPs: 80 (col length:40)
BRAMs: 90 (col length: RAMB18 40 RAMB36 20)
---------------------------------------------------------------------------------
Finished Part Resource Summary
---------------------------------------------------------------------------------
---------------------------------------------------------------------------------
Start Cross Boundary and Area Optimization
---------------------------------------------------------------------------------
WARNING: [Synth 8-7080] Parallel synthesis criteria is not met
---------------------------------------------------------------------------------
Finished Cross Boundary and Area Optimization : Time (s): cpu = 00:00:08 ; elapsed = 00:00:09 . Memory (MB): peak = 1268.816 ; gain = 580.090
---------------------------------------------------------------------------------
---------------------------------------------------------------------------------
Start Applying XDC Timing Constraints
---------------------------------------------------------------------------------
---------------------------------------------------------------------------------
Finished Applying XDC Timing Constraints : Time (s): cpu = 00:00:11 ; elapsed = 00:00:12 . Memory (MB): peak = 1438.793 ; gain = 750.066
---------------------------------------------------------------------------------
---------------------------------------------------------------------------------
Start Timing Optimization
---------------------------------------------------------------------------------
---------------------------------------------------------------------------------
Finished Timing Optimization : Time (s): cpu = 00:00:11 ; elapsed = 00:00:12 . Memory (MB): peak = 1439.055 ; gain = 750.328
---------------------------------------------------------------------------------
---------------------------------------------------------------------------------
Start Technology Mapping
---------------------------------------------------------------------------------
---------------------------------------------------------------------------------
Finished Technology Mapping : Time (s): cpu = 00:00:11 ; elapsed = 00:00:12 . Memory (MB): peak = 1449.098 ; gain = 760.371
---------------------------------------------------------------------------------
---------------------------------------------------------------------------------
Start IO Insertion
---------------------------------------------------------------------------------
---------------------------------------------------------------------------------
Start Flattening Before IO Insertion
---------------------------------------------------------------------------------
---------------------------------------------------------------------------------
Finished Flattening Before IO Insertion
---------------------------------------------------------------------------------
---------------------------------------------------------------------------------
Start Final Netlist Cleanup
---------------------------------------------------------------------------------
---------------------------------------------------------------------------------
Finished Final Netlist Cleanup
---------------------------------------------------------------------------------
---------------------------------------------------------------------------------
Finished IO Insertion : Time (s): cpu = 00:00:12 ; elapsed = 00:00:14 . Memory (MB): peak = 1665.461 ; gain = 976.734
---------------------------------------------------------------------------------
---------------------------------------------------------------------------------
Start Renaming Generated Instances
---------------------------------------------------------------------------------
---------------------------------------------------------------------------------
Finished Renaming Generated Instances : Time (s): cpu = 00:00:12 ; elapsed = 00:00:14 . Memory (MB): peak = 1665.461 ; gain = 976.734
---------------------------------------------------------------------------------
---------------------------------------------------------------------------------
Start Rebuilding User Hierarchy
---------------------------------------------------------------------------------
---------------------------------------------------------------------------------
Finished Rebuilding User Hierarchy : Time (s): cpu = 00:00:12 ; elapsed = 00:00:14 . Memory (MB): peak = 1665.461 ; gain = 976.734
---------------------------------------------------------------------------------
---------------------------------------------------------------------------------
Start Renaming Generated Ports
---------------------------------------------------------------------------------
---------------------------------------------------------------------------------
Finished Renaming Generated Ports : Time (s): cpu = 00:00:12 ; elapsed = 00:00:14 . Memory (MB): peak = 1665.461 ; gain = 976.734
---------------------------------------------------------------------------------
---------------------------------------------------------------------------------
Start Handling Custom Attributes
---------------------------------------------------------------------------------
---------------------------------------------------------------------------------
Finished Handling Custom Attributes : Time (s): cpu = 00:00:12 ; elapsed = 00:00:14 . Memory (MB): peak = 1665.461 ; gain = 976.734
---------------------------------------------------------------------------------
---------------------------------------------------------------------------------
Start Renaming Generated Nets
---------------------------------------------------------------------------------
---------------------------------------------------------------------------------
Finished Renaming Generated Nets : Time (s): cpu = 00:00:12 ; elapsed = 00:00:14 . Memory (MB): peak = 1665.461 ; gain = 976.734
---------------------------------------------------------------------------------
---------------------------------------------------------------------------------
Start Writing Synthesis Report
---------------------------------------------------------------------------------

Report BlackBoxes: 
+------+-----------------------------+----------+
|      |BlackBox name                |Instances |
+------+-----------------------------+----------+
|1     |design_1_MCP_DRIVER_0_0      |         1|
|2     |design_1_PFC_Van_3ph_0_0     |         1|
|3     |design_1_amc_simulator_0_0   |         1|
|4     |design_1_amc_simulator_0_1   |         1|
|5     |design_1_amc_simulator_1_0   |         1|
|6     |design_1_c_addsub_0_0        |         1|
|7     |design_1_c_addsub_0_1        |         1|
|8     |design_1_c_addsub_1_0        |         1|
|9     |design_1_c_addsub_2_0        |         1|
|10    |design_1_c_addsub_3_0        |         1|
|11    |design_1_c_addsub_4_0        |         1|
|12    |design_1_clk_wiz_15          |         1|
|13    |design_1_ila_0_0             |         1|
|14    |design_1_rst_clk_wiz_1_6M_2  |         1|
|15    |design_1_rst_clk_wiz_1_6M1_0 |         1|
|16    |design_1_sine_3ph_0_0        |         1|
|17    |design_1_vio_0_0             |         1|
+------+-----------------------------+----------+

Report Cell Usage: 
+------+---------------------------+------+
|      |Cell                       |Count |
+------+---------------------------+------+
|1     |design_1_MCP_DRIVER_0      |     1|
|2     |design_1_PFC_Van_3ph_0     |     1|
|3     |design_1_amc_simulator_0   |     2|
|5     |design_1_amc_simulator_1   |     1|
|6     |design_1_c_addsub_0        |     2|
|8     |design_1_c_addsub_1        |     1|
|9     |design_1_c_addsub_2        |     1|
|10    |design_1_c_addsub_3        |     1|
|11    |design_1_c_addsub_4        |     1|
|12    |design_1_clk_wiz           |     1|
|13    |design_1_ila_0             |     1|
|14    |design_1_rst_clk_wiz_1_6M1 |     1|
|15    |design_1_rst_clk_wiz_1_6M  |     1|
|16    |design_1_sine_3ph_0        |     1|
|17    |design_1_vio_0             |     1|
|18    |IBUF                       |     9|
|19    |OBUF                       |     9|
+------+---------------------------+------+
---------------------------------------------------------------------------------
Finished Writing Synthesis Report : Time (s): cpu = 00:00:12 ; elapsed = 00:00:14 . Memory (MB): peak = 1665.461 ; gain = 976.734
---------------------------------------------------------------------------------
Synthesis finished with 0 errors, 0 critical warnings and 1 warnings.
Synthesis Optimization Runtime : Time (s): cpu = 00:00:08 ; elapsed = 00:00:13 . Memory (MB): peak = 1665.461 ; gain = 976.734
Synthesis Optimization Complete : Time (s): cpu = 00:00:12 ; elapsed = 00:00:14 . Memory (MB): peak = 1665.461 ; gain = 976.734
INFO: [Project 1-571] Translating synthesized netlist
Netlist sorting complete. Time (s): cpu = 00:00:00 ; elapsed = 00:00:00.001 . Memory (MB): peak = 1665.461 ; gain = 0.000
INFO: [Project 1-570] Preparing netlist for logic optimization
INFO: [Opt 31-138] Pushed 0 inverter(s) to 0 load pin(s).
Netlist sorting complete. Time (s): cpu = 00:00:00 ; elapsed = 00:00:00 . Memory (MB): peak = 1665.461 ; gain = 0.000
INFO: [Project 1-111] Unisim Transformation Summary:
No Unisim elements were transformed.

Synth Design complete | Checksum: bbc162a2
INFO: [Common 17-83] Releasing license: Synthesis
76 Infos, 125 Warnings, 0 Critical Warnings and 0 Errors encountered.
synth_design completed successfully
synth_design: Time (s): cpu = 00:00:14 ; elapsed = 00:00:18 . Memory (MB): peak = 1665.461 ; gain = 1129.574
Write ShapeDB Complete: Time (s): cpu = 00:00:00 ; elapsed = 00:00:00 . Memory (MB): peak = 1665.461 ; gain = 0.000
INFO: [Common 17-1381] The checkpoint 'C:/Users/Angel/Desktop/hil/pfc3ph/vivado_lite/pfc_3ph_lite.runs/synth_1/design_1_wrapper.dcp' has been generated.
INFO: [Vivado 12-24828] Executing command : report_utilization -file design_1_wrapper_utilization_synth.rpt -pb design_1_wrapper_utilization_synth.pb
INFO: [Common 17-206] Exiting Vivado at Mon May 12 20:32:12 2025...
