#-----------------------------------------------------------
# Vivado v2024.1 (64-bit)
# SW Build 5076996 on Wed May 22 18:37:14 MDT 2024
# IP Build 5075265 on Wed May 22 21:45:21 MDT 2024
# SharedData Build 5076995 on Wed May 22 18:29:18 MDT 2024
# Start of session at: Fri Dec 27 11:51:44 2024
# Process ID: 20800
# Current directory: C:/Users/angro/Desktop/hil/pfc3ph/matlab/sim/hdl_prj2/vivado_prj
# Command line: vivado.exe -mode batch -notrace -source simscape_system_Xilinx_Vivado_run.tcl
# Log file: C:/Users/angro/Desktop/hil/pfc3ph/matlab/sim/hdl_prj2/vivado_prj/vivado.log
# Journal file: C:/Users/angro/Desktop/hil/pfc3ph/matlab/sim/hdl_prj2/vivado_prj\vivado.jou
# Running On        :Angel
# Platform          :Windows Server 2016 or Windows 10
# Operating System  :26100
# Processor Detail  :Intel(R) Core(TM) i5-9300H CPU @ 2.40GHz
# CPU Frequency     :2400 MHz
# CPU Physical cores:4
# CPU Logical cores :8
# Host memory       :8434 MB
# Swap memory       :19327 MB
# Total Virtual     :27762 MB
# Available Virtual :11484 MB
#-----------------------------------------------------------
source simscape_system_Xilinx_Vivado_run.tcl -notrace
### Create new Xilinx Vivado 2024.1 project <a href="matlab:downstream.handle('Model','HDL_pfc_gold_fi').openTargetTool;">hdl_prj2\vivado_prj\simscape_system_vivado.xpr</a>
create_project: Time (s): cpu = 00:00:07 ; elapsed = 00:00:08 . Memory (MB): peak = 485.250 ; gain = 202.492
### Set Xilinx Vivado 2024.1 project properties
### Update Xilinx Vivado 2024.1 project with HDL source files
WARNING: [Vivado 12-818] No files matched '*.tcl'
### Close Xilinx Vivado 2024.1 project.
INFO: [Common 17-206] Exiting Vivado at Fri Dec 27 11:51:59 2024...
