#-----------------------------------------------------------
# Vivado v2024.2 (64-bit)
# SW Build 5239630 on Fri Nov 08 22:35:27 MST 2024
# IP Build 5239520 on Sun Nov 10 16:12:51 MST 2024
# SharedData Build 5239561 on Fri Nov 08 14:39:27 MST 2024
# Start of session at: Thu May  1 20:00:33 2025
# Process ID         : 19568
# Current directory  : C:/Users/Angel/Desktop/hil/pfc3ph/matlab/sim/hdl_prj2/hdlsrc/HDL_pfc_gold_fi_og
# Command line       : vivado.exe -mode batch -source gm_HDL_pfc_gold_fi_og_vs.tcl
# Log file           : C:/Users/Angel/Desktop/hil/pfc3ph/matlab/sim/hdl_prj2/hdlsrc/HDL_pfc_gold_fi_og/vivado.log
# Journal file       : C:/Users/Angel/Desktop/hil/pfc3ph/matlab/sim/hdl_prj2/hdlsrc/HDL_pfc_gold_fi_og\vivado.jou
# Running On         : AngelPC
# Platform           : Windows Server 2016 or Windows 10
# Operating System   : 26100
# Processor Detail   : Intel(R) Core(TM) Ultra 7 265KF
# CPU Frequency      : 3878 MHz
# CPU Physical cores : 20
# CPU Logical cores  : 20
# Host memory        : 34042 MB
# Swap memory        : 2147 MB
# Total Virtual      : 36190 MB
# Available Virtual  : 6014 MB
#-----------------------------------------------------------
source gm_HDL_pfc_gold_fi_og_vs.tcl
# exec xvlog --work work simscape_system_tc.v SimpleDualPortRAM_generic.v ShiftRegisterRAM_Wrapper_generic.v FET_CTRL.v dot_product_9.v hNNewMatrixB.v dot_product_6.v hNNewMatrixA.v dot_product_7.v hNNewMatrixC.v dot_product_7_block.v hNNewMatrixD.v HDL_Subsystem.v real2uint8.v simscape_system.v 
# exec xelab simscape_system --timescale 1ps/1ps --override_timeunit --override_timeprecision -dll --snapshot design -debug wave 
# cd ../../../
# if {[file exists xsim.dir] == 1} {
#     set mtime [file mtime xsim.dir]
#     set mtimestamp [clock format $mtime -format %Y%m%d_%H%M%S]
#     set xsim_savefile "xsim.dir.$mtimestamp"
#     file rename xsim.dir $xsim_savefile
# }
# set proj_xsim_dir {hdl_prj2\hdlsrc\HDL_pfc_gold_fi_og/xsim.dir}
# set proj_mtime [file mtime "$proj_xsim_dir/design"]
# file copy -force $proj_xsim_dir .
# file mtime xsim.dir $proj_mtime
INFO: [Common 17-206] Exiting Vivado at Thu May  1 20:00:40 2025...
