Vivado Simulator v2024.2.0
Copyright 1986-2022 Xilinx, Inc. All Rights Reserved.
Copyright 2022-2024 Advanced Micro Devices, Inc. All Rights Reserved.
Running: C:\Xilinx\Vivado\2024.2\bin\unwrapped\win64.o\xelab.exe simscape_system --timescale 1ps/1ps --override_timeunit --override_timeprecision -dll --snapshot design -debug wave 
Multi-threading is on. Using 18 slave threads.
WARNING: [XSIM 43-3431] One or more environment variables have been detected which affect the operation of the C compiler. These are typically not set in standard installations and are not tested by AMD, however they may be appropriate for your system, so the flow will attempt to continue.  If errors occur, try running xelab with the "-mt off -v 1" switches to see more information from the C compiler. The following environment variables have been detected:
Starting static elaboration
Pass Through NonSizing Optimizer
Completed static elaboration
Starting simulation data flow analysis
Completed simulation data flow analysis
Time Resolution for simulation is 1ps
Compiling module work.simscape_system_tc
Compiling module work.SimpleDualPortRAM_generic(AddrWi...
Compiling module work.ShiftRegisterRAM_Wrapper_generic...
Compiling module work.SimpleDualPortRAM_generic(AddrWi...
Compiling module work.ShiftRegisterRAM_Wrapper_generic...
Compiling module work.FET_CTRL
Compiling module work.SimpleDualPortRAM_generic(AddrWi...
Compiling module work.ShiftRegisterRAM_Wrapper_generic...
Compiling module work.SimpleDualPortRAM_generic(AddrWi...
Compiling module work.ShiftRegisterRAM_Wrapper_generic...
Compiling module work.SimpleDualPortRAM_generic(AddrWi...
Compiling module work.ShiftRegisterRAM_Wrapper_generic...
Compiling module work.SimpleDualPortRAM_generic(AddrWi...
Compiling module work.ShiftRegisterRAM_Wrapper_generic...
Compiling module work.dot_product_7_block
Compiling module work.hNNewMatrixD
Compiling module work.SimpleDualPortRAM_generic(AddrWi...
Compiling module work.ShiftRegisterRAM_Wrapper_generic...
Compiling module work.dot_product_9
Compiling module work.hNNewMatrixB
Compiling module work.SimpleDualPortRAM_generic(AddrWi...
Compiling module work.ShiftRegisterRAM_Wrapper_generic...
Compiling module work.dot_product_6
Compiling module work.hNNewMatrixA
Compiling module work.dot_product_7
Compiling module work.hNNewMatrixC
Compiling module work.HDL_Subsystem
Compiling module work.real2uint8
Compiling module work.simscape_system
Built XSI simulation shared library xsim.dir/design/xsimk.dll
